Log file open, 08/01/17 16:43:37
LogInit:Display: Running engine for game: PreSaleFrameWork
LogPlatformFile: Not using cached read wrapper
LogInit:Display: RandInit(-78582283) SRandInit(-78582282).
LogTaskGraph: Started task graph with 5 named threads and 16 total threads with 1 sets of task threads.
LogStats: Stats thread started at 0.179373
LogInit: Using libcurl 7.47.1
LogInit:  - built for x86_64-pc-win32
LogInit:  - supports SSL with OpenSSL/1.0.2g
LogInit:  - supports HTTP deflate (compression) using libz 1.2.8
LogInit:  - other features:
LogInit:      CURL_VERSION_SSL
LogInit:      CURL_VERSION_LIBZ
LogInit:      CURL_VERSION_IPV6
LogInit:      CURL_VERSION_ASYNCHDNS
LogInit:      CURL_VERSION_LARGEFILE
LogInit:      CURL_VERSION_IDN
LogInit:  CurlRequestOptions (configurable via config and command line):
LogInit:  - bVerifyPeer = false  - Libcurl will NOT verify peer certificate
LogInit:  - bUseHttpProxy = false  - Libcurl will NOT use HTTP proxy
LogInit:  - bDontReuseConnections = false  - Libcurl will reuse connections
LogInit:  - CertBundlePath = nullptr  - Libcurl will use whatever was configured at build time.
LogInit: Build: ++UE4+Release-4.16-CL-3561208
LogInit: Engine Version: 4.16.3-3561208+++UE4+Release-4.16
LogInit: Compatible Engine Version: 4.16.0-3452394+++UE4+Release-4.16
LogInit: Net CL: 3452394
LogDevObjectVersion: Number of dev versions registered: 16
LogDevObjectVersion:   Dev-Blueprints (B0D832E4-1F89-4F0D-ACCF-7EB736FD4AA2): 9
LogDevObjectVersion:   Dev-Build (E1C64328-A22C-4D53-A36C-8E866417BD8C): 0
LogDevObjectVersion:   Dev-Core (375EC13C-06E4-48FB-B500-84F0262A717E): 2
LogDevObjectVersion:   Dev-Editor (E4B068ED-F494-42E9-A231-DA0B2E46BB41): 17
LogDevObjectVersion:   Dev-Framework (CFFC743F-43B0-4480-9391-14DF171D2073): 23
LogDevObjectVersion:   Dev-Mobile (B02B49B5-BB20-44E9-A304-32B752E40360): 0
LogDevObjectVersion:   Dev-Networking (A4E4105C-59A1-49B5-A7C5-40C4547EDFEE): 0
LogDevObjectVersion:   Dev-Online (39C831C9-5AE6-47DC-9A44-9C173E1C8E7C): 0
LogDevObjectVersion:   Dev-Physics (78F01B33-EBEA-4F98-B9B4-84EACCB95AA2): 0
LogDevObjectVersion:   Dev-Platform (6631380F-2D4D-43E0-8009-CF276956A95A): 0
LogDevObjectVersion:   Dev-Rendering (12F88B9F-8875-4AFC-A67C-D90C383ABD29): 15
LogDevObjectVersion:   Dev-Sequencer (7B5AE74C-D270-4C10-A958-57980B212A5A): 4
LogDevObjectVersion:   Dev-VR (D7296918-1DD6-4BDD-9DE2-64A83CC13884): 0
LogDevObjectVersion:   Dev-LoadTimes (C2A15278-BFE7-4AFE-6C17-90FF531DF755): 1
LogDevObjectVersion:   Private-Geometry (6EACA3D4-40EC-4CC1-B786-8BED09428FC5): 1
LogDevObjectVersion:   Dev-AnimPhys (29E575DD-E0A3-4627-9D10-D276232CDCEA): 3
LogInit: Compiled (64-bit): Jul 28 2017 11:49:47
LogInit: Compiled with Visual C++: 19.00.24215.01
LogInit: Build Configuration: Development
LogInit: Branch Name: ++UE4+Release-4.16
LogInit: Command line:  
LogInit: Base directory: C:/Program Files/Epic Games/UE_4.16/Engine/Binaries/Win64/
LogInit: Installed Engine Build: 1
LogInit: Presizing for max 8388607 objects, including 0 objects not considered by GC, pre-allocating 0 bytes for permanent pool.
LogInit: Object subsystem initialized
[2017.08.01-11.13.37:836][  0]LogInit: Selected Device Profile: [Windows]
[2017.08.01-11.13.37:836][  0]LogInit: Applying CVar settings loaded from the selected device profile: [Windows]
[2017.08.01-11.13.37:852][  0]LogInit: Computer: INTEL-PC
[2017.08.01-11.13.37:852][  0]LogInit: User: Intel
[2017.08.01-11.13.37:852][  0]LogInit: CPU Page size=4096, Cores=12
[2017.08.01-11.13.37:852][  0]LogInit: High frequency timer resolution =2.864814 MHz
[2017.08.01-11.13.37:853][  0]LogMemory: Memory total: Physical=32.0GB (32GB approx)
[2017.08.01-11.13.37:853][  0]LogMemory: Platform Memory Stats for Windows
[2017.08.01-11.13.37:853][  0]LogMemory: Process Physical Memory: 281.18 MB used, 281.18 MB peak
[2017.08.01-11.13.37:853][  0]LogMemory: Process Virtual Memory: 274.73 MB used, 274.73 MB peak
[2017.08.01-11.13.37:853][  0]LogMemory: Physical Memory: 10068.59 MB used,  22697.64 MB free, 32766.23 MB total
[2017.08.01-11.13.37:853][  0]LogMemory: Virtual Memory: 637.51 MB used,  22697.64 MB free, 8388608.00 MB total
[2017.08.01-11.13.37:978][  0]LogInit: Using OS detected language (en-US).
[2017.08.01-11.13.37:978][  0]LogInit: Using OS detected locale (en-US).
[2017.08.01-11.13.37:982][  0]LogTextLocalizationManager: No specific localization for 'en-US' exists, so the 'en' localization will be used.
[2017.08.01-11.13.39:097][  0]LogD3D11RHI: D3D11 adapters:
[2017.08.01-11.13.40:025][  0]LogD3D11RHI:    0. 'NVIDIA GeForce GTX 960' (Feature Level 11_0)
[2017.08.01-11.13.40:025][  0]LogD3D11RHI:       4011/0/16127 MB DedicatedVideo/DedicatedSystem/SharedSystem, Outputs:1, VendorId:0x10de
[2017.08.01-11.13.40:025][  0]LogD3D11RHI: Chosen D3D11 Adapter: 0
[2017.08.01-11.13.40:037][  0]LogD3D11RHI: Creating new Direct3DDevice
[2017.08.01-11.13.40:037][  0]LogD3D11RHI:     GPU DeviceId: 0x1401 (for the marketing name, search the web for "GPU Device Id")
[2017.08.01-11.13.40:037][  0]LogWindows: EnumDisplayDevices:
[2017.08.01-11.13.40:038][  0]LogWindows:    0. 'NVIDIA GeForce GTX 960' (P:1 D:1)
[2017.08.01-11.13.40:038][  0]LogWindows:    1. 'NVIDIA GeForce GTX 960' (P:0 D:0)
[2017.08.01-11.13.40:038][  0]LogWindows:    2. 'NVIDIA GeForce GTX 960' (P:0 D:0)
[2017.08.01-11.13.40:038][  0]LogWindows:    3. 'NVIDIA GeForce GTX 960' (P:0 D:0)
[2017.08.01-11.13.40:038][  0]LogWindows:    4. 'RDPDD Chained DD' (P:0 D:0)
[2017.08.01-11.13.40:038][  0]LogWindows:    5. 'RDP Encoder Mirror Driver' (P:0 D:0)
[2017.08.01-11.13.40:038][  0]LogWindows:    6. 'RDP Reflector Display Driver' (P:0 D:0)
[2017.08.01-11.13.40:039][  0]LogWindows: DebugString: GetVideoDriverDetailsInvalid PrimaryIsNotTheChoosenAdapter GetVideoDriverDetailsInvalid PrimaryIsNotTheChoosenAdapter GetVideoDriverDetailsInvalid PrimaryIsNotTheChoosenAdapter FoundDriverCount:4 
[2017.08.01-11.13.40:039][  0]LogD3D11RHI:     Adapter Name: NVIDIA GeForce GTX 960
[2017.08.01-11.13.40:039][  0]LogD3D11RHI:   Driver Version: 384.94 (internal:22.21.13.8494, unified:384.94)
[2017.08.01-11.13.40:039][  0]LogD3D11RHI:      Driver Date: 7-18-2017
[2017.08.01-11.13.40:039][  0]LogRHI: Texture pool is 1361 MB (70% of 1945 MB)
[2017.08.01-11.13.40:241][  0]LogD3D11RHI: Async texture creation enabled
[2017.08.01-11.13.40:269][  0]LogD3D11RHI: GPU Timing Frequency: 1000.000000 (Debug: 2 2)
[2017.08.01-11.13.40:319][  0]LogShaderCompilers: Guid format shader working directory is 12 characters bigger than the processId version (E:/UnrealProjects/PreSaleFrameWork/Intermediate/Shaders/WorkingDirectory/5724/).
[2017.08.01-11.13.40:319][  0]LogShaderCompilers: Cleaned the shader compiler working directory 'C:/Users/Intel/AppData/Local/Temp/UnrealShaderWorkingDir/6BD0C2884C17EC8C08AB3E9DFFD30E12/'.
[2017.08.01-11.13.40:319][  0]LogShaderCompilers:Display: Using Local Shader Compiler.
[2017.08.01-11.13.41:761][  0]LogTemp:Display: Loaded TP AllDesktopTargetPlatform
[2017.08.01-11.13.41:865][  0]LogTemp:Display: Loaded TP MacClientTargetPlatform
[2017.08.01-11.13.41:968][  0]LogTemp:Display: Loaded TP MacNoEditorTargetPlatform
[2017.08.01-11.13.42:057][  0]LogTemp:Display: Loaded TP MacServerTargetPlatform
[2017.08.01-11.13.42:148][  0]LogTemp:Display: Loaded TP MacTargetPlatform
[2017.08.01-11.13.42:240][  0]LogTemp:Display: Loaded TP WindowsClientTargetPlatform
[2017.08.01-11.13.42:329][  0]LogTemp:Display: Loaded TP WindowsNoEditorTargetPlatform
[2017.08.01-11.13.42:416][  0]LogTemp:Display: Loaded TP WindowsServerTargetPlatform
[2017.08.01-11.13.42:495][  0]LogTemp:Display: Loaded TP WindowsTargetPlatform
[2017.08.01-11.13.42:582][  0]LogTemp:Display: Loaded TP AndroidTargetPlatform
[2017.08.01-11.13.42:668][  0]LogTemp:Display: Loaded TP Android_ASTCTargetPlatform
[2017.08.01-11.13.42:754][  0]LogTemp:Display: Loaded TP Android_ATCTargetPlatform
[2017.08.01-11.13.42:842][  0]LogTemp:Display: Loaded TP Android_DXTTargetPlatform
[2017.08.01-11.13.42:928][  0]LogTemp:Display: Loaded TP Android_ETC1TargetPlatform
[2017.08.01-11.13.43:016][  0]LogTemp:Display: Loaded TP Android_ETC2TargetPlatform
[2017.08.01-11.13.43:214][  0]LogTemp:Display: Loaded TP Android_MultiTargetPlatform
[2017.08.01-11.13.43:214][  0]LogTemp:Display: Loaded TP Android_PVRTCTargetPlatform
[2017.08.01-11.13.43:286][  0]LogTemp:Display: Loaded TP HTML5TargetPlatform
[2017.08.01-11.13.43:432][  0]LogTemp:Display: Loaded TP IOSTargetPlatform
[2017.08.01-11.13.43:488][  0]LogTemp:Display: Loaded TP TVOSTargetPlatform
[2017.08.01-11.13.43:576][  0]LogTemp:Display: Loaded TP LinuxClientTargetPlatform
[2017.08.01-11.13.43:661][  0]LogTemp:Display: Loaded TP LinuxNoEditorTargetPlatform
[2017.08.01-11.13.43:747][  0]LogTemp:Display: Loaded TP LinuxServerTargetPlatform
[2017.08.01-11.13.43:836][  0]LogTemp:Display: Loaded TP LinuxTargetPlatform
[2017.08.01-11.13.43:836][  0]LogTargetPlatformManager:Display: Building Assets For Windows
[2017.08.01-11.13.44:663][  0]LogDerivedDataCache:Display: Max Cache Size: 512 MB
[2017.08.01-11.13.44:798][  0]LogDerivedDataCache: Loaded boot cache 0.14s 90MB C:/Users/Intel/AppData/Local/UnrealEngine/4.16/DerivedDataCache/Boot.ddc.
[2017.08.01-11.13.44:798][  0]LogDerivedDataCache:Display: Loaded Boot cache: C:/Users/Intel/AppData/Local/UnrealEngine/4.16/DerivedDataCache/Boot.ddc
[2017.08.01-11.13.44:798][  0]LogDerivedDataCache: FDerivedDataBackendGraph:  Pak pak cache file E:/UnrealProjects/PreSaleFrameWork/DerivedDataCache/DDC.ddp not found, will not use a pak cache.
[2017.08.01-11.13.44:798][  0]LogDerivedDataCache: Unable to find inner node Pak for hierarchical cache Hierarchy.
[2017.08.01-11.13.44:798][  0]LogDerivedDataCache: FDerivedDataBackendGraph:  CompressedPak pak cache file E:/UnrealProjects/PreSaleFrameWork/DerivedDataCache/Compressed.ddp not found, will not use a pak cache.
[2017.08.01-11.13.44:798][  0]LogDerivedDataCache: Unable to find inner node CompressedPak for hierarchical cache Hierarchy.
[2017.08.01-11.13.44:822][  0]LogDerivedDataCache:Display: Pak cache opened for reading ../../../Engine/DerivedDataCache/Compressed.ddp.
[2017.08.01-11.13.44:838][  0]LogDerivedDataCache: Using Local data cache path C:/Users/Intel/AppData/Local/UnrealEngine/Common/DerivedDataCache: Writable
[2017.08.01-11.13.44:853][  0]LogMaterial: Verifying Global Shaders for PCD3D_SM5
[2017.08.01-11.13.44:853][  0]LogSlate: Using Freetype 2.6.0
[2017.08.01-11.13.44:854][  0]LogSlate: SlateFontCache - WITH_FREETYPE: 1, WITH_HARFBUZZ: 1
[2017.08.01-11.13.44:854][  0]LogSlate: SlateFontCache - WITH_FREETYPE: 1, WITH_HARFBUZZ: 1
[2017.08.01-11.13.45:450][  0]LogInit: Selected Device Profile: [Windows]
[2017.08.01-11.13.45:457][  0]LogContentStreaming: Texture pool size is 0.00 MB
[2017.08.01-11.13.45:816][  0]LogMeshUtilities: Using QuadricMeshReduction for automatic static mesh reduction
[2017.08.01-11.13.45:894][  0]LogSimplygon: Simplygon DLL not present - disabling.
[2017.08.01-11.13.45:975][  0]LogMeshUtilities: Using SimplygonSwarm for distributed automatic mesh merging
[2017.08.01-11.13.45:975][  0]LogMeshUtilities: No automatic skeletal mesh reduction module available
[2017.08.01-11.13.45:975][  0]LogMeshUtilities: No automatic mesh merging module available
[2017.08.01-11.13.46:742][  0]LogNetVersion: PreSaleFrameWork , NetCL: 3452394, EngineNetVer: 2, GameNetVer: 0 (Checksum: 3825140976)
[2017.08.01-11.13.46:823][  0]LogAssetRegistry: FAssetRegistry took 0.0255 seconds to start up
[2017.08.01-11.13.46:920][  0]LogPackageLocalizationCache: Processed 4 localized package path(s) for 2 prioritized culture(s) in 0.059416 seconds
[2017.08.01-11.13.46:926][  0]LogUObjectArray: 34194 objects as part of root set at end of initial load.
[2017.08.01-11.13.46:926][  0]LogUObjectAllocator: 7260424 out of 0 bytes used by permanent object pool.
[2017.08.01-11.13.46:926][  0]LogUObjectArray: CloseDisregardForGC: 0/0 objects in disregard for GC pool
[2017.08.01-11.13.47:033][  0]LogInit: WinSock: version 1.1 (2.2), MaxSocks=32767, MaxUdp=65467
[2017.08.01-11.13.51:202][  0]LogTcpMessaging: Initializing TcpMessaging bridge
[2017.08.01-11.13.51:258][  0]LogUdpMessaging: Initializing bridge on interface 0.0.0.0:0 to multicast group 230.0.0.1:6666.
[2017.08.01-11.13.52:151][  0]LogMaterial: Uniform references updated for custom material expression Custom.
[2017.08.01-11.13.52:857][  0]SourceControl: Info Source control is disabled
[2017.08.01-11.13.52:915][  0]SourceControl: Info Source control is disabled
[2017.08.01-11.13.53:013][  0]SourceControl: Info Source control is disabled
[2017.08.01-11.13.53:110][  0]SourceControl: Info Source control is disabled
[2017.08.01-11.13.54:794][  0]LogAndroidPermission: UAndroidPermissionCallbackProxy::GetInstance
[2017.08.01-11.13.55:319][  0]LogAnsel: Tried to load ../../../Engine/Plugins/Runtime/Nvidia/Ansel/Binaries/ThirdParty/AnselSDK64.dll : success=1
[2017.08.01-11.13.56:164][  0]LogEngine: Initializing Engine...
[2017.08.01-11.13.56:164][  0]LogHMD: Failed to initialize OpenVR with code 110
[2017.08.01-11.13.56:518][  0]LogStats: UGameplayTagsManager::ConstructGameplayTagTree: Construct from data asset -  0.000 s
[2017.08.01-11.13.56:518][  0]LogStats: UGameplayTagsManager::ConstructGameplayTagTree: GameplayTagTreeChangedEvent.Broadcast -  0.000 s
[2017.08.01-11.13.56:811][  0]LogAIModule: Creating AISystem for world Untitled
[2017.08.01-11.13.56:824][  0]LogInit: XAudio2 using 'DELL S2415H-4 (NVIDIA High Definition Audio)' : 2 channels at 48 kHz using 16 bits per sample (channel mask 0x3)
[2017.08.01-11.13.56:838][  0]LogInit: FAudioDevice initialized.
[2017.08.01-11.13.56:896][  0]LogDerivedDataCache: Saved boot cache 0.06s 90MB C:/Users/Intel/AppData/Local/UnrealEngine/4.16/DerivedDataCache/Boot.ddc.
[2017.08.01-11.13.56:918][  0]LogInit: Texture streaming: Enabled
[2017.08.01-11.13.57:104][  0]LogEngineSessionManager: EngineSessionManager initialized
[2017.08.01-11.13.57:625][  0]LogInit: Transaction tracking system initialized
[2017.08.01-11.13.58:316][  0]BlueprintLog: New page: Editor Load
[2017.08.01-11.14.01:588][  0]LocalizationService: Info Localization service is disabled
[2017.08.01-11.14.03:218][  0]LogConsoleResponse:Display: 
[2017.08.01-11.14.03:431][  0]LogCook:Display: Max memory allowance for cook 16384mb min free memory 0mb
[2017.08.01-11.14.03:431][  0]LogCook:Display: Mobile HDR setting 1
[2017.08.01-11.14.04:202][  0]LogFileCache: Scanning file cache for directory 'E:/UnrealProjects/PreSaleFrameWork/Content/' took 0.01s
[2017.08.01-11.14.05:509][  0]SourceControl: Info Source control is disabled
[2017.08.01-11.14.05:509][  0]Cmd: MAP LOAD FILE="E:/UnrealProjects/PreSaleFrameWork/Content/Walkthrough.umap" TEMPLATE=0 SHOWPROGRESS=1 FEATURELEVEL=3
[2017.08.01-11.14.05:510][  0]LightingResults: New page: Lighting Build
[2017.08.01-11.14.05:604][  0]MapCheck: New page: Map Check
[2017.08.01-11.14.05:604][  0]LightingResults: New page: Lighting Build
[2017.08.01-11.14.06:084][  0]LogAIModule: Creating AISystem for world Walkthrough
[2017.08.01-11.14.06:090][  0]LogEditorServer: Finished looking for orphan Actors (0.000 secs)
[2017.08.01-11.14.06:114][  0]Cmd: MAP CHECKDEP NOCLEARLOG
[2017.08.01-11.14.06:200][  0]MapCheck: Info Map check complete: 0 Error(s), 0 Warning(s), took 84.841ms to complete.
[2017.08.01-11.14.06:200][  0]LogFileHelpers: Loading map 'Walkthrough' took 0.690
[2017.08.01-11.14.06:372][  0]LogCollectionManager: Loaded 0 collections in 0.002459 seconds
[2017.08.01-11.14.06:490][  0]LogFileCache: Scanning file cache for directory 'E:/UnrealProjects/PreSaleFrameWork/Saved/Collections/' took 0.01s
[2017.08.01-11.14.06:490][  0]LogFileCache: Scanning file cache for directory 'E:/UnrealProjects/PreSaleFrameWork/Content/Developers/Intel/Collections/' took 0.01s
[2017.08.01-11.14.06:490][  0]LogFileCache: Scanning file cache for directory 'E:/UnrealProjects/PreSaleFrameWork/Content/Collections/' took 0.01s
[2017.08.01-11.14.06:490][  0]LogCollectionManager: Rebuilt the GUID cache for 0 collections in 0.000002 seconds
[2017.08.01-11.14.06:508][  0]LogContentBrowser: Native class hierarchy populated in 0.0176 seconds. Added 2329 classes and 491 folders.
[2017.08.01-11.14.06:639][  0]LogContentBrowser: Native class hierarchy updated for 'WidgetCarousel' in 0.0008 seconds. Added 0 classes and 0 folders.
[2017.08.01-11.14.06:694][  0]LogContentBrowser: Native class hierarchy updated for 'AddContentDialog' in 0.0007 seconds. Added 0 classes and 0 folders.
[2017.08.01-11.14.06:793][  0]LogContentBrowser: Native class hierarchy updated for 'SceneOutliner' in 0.0007 seconds. Added 1 classes and 2 folders.
[2017.08.01-11.14.06:923][  0]LogCrashTracker: Crashtracker disabled due to settings.
[2017.08.01-11.14.08:389][  0]LogSlate: Only BGRA pngs, bmps or icos are supported in by External Image Picker
[2017.08.01-11.14.08:422][  0]LogTemp: Executing iPhonePackager certificates Engine -bundlename com.YourCompany.PreSaleFrameWork
[2017.08.01-11.14.08:422][  0]LogTemp: CWD: C:\Program Files\Epic Games\UE_4.16\Engine\Binaries\DotNET\IOS
[2017.08.01-11.14.08:422][  0]LogTemp: Initial Dir: C:\Program Files\Epic Games\UE_4.16
[2017.08.01-11.14.08:422][  0]LogTemp: Env CWD: C:\Program Files\Epic Games\UE_4.16\Engine\Binaries\DotNET\IOS
[2017.08.01-11.14.08:422][  0]LogTemp: BranchPath = INTEL-PC/C/Program Files/Epic Games/UE_4.16/Engine/Binaries --- GameBranchPath = INTEL-PC/C/Program Files/Epic Games/UE_4.16/Engine/Binaries
[2017.08.01-11.14.08:422][  0]LogSlate: Took 0.000224 seconds to synchronously load lazily loaded font '../../../Engine/Content/Slate/Fonts/Roboto-Regular.ttf' (155K)
[2017.08.01-11.14.08:429][  0]LogTemp: IPP ERROR: Could not find provision directory 'C:\Users\Intel\AppData\Local/Apple Computer/MobileDevice/Provisioning Profiles/'.
[2017.08.01-11.14.08:429][  0]LogSlate: Took 0.000808 seconds to synchronously load lazily loaded font '../../../Engine/Content/Slate/Fonts/Roboto-Bold.ttf' (160K)
[2017.08.01-11.14.08:439][  0]LogSlate: Took 0.000219 seconds to synchronously load lazily loaded font '../../../Engine/Content/Editor/Slate/Fonts/FontAwesome.ttf' (139K)
[2017.08.01-11.14.08:579][  0]LogRenderer: Reallocating scene render targets to support 1208x516 NumSamples 1 (Frame:1).
[2017.08.01-11.14.08:634][  0]LogSlate: Took 0.000213 seconds to synchronously load lazily loaded font '../../../Engine/Content/Slate/Fonts/Roboto-Light.ttf' (159K)
[2017.08.01-11.14.08:719][  0]LogUObjectGlobals:Warning: Failed to find object 'Class None.'
[2017.08.01-11.14.08:825][  0]LogContentBrowser: Native class hierarchy updated for 'HierarchicalLODOutliner' in 0.0013 seconds. Added 1 classes and 2 folders.
[2017.08.01-11.14.08:825][  0]LogLoad: (Engine Initialization) Total time: 33.31 seconds
[2017.08.01-11.14.08:825][  0]LogLoad: (Engine Initialization) Total Blueprint compile time: 0.21 seconds
[2017.08.01-11.14.08:825][  0]LogExternalProfiler: Found external profiler: VSPerf
[2017.08.01-11.14.08:825][  0]LogExternalProfiler: Using external profiler: VSPerf
[2017.08.01-11.14.09:164][  0]LogOcInput: OculusInput pre-init called
[2017.08.01-11.14.09:164][  0]LogHMD: Starting GearVRController plugin
[2017.08.01-11.14.09:192][  0]LogContentStreaming: Texture pool size now 1000 MB
[2017.08.01-11.14.09:313][  1]LogRenderer: Reallocating scene render targets to support 1208x532 NumSamples 1 (Frame:2).
[2017.08.01-11.14.09:514][  1]LogAssetRegistry: Asset discovery search completed in 22.7094 seconds
[2017.08.01-11.14.09:516][  1]LogCollectionManager: Rebuilt the object cache for 0 collections in 0.000001 seconds (found 0 objects)
[2017.08.01-11.14.09:516][  1]LogCollectionManager: Fixed up redirectors for 0 collections in 0.000033 seconds (updated 0 objects)
[2017.08.01-11.14.10:168][  3]LogSlate: Took 0.000279 seconds to synchronously load lazily loaded font '../../../Engine/Content/Slate/Fonts/Roboto-Light.ttf' (159K)
[2017.08.01-11.31.09:263][955]LogSlate: Took 0.001193 seconds to synchronously load lazily loaded font '../../../Engine/Content/Slate/Fonts/Roboto-Light.ttf' (159K)
[2017.08.01-11.31.10:086][955]LogSlate: Took 0.000898 seconds to synchronously load lazily loaded font '../../../Engine/Content/Slate/Fonts/Roboto-Regular.ttf' (155K)
[2017.08.01-11.31.10:571][955]LogContentBrowser: Native class hierarchy updated for 'BlueprintGraph' in 0.0023 seconds. Added 112 classes and 0 folders.
[2017.08.01-11.31.12:761][955]LogSlate: Took 0.001438 seconds to synchronously load lazily loaded font '../../../Engine/Content/Editor/Slate/Fonts/Roboto-BoldCondensed.ttf' (158K)
[2017.08.01-11.31.14:447][ 35]LogSlate: Took 0.001179 seconds to synchronously load lazily loaded font '../../../Engine/Content/Editor/Slate/Fonts/Roboto-Italic.ttf' (157K)
[2017.08.01-11.31.21:064][323]BlueprintLog: New page: Compile Lamp_Light
[2017.08.01-11.31.21:420][323]Cmd: OBJ SAVEPACKAGE PACKAGE="/Game/DragAndDrop/Lights/Lamp_Light" FILE="E:/UnrealProjects/PreSaleFrameWork/Content/DragAndDrop/Lights/Lamp_Light.uasset" SILENT=true
[2017.08.01-11.31.21:443][323]LogSavePackage: Save=17.03ms
[2017.08.01-11.31.21:443][323]LogSavePackage: Moving 'E:/UnrealProjects/PreSaleFrameWork/Saved/Lamp_LightC98DC80B4265A6621B081B91D5319480.tmp' to 'E:/UnrealProjects/PreSaleFrameWork/Content/DragAndDrop/Lights/Lamp_Light.uasset'
[2017.08.01-11.31.21:457][323]LogSavePackage:Display: Finished SavePackage E:/UnrealProjects/PreSaleFrameWork/Content/DragAndDrop/Lights/Lamp_Light.uasset
[2017.08.01-11.31.22:153][349]Cmd: OBJ SAVEPACKAGE PACKAGE="/Game/DragAndDrop/Lights/Lamp_Light" FILE="E:/UnrealProjects/PreSaleFrameWork/Content/DragAndDrop/Lights/Lamp_Light.uasset" SILENT=true
[2017.08.01-11.31.22:174][349]LogSavePackage: Save=17.10ms
[2017.08.01-11.31.22:174][349]LogSavePackage: Moving 'E:/UnrealProjects/PreSaleFrameWork/Saved/Lamp_LightE9C1061F4F0CEEB6847F0EBD3E919993.tmp' to 'E:/UnrealProjects/PreSaleFrameWork/Content/DragAndDrop/Lights/Lamp_Light.uasset'
[2017.08.01-11.31.22:187][349]LogSavePackage:Display: Finished SavePackage E:/UnrealProjects/PreSaleFrameWork/Content/DragAndDrop/Lights/Lamp_Light.uasset
[2017.08.01-11.42.03:454][ 69]Cmd: TRANSACTION UNDO
[2017.08.01-11.42.03:454][ 69]LogEditorTransaction: Undo Edit Attenuation Radius
[2017.08.01-11.42.43:212][795]LogFileHelpers: Editor autosave (incl. sublevels) for '/Game/Walkthrough' took 0.103
[2017.08.01-11.42.43:246][795]OBJ SavePackage: Generating thumbnails for [0] asset(s) in package [/Game/DragAndDrop/Lights/Lamp_Light] ([1] browsable assets)...
[2017.08.01-11.42.43:246][795]OBJ SavePackage: Finished generating thumbnails for package [/Game/DragAndDrop/Lights/Lamp_Light]
[2017.08.01-11.42.43:246][795]Cmd: OBJ SAVEPACKAGE PACKAGE="/Game/DragAndDrop/Lights/Lamp_Light" FILE="E:/UnrealProjects/PreSaleFrameWork/Saved/Autosaves/Game/DragAndDrop/Lights/Lamp_Light_Auto1.uasset" SILENT=false AUTOSAVING=true
[2017.08.01-11.42.43:297][795]LogSavePackage: Save=47.23ms
[2017.08.01-11.42.43:297][795]LogSavePackage: Moving 'E:/UnrealProjects/PreSaleFrameWork/Saved/Lamp_Light_Auto13F96B2C04B0A1AC5C90BD987A9C9714F.tmp' to 'E:/UnrealProjects/PreSaleFrameWork/Saved/Autosaves/Game/DragAndDrop/Lights/Lamp_Light_Auto1.uasset'
[2017.08.01-11.42.43:307][795]LogSavePackage:Display: Finished SavePackage E:/UnrealProjects/PreSaleFrameWork/Saved/Autosaves/Game/DragAndDrop/Lights/Lamp_Light_Auto1.uasset
[2017.08.01-11.42.43:307][795]LogFileHelpers: Auto-saving content packages took 0.061
[2017.08.01-12.48.20:838][838]Cmd: OBJ SAVEPACKAGE PACKAGE="/Game/DragAndDrop/Lights/Lamp_Light" FILE="E:/UnrealProjects/PreSaleFrameWork/Content/DragAndDrop/Lights/Lamp_Light.uasset" SILENT=true
[2017.08.01-12.48.20:857][838]LogSavePackage: Save=14.99ms
[2017.08.01-12.48.20:857][838]LogSavePackage: Moving 'E:/UnrealProjects/PreSaleFrameWork/Saved/Lamp_Light99937D334F18B1BDA868778B3E4D8AB9.tmp' to 'E:/UnrealProjects/PreSaleFrameWork/Content/DragAndDrop/Lights/Lamp_Light.uasset'
[2017.08.01-12.48.20:869][838]LogSavePackage:Display: Finished SavePackage E:/UnrealProjects/PreSaleFrameWork/Content/DragAndDrop/Lights/Lamp_Light.uasset
[2017.08.01-12.48.21:117][839]Cmd: QUIT_EDITOR
[2017.08.01-12.48.21:142][839]LogExit: Preparing to exit.
[2017.08.01-12.48.21:939][839]LogExit: Editor shut down
[2017.08.01-12.48.21:946][839]LogExit: Transaction tracking system shut down
[2017.08.01-12.48.22:086][839]LogObj: Freed 0b from 0 cluster array pools.
[2017.08.01-12.48.22:086][839]LogExit: Object subsystem successfully closed.
[2017.08.01-12.48.22:127][839]LogD3D11RHI: Shutdown
[2017.08.01-12.48.22:127][839]LogD3D11RHI: CleanupD3DDevice
[2017.08.01-12.48.22:208][839]LogD3D11RHI: ~FD3D11DynamicRHI
[2017.08.01-12.48.22:230][839]LogModuleManager: Shutting down and abandoning module BlueprintGraph (532)
[2017.08.01-12.48.22:230][839]LogModuleManager: Shutting down and abandoning module BlueprintProfiler (530)
[2017.08.01-12.48.22:230][839]LogModuleManager: Shutting down and abandoning module HierarchicalLODOutliner (528)
[2017.08.01-12.48.22:230][839]LogModuleManager: Shutting down and abandoning module ExternalImagePicker (526)
[2017.08.01-12.48.22:230][839]LogModuleManager: Shutting down and abandoning module CrashTracker (524)
[2017.08.01-12.48.22:230][839]LogModuleManager: Shutting down and abandoning module SceneOutliner (522)
[2017.08.01-12.48.22:230][839]LogModuleManager: Shutting down and abandoning module AddContentDialog (520)
[2017.08.01-12.48.22:230][839]LogDirectoryWatcher: A directory notification for 'C:/Program Files/Epic Games/UE_4.16/FeaturePacks/' was aborted.
[2017.08.01-12.48.22:232][839]LogModuleManager: Shutting down and abandoning module WidgetCarousel (519)
[2017.08.01-12.48.22:232][839]LogModuleManager: Shutting down and abandoning module EditorWidgets (516)
[2017.08.01-12.48.22:232][839]LogModuleManager: Shutting down and abandoning module CollectionManager (514)
[2017.08.01-12.48.22:232][839]LogDirectoryWatcher: A directory notification for 'E:/UnrealProjects/PreSaleFrameWork/Content/Collections/' was aborted.
[2017.08.01-12.48.22:232][839]LogDirectoryWatcher: A directory notification for 'E:/UnrealProjects/PreSaleFrameWork/Content/Developers/Intel/Collections/' was aborted.
[2017.08.01-12.48.22:232][839]LogDirectoryWatcher: A directory notification for 'E:/UnrealProjects/PreSaleFrameWork/Saved/Collections/' was aborted.
[2017.08.01-12.48.22:232][839]LogModuleManager: Shutting down and abandoning module StatsViewer (512)
[2017.08.01-12.48.22:232][839]LogModuleManager: Shutting down and abandoning module FoliageEdit (510)
[2017.08.01-12.48.22:232][839]LogModuleManager: Shutting down and abandoning module LandscapeEditor (508)
[2017.08.01-12.48.22:232][839]LogModuleManager: Shutting down and abandoning module MeshPaintMode (506)
[2017.08.01-12.48.22:232][839]LogModuleManager: Shutting down and abandoning module SceneDepthPickerMode (504)
[2017.08.01-12.48.22:232][839]LogModuleManager: Shutting down and abandoning module ActorPickerMode (502)
[2017.08.01-12.48.22:232][839]LogModuleManager: Shutting down and abandoning module GeometryMode (500)
[2017.08.01-12.48.22:232][839]LogModuleManager: Shutting down and abandoning module TextureAlignMode (498)
[2017.08.01-12.48.22:232][839]LogModuleManager: Shutting down and abandoning module BspMode (496)
[2017.08.01-12.48.22:232][839]LogModuleManager: Shutting down and abandoning module HardwareSurvey (494)
[2017.08.01-12.48.22:232][839]LogModuleManager: Shutting down and abandoning module SequenceRecorderSections (492)
[2017.08.01-12.48.22:232][839]LogModuleManager: Shutting down and abandoning module AutomationWorker (490)
[2017.08.01-12.48.22:232][839]LogModuleManager: Shutting down and abandoning module MatineeToLevelSequence (488)
[2017.08.01-12.48.22:232][839]LogModuleManager: Shutting down and abandoning module LevelSequenceEditor (486)
[2017.08.01-12.48.22:233][839]LogModuleManager: Shutting down and abandoning module PlacementMode (485)
[2017.08.01-12.48.22:233][839]LogModuleManager: Shutting down and abandoning module WmfMediaFactory (482)
[2017.08.01-12.48.22:233][839]LogModuleManager: Shutting down and abandoning module WmfMediaEditor (480)
[2017.08.01-12.48.22:233][839]LogModuleManager: Shutting down and abandoning module AvfMediaFactory (478)
[2017.08.01-12.48.22:233][839]LogModuleManager: Shutting down and abandoning module AvfMediaEditor (476)
[2017.08.01-12.48.22:233][839]LogModuleManager: Shutting down and abandoning module AndroidMediaFactory (474)
[2017.08.01-12.48.22:233][839]LogModuleManager: Shutting down and abandoning module Media (473)
[2017.08.01-12.48.22:233][839]LogModuleManager: Shutting down and abandoning module AndroidMediaEditor (470)
[2017.08.01-12.48.22:233][839]LogModuleManager: Shutting down and abandoning module CharacterAI (468)
[2017.08.01-12.48.22:233][839]LogModuleManager: Shutting down and abandoning module AudioCapture (466)
[2017.08.01-12.48.22:233][839]LogModuleManager: Shutting down and abandoning module SequenceRecorder (465)
[2017.08.01-12.48.22:233][839]LogModuleManager: Shutting down and abandoning module SmartSnapping (462)
[2017.08.01-12.48.22:233][839]LogModuleManager: Shutting down and abandoning module SessionServices (460)
[2017.08.01-12.48.22:233][839]LogModuleManager: Shutting down and abandoning module ViewportSnapping (458)
[2017.08.01-12.48.22:233][839]LogModuleManager: Shutting down and abandoning module ViewportInteraction (456)
[2017.08.01-12.48.22:233][839]LogModuleManager: Shutting down and abandoning module ClothPainter (454)
[2017.08.01-12.48.22:233][839]LogModuleManager: Shutting down and abandoning module LogVisualizer (452)
[2017.08.01-12.48.22:233][839]LogModuleManager: Shutting down and abandoning module IntroTutorials (450)
[2017.08.01-12.48.22:233][839]LogModuleManager: Shutting down and abandoning module GameProjectGeneration (449)
[2017.08.01-12.48.22:233][839]LogModuleManager: Shutting down and abandoning module EditorLiveStreaming (446)
[2017.08.01-12.48.22:233][839]LogModuleManager: Shutting down and abandoning module IOSPlatformEditor (444)
[2017.08.01-12.48.22:233][839]LogModuleManager: Shutting down and abandoning module HTML5PlatformEditor (442)
[2017.08.01-12.48.22:233][839]LogModuleManager: Shutting down and abandoning module AndroidPlatformEditor (440)
[2017.08.01-12.48.22:233][839]LogModuleManager: Shutting down and abandoning module AndroidDeviceDetection (439)
[2017.08.01-12.48.23:198][839]LogModuleManager: Shutting down and abandoning module IOSRuntimeSettings (436)
[2017.08.01-12.48.23:198][839]LogModuleManager: Shutting down and abandoning module AndroidRuntimeSettings (434)
[2017.08.01-12.48.23:198][839]LogModuleManager: Shutting down and abandoning module InputBindingEditor (432)
[2017.08.01-12.48.23:198][839]LogModuleManager: Shutting down and abandoning module MergeActors (430)
[2017.08.01-12.48.23:198][839]LogModuleManager: Shutting down and abandoning module SizeMap (428)
[2017.08.01-12.48.23:198][839]LogModuleManager: Shutting down and abandoning module TreeMap (426)
[2017.08.01-12.48.23:198][839]LogModuleManager: Shutting down and abandoning module ReferenceViewer (424)
[2017.08.01-12.48.23:198][839]LogModuleManager: Shutting down and abandoning module LocalizationDashboard (422)
[2017.08.01-12.48.23:198][839]LogModuleManager: Shutting down and abandoning module LocalizationService (421)
[2017.08.01-12.48.23:199][839]LogModuleManager: Shutting down and abandoning module HardwareTargeting (418)
[2017.08.01-12.48.23:199][839]LogModuleManager: Shutting down and abandoning module DeviceProfileEditor (416)
[2017.08.01-12.48.23:199][839]LogModuleManager: Shutting down and abandoning module UndoHistory (414)
[2017.08.01-12.48.23:199][839]LogModuleManager: Shutting down and abandoning module UserFeedback (412)
[2017.08.01-12.48.23:199][839]LogModuleManager: Shutting down and abandoning module XmlParser (410)
[2017.08.01-12.48.23:199][839]LogModuleManager: Shutting down and abandoning module Blutility (408)
[2017.08.01-12.48.23:199][839]LogModuleManager: Shutting down and abandoning module ProjectSettingsViewer (406)
[2017.08.01-12.48.23:199][839]LogModuleManager: Shutting down and abandoning module ProjectTargetPlatformEditor (405)
[2017.08.01-12.48.23:199][839]LogModuleManager: Shutting down and abandoning module EditorSettingsViewer (402)
[2017.08.01-12.48.23:199][839]LogModuleManager: Shutting down and abandoning module SettingsEditor (400)
[2017.08.01-12.48.23:199][839]LogModuleManager: Shutting down and abandoning module ProjectLauncher (398)
[2017.08.01-12.48.23:199][839]LogModuleManager: Shutting down and abandoning module SessionFrontend (396)
[2017.08.01-12.48.23:199][839]LogModuleManager: Shutting down and abandoning module ProfilerClient (394)
[2017.08.01-12.48.23:199][839]LogModuleManager: Shutting down and abandoning module DeviceManager (392)
[2017.08.01-12.48.23:199][839]LogModuleManager: Shutting down and abandoning module TargetDeviceServices (391)
[2017.08.01-12.48.23:259][839]LogModuleManager: Shutting down and abandoning module AutomationController (388)
[2017.08.01-12.48.23:259][839]LogModuleManager: Shutting down and abandoning module AutomationWindow (386)
[2017.08.01-12.48.23:259][839]LogModuleManager: Shutting down and abandoning module Layers (384)
[2017.08.01-12.48.23:259][839]LogModuleManager: Shutting down and abandoning module ComponentVisualizers (382)
[2017.08.01-12.48.23:259][839]LogModuleManager: Shutting down and abandoning module DetailCustomizations (380)
[2017.08.01-12.48.23:259][839]LogModuleManager: Shutting down and abandoning module PackagesDialog (378)
[2017.08.01-12.48.23:259][839]LogModuleManager: Shutting down and abandoning module Persona (376)
[2017.08.01-12.48.23:259][839]LogModuleManager: Shutting down and abandoning module AdvancedPreviewScene (375)
[2017.08.01-12.48.23:259][839]LogModuleManager: Shutting down and abandoning module AnimGraph (373)
[2017.08.01-12.48.23:259][839]LogModuleManager: Shutting down and abandoning module Kismet (370)
[2017.08.01-12.48.23:268][839]LogModuleManager: Shutting down and abandoning module ClassViewer (368)
[2017.08.01-12.48.23:268][839]LogModuleManager: Shutting down and abandoning module Toolbox (366)
[2017.08.01-12.48.23:268][839]LogModuleManager: Shutting down and abandoning module ModuleUI (364)
[2017.08.01-12.48.23:268][839]LogModuleManager: Shutting down and abandoning module MovieSceneTools (362)
[2017.08.01-12.48.23:268][839]LogModuleManager: Shutting down and abandoning module OutputLog (360)
[2017.08.01-12.48.23:268][839]LogModuleManager: Shutting down and abandoning module GammaUI (358)
[2017.08.01-12.48.23:268][839]LogModuleManager: Shutting down and abandoning module Documentation (356)
[2017.08.01-12.48.23:268][839]LogModuleManager: Shutting down and abandoning module MovieSceneTracks (354)
[2017.08.01-12.48.23:268][839]LogModuleManager: Shutting down and abandoning module MovieScene (352)
[2017.08.01-12.48.23:268][839]LogModuleManager: Shutting down and abandoning module Niagara (350)
[2017.08.01-12.48.23:268][839]LogModuleManager: Shutting down and abandoning module NiagaraEditor (349)
[2017.08.01-12.48.23:268][839]LogModuleManager: Shutting down and abandoning module StreamingPauseRendering (346)
[2017.08.01-12.48.23:268][839]LogModuleManager: Shutting down and abandoning module AnalyticsET (344)
[2017.08.01-12.48.23:268][839]LogModuleManager: Shutting down and abandoning module PortalServices (342)
[2017.08.01-12.48.23:268][839]LogModuleManager: Shutting down and abandoning module PortalRpc (340)
[2017.08.01-12.48.23:268][839]LogModuleManager: Shutting down and abandoning module MessagingRpc (338)
[2017.08.01-12.48.23:268][839]LogModuleManager: Shutting down and abandoning module AIModule (336)
[2017.08.01-12.48.23:268][839]LogModuleManager: Shutting down and abandoning module GameplayDebugger (335)
[2017.08.01-12.48.23:268][839]LogModuleManager: Shutting down and abandoning module AITestSuite (333)
[2017.08.01-12.48.23:268][839]LogModuleManager: Shutting down and abandoning module ProfilerService (330)
[2017.08.01-12.48.23:349][839]LogModuleManager: Shutting down and abandoning module TaskGraph (328)
[2017.08.01-12.48.23:349][839]LogModuleManager: Shutting down and abandoning module SteamVRController (326)
[2017.08.01-12.48.23:349][839]LogModuleManager: Shutting down and abandoning module SteamVR (324)
[2017.08.01-12.48.23:349][839]LogModuleManager: Shutting down and abandoning module ProceduralMeshComponentEditor (322)
[2017.08.01-12.48.23:349][839]LogModuleManager: Shutting down and abandoning module ProceduralMeshComponent (320)
[2017.08.01-12.48.23:349][839]LogModuleManager: Shutting down and abandoning module OculusLibrary (318)
[2017.08.01-12.48.23:349][839]LogModuleManager: Shutting down and abandoning module OculusInput (316)
[2017.08.01-12.48.23:349][839]LogModuleManager: Shutting down and abandoning module Ansel (314)
[2017.08.01-12.48.23:350][839]LogModuleManager: Shutting down and abandoning module MobilePatchingUtils (312)
[2017.08.01-12.48.23:350][839]LogModuleManager: Shutting down and abandoning module CustomMeshComponent (310)
[2017.08.01-12.48.23:350][839]LogModuleManager: Shutting down and abandoning module CableComponent (308)
[2017.08.01-12.48.23:350][839]LogModuleManager: Shutting down and abandoning module ArchVisCharacter (306)
[2017.08.01-12.48.23:350][839]LogModuleManager: Shutting down and abandoning module AndroidPermission (304)
[2017.08.01-12.48.23:350][839]LogModuleManager: Shutting down and abandoning module MediaPlayerEditor (300)
[2017.08.01-12.48.23:350][839]LogModuleManager: Shutting down and abandoning module HTML5Networking (298)
[2017.08.01-12.48.23:350][839]LogModuleManager: Shutting down and abandoning module AlembicImporter (296)
[2017.08.01-12.48.23:350][839]LogModuleManager: Shutting down and abandoning module AlembicLibrary (295)
[2017.08.01-12.48.23:350][839]LogModuleManager: Shutting down and abandoning module GeometryCache (294)
[2017.08.01-12.48.23:350][839]LogModuleManager: Shutting down and abandoning module GeometryCacheEd (293)
[2017.08.01-12.48.23:350][839]LogModuleManager: Shutting down and abandoning module SuperSearchEditor (288)
[2017.08.01-12.48.23:350][839]LogModuleManager: Shutting down and abandoning module SuperSearch (287)
[2017.08.01-12.48.23:350][839]LogModuleManager: Shutting down and abandoning module SpeedTreeImporter (284)
[2017.08.01-12.48.23:350][839]LogModuleManager: Shutting down and abandoning module PluginBrowser (282)
[2017.08.01-12.48.23:350][839]LogModuleManager: Shutting down and abandoning module MobileLauncherProfileWizard (280)
[2017.08.01-12.48.23:350][839]LogModuleManager: Shutting down and abandoning module VisualStudioSourceCodeAccess (278)
[2017.08.01-12.48.23:350][839]LogModuleManager: Shutting down and abandoning module DesktopPlatform (277)
[2017.08.01-12.48.23:350][839]LogModuleManager: Shutting down and abandoning module UObjectPlugin (274)
[2017.08.01-12.48.23:350][839]LogModuleManager: Shutting down and abandoning module SubversionSourceControl (272)
[2017.08.01-12.48.23:350][839]LogModuleManager: Shutting down and abandoning module PerforceSourceControl (270)
[2017.08.01-12.48.23:350][839]LogModuleManager: Shutting down and abandoning module GitSourceControl (268)
[2017.08.01-12.48.23:350][839]LogModuleManager: Shutting down and abandoning module SourceControl (267)
[2017.08.01-12.48.23:350][839]LogModuleManager: Shutting down and abandoning module LightPropagationVolumeEditor (264)
[2017.08.01-12.48.23:350][839]LogModuleManager: Shutting down and abandoning module PaperTiledImporter (262)
[2017.08.01-12.48.23:350][839]LogModuleManager: Shutting down and abandoning module PaperSpriteSheetImporter (260)
[2017.08.01-12.48.23:350][839]LogModuleManager: Shutting down and abandoning module Paper2DEditor (258)
[2017.08.01-12.48.23:350][839]LogModuleManager: Shutting down and abandoning module MeshPaint (257)
[2017.08.01-12.48.23:350][839]LogModuleManager: Shutting down and abandoning module LevelEditor (255)
[2017.08.01-12.48.23:351][839]LogModuleManager: Shutting down and abandoning module PixelInspectorModule (254)
[2017.08.01-12.48.23:352][839]LogModuleManager: Shutting down and abandoning module MainFrame (252)
[2017.08.01-12.48.23:352][839]LogModuleManager: Shutting down and abandoning module HotReload (251)
[2017.08.01-12.48.23:352][839]LogModuleManager: Shutting down and abandoning module PhysXVehiclesEditor (246)
[2017.08.01-12.48.23:352][839]LogModuleManager: Shutting down and abandoning module PhysXVehicles (244)
[2017.08.01-12.48.23:352][839]LogModuleManager: Shutting down and abandoning module LocationServicesBPLibrary (242)
[2017.08.01-12.48.23:352][839]LogModuleManager: Shutting down and abandoning module ImmediatePhysicsEditor (240)
[2017.08.01-12.48.23:352][839]LogModuleManager: Shutting down and abandoning module ImmediatePhysics (238)
[2017.08.01-12.48.23:352][839]LogModuleManager: Shutting down and abandoning module UdpMessaging (236)
[2017.08.01-12.48.23:452][839]LogModuleManager: Shutting down and abandoning module TcpMessaging (234)
[2017.08.01-12.48.23:552][839]LogModuleManager: Shutting down and abandoning module GameplayTagsEditor (232)
[2017.08.01-12.48.23:552][839]LogModuleManager: Shutting down and abandoning module FacialAnimationEditor (230)
[2017.08.01-12.48.23:552][839]LogModuleManager: Shutting down and abandoning module FacialAnimation (228)
[2017.08.01-12.48.23:552][839]LogModuleManager: Shutting down and abandoning module AssetManagerEditor (226)
[2017.08.01-12.48.23:552][839]LogModuleManager: Shutting down and abandoning module GraphEditor (225)
[2017.08.01-12.48.23:552][839]LogModuleManager: Shutting down and abandoning module ContentBrowser (223)
[2017.08.01-12.48.23:553][839]LogModuleManager: Shutting down and abandoning module LightPropagationVolumeRuntime (220)
[2017.08.01-12.48.23:553][839]LogModuleManager: Shutting down and abandoning module Paper2D (218)
[2017.08.01-12.48.23:553][839]LogModuleManager: Shutting down and abandoning module WindowsMoviePlayer (216)
[2017.08.01-12.48.23:553][839]LogModuleManager: Shutting down and abandoning module WmfMedia (214)
[2017.08.01-12.48.23:554][839]LogModuleManager: Shutting down and abandoning module ClothingSystemEditor (212)
[2017.08.01-12.48.23:554][839]LogModuleManager: Shutting down and abandoning module ClothingSystemRuntime (210)
[2017.08.01-12.48.23:555][839]LogModuleManager: Shutting down and abandoning module MediaAssets (208)
[2017.08.01-12.48.23:555][839]LogModuleManager: Shutting down and abandoning module GameLiveStreaming (206)
[2017.08.01-12.48.23:555][839]LogModuleManager: Shutting down and abandoning module VREditor (204)
[2017.08.01-12.48.23:555][839]LogModuleManager: Shutting down and abandoning module StringTableEditor (202)
[2017.08.01-12.48.23:555][839]LogModuleManager: Shutting down and abandoning module GameplayTasksEditor (200)
[2017.08.01-12.48.23:555][839]LogModuleManager: Shutting down and abandoning module BehaviorTreeEditor (198)
[2017.08.01-12.48.23:555][839]LogModuleManager: Shutting down and abandoning module FunctionalTesting (196)
[2017.08.01-12.48.23:555][839]LogModuleManager: Shutting down and abandoning module CollisionAnalyzer (194)
[2017.08.01-12.48.23:555][839]LogModuleManager: Shutting down and abandoning module UMG (192)
[2017.08.01-12.48.23:555][839]LogModuleManager: Shutting down and abandoning module UMGEditor (191)
[2017.08.01-12.48.23:555][839]LogModuleManager: Shutting down and abandoning module Sequencer (190)
[2017.08.01-12.48.23:555][839]LogModuleManager: Shutting down and abandoning module AssetTools (188)
[2017.08.01-12.48.23:556][839]LogModuleManager: Shutting down and abandoning module MessageLog (187)
[2017.08.01-12.48.23:556][839]LogModuleManager: Shutting down and abandoning module WorkspaceMenuStructure (186)
[2017.08.01-12.48.23:556][839]LogModuleManager: Shutting down and abandoning module SlateReflector (180)
[2017.08.01-12.48.23:556][839]LogModuleManager: Shutting down and abandoning module Slate (178)
[2017.08.01-12.48.23:556][839]LogModuleManager: Shutting down and abandoning module EditorStyle (176)
[2017.08.01-12.48.23:559][839]LogModuleManager: Shutting down and abandoning module SourceCodeAccess (174)
[2017.08.01-12.48.23:559][839]LogModuleManager: Shutting down and abandoning module HeadMountedDisplay (172)
[2017.08.01-12.48.23:559][839]LogModuleManager: Shutting down and abandoning module XAudio2 (170)
[2017.08.01-12.48.23:559][839]LogModuleManager: Shutting down and abandoning module Networking (168)
[2017.08.01-12.48.23:559][839]LogModuleManager: Shutting down and abandoning module Core (164)
[2017.08.01-12.48.23:559][839]LogModuleManager: Shutting down and abandoning module AssetRegistry (162)
[2017.08.01-12.48.23:849][839]LogDirectoryWatcher: A directory notification for '../../../Engine/Content/' was aborted.
[2017.08.01-12.48.23:849][839]LogDirectoryWatcher: A directory notification for 'E:/UnrealProjects/PreSaleFrameWork/Content/' was aborted.
[2017.08.01-12.48.23:849][839]LogDirectoryWatcher: A directory notification for '../../../Engine/Plugins/2D/Paper2D/Content/' was aborted.
[2017.08.01-12.48.23:849][839]LogDirectoryWatcher: A directory notification for '../../../Engine/Plugins/Runtime/GearVR/Content/' was aborted.
[2017.08.01-12.48.23:852][839]LogModuleManager: Shutting down and abandoning module DirectoryWatcher (161)
[2017.08.01-12.48.23:854][839]LogModuleManager: Shutting down and abandoning module KismetCompiler (158)
[2017.08.01-12.48.23:854][839]LogModuleManager: Shutting down and abandoning module PhysXFormats (156)
[2017.08.01-12.48.23:854][839]LogModuleManager: Shutting down and abandoning module MeshUtilities (154)
[2017.08.01-12.48.23:854][839]LogModuleManager: Shutting down and abandoning module SimplygonSwarm (153)
[2017.08.01-12.48.23:854][839]LogModuleManager: Shutting down and abandoning module SimplygonMeshReduction (151)
[2017.08.01-12.48.23:854][839]LogModuleManager: Shutting down and abandoning module QuadricMeshReduction (149)
[2017.08.01-12.48.23:854][839]LogModuleManager: Shutting down and abandoning module LevelSequence (146)
[2017.08.01-12.48.23:854][839]LogModuleManager: Shutting down and abandoning module DerivedDataCache (144)
[2017.08.01-12.48.23:888][839]LogDerivedDataCache: Shutdown
[2017.08.01-12.48.23:888][839]LogModuleManager: Shutting down and abandoning module TargetPlatform (142)
[2017.08.01-12.48.23:888][839]LogModuleManager: Shutting down and abandoning module VulkanShaderFormat (141)
[2017.08.01-12.48.23:888][839]LogModuleManager: Shutting down and abandoning module ShaderFormatVectorVM (139)
[2017.08.01-12.48.23:888][839]LogModuleManager: Shutting down and abandoning module ShaderFormatOpenGL (137)
[2017.08.01-12.48.23:888][839]LogModuleManager: Shutting down and abandoning module ShaderFormatD3D (135)
[2017.08.01-12.48.23:888][839]LogModuleManager: Shutting down and abandoning module MetalShaderFormat (133)
[2017.08.01-12.48.23:888][839]LogModuleManager: Shutting down and abandoning module TextureFormatUncompressed (131)
[2017.08.01-12.48.23:888][839]LogModuleManager: Shutting down and abandoning module TextureFormatPVR (129)
[2017.08.01-12.48.23:888][839]LogModuleManager: Shutting down and abandoning module TextureFormatDXT (127)
[2017.08.01-12.48.23:888][839]LogModuleManager: Shutting down and abandoning module TextureFormatIntelISPCTexComp (125)
[2017.08.01-12.48.23:888][839]LogModuleManager: Shutting down and abandoning module TextureFormatASTC (123)
[2017.08.01-12.48.23:888][839]LogModuleManager: Shutting down and abandoning module ImageWrapper (122)
[2017.08.01-12.48.23:888][839]LogModuleManager: Shutting down and abandoning module TextureFormatAndroid (119)
[2017.08.01-12.48.23:888][839]LogModuleManager: Shutting down and abandoning module AudioFormatOpus (117)
[2017.08.01-12.48.23:888][839]LogModuleManager: Shutting down and abandoning module AudioFormatOgg (115)
[2017.08.01-12.48.23:888][839]LogModuleManager: Shutting down and abandoning module AudioFormatADPCM (113)
[2017.08.01-12.48.23:888][839]LogModuleManager: Shutting down and abandoning module LinuxTargetPlatform (111)
[2017.08.01-12.48.23:888][839]LogModuleManager: Shutting down and abandoning module LinuxServerTargetPlatform (109)
[2017.08.01-12.48.23:888][839]LogModuleManager: Shutting down and abandoning module LinuxNoEditorTargetPlatform (107)
[2017.08.01-12.48.23:888][839]LogModuleManager: Shutting down and abandoning module LinuxClientTargetPlatform (105)
[2017.08.01-12.48.23:888][839]LogModuleManager: Shutting down and abandoning module TVOSTargetPlatform (103)
[2017.08.01-12.48.23:888][839]LogModuleManager: Shutting down and abandoning module Messaging (101)
[2017.08.01-12.48.23:888][839]LogModuleManager: Shutting down and abandoning module IOSTargetPlatform (99)
[2017.08.01-12.48.23:888][839]LogModuleManager: Shutting down and abandoning module HTML5TargetPlatform (97)
[2017.08.01-12.48.23:888][839]LogModuleManager: Shutting down and abandoning module Android_PVRTCTargetPlatform (95)
[2017.08.01-12.48.23:888][839]LogModuleManager: Shutting down and abandoning module Android_MultiTargetPlatform (93)
[2017.08.01-12.48.23:888][839]LogModuleManager: Shutting down and abandoning module Android_ETC2TargetPlatform (91)
[2017.08.01-12.48.23:888][839]LogModuleManager: Shutting down and abandoning module Android_ETC1TargetPlatform (89)
[2017.08.01-12.48.23:888][839]LogModuleManager: Shutting down and abandoning module Android_DXTTargetPlatform (87)
[2017.08.01-12.48.23:888][839]LogModuleManager: Shutting down and abandoning module Android_ATCTargetPlatform (85)
[2017.08.01-12.48.23:888][839]LogModuleManager: Shutting down and abandoning module Android_ASTCTargetPlatform (83)
[2017.08.01-12.48.23:888][839]LogModuleManager: Shutting down and abandoning module AndroidTargetPlatform (81)
[2017.08.01-12.48.23:888][839]LogModuleManager: Shutting down and abandoning module WindowsTargetPlatform (79)
[2017.08.01-12.48.23:888][839]LogModuleManager: Shutting down and abandoning module WindowsServerTargetPlatform (77)
[2017.08.01-12.48.23:888][839]LogModuleManager: Shutting down and abandoning module WindowsNoEditorTargetPlatform (75)
[2017.08.01-12.48.23:888][839]LogModuleManager: Shutting down and abandoning module WindowsClientTargetPlatform (73)
[2017.08.01-12.48.23:888][839]LogModuleManager: Shutting down and abandoning module MacTargetPlatform (71)
[2017.08.01-12.48.23:888][839]LogModuleManager: Shutting down and abandoning module MacServerTargetPlatform (69)
[2017.08.01-12.48.23:888][839]LogModuleManager: Shutting down and abandoning module MacNoEditorTargetPlatform (67)
[2017.08.01-12.48.23:888][839]LogModuleManager: Shutting down and abandoning module MacClientTargetPlatform (65)
[2017.08.01-12.48.23:888][839]LogModuleManager: Shutting down and abandoning module AllDesktopTargetPlatform (63)
[2017.08.01-12.48.23:888][839]LogModuleManager: Shutting down and abandoning module InputCore (60)
[2017.08.01-12.48.23:889][839]LogModuleManager: Shutting down and abandoning module Settings (58)
[2017.08.01-12.48.23:889][839]LogModuleManager: Shutting down and abandoning module OculusRift (56)
[2017.08.01-12.48.23:889][839]LogModuleManager: Shutting down and abandoning module GearVRController (54)
[2017.08.01-12.48.23:889][839]LogModuleManager: Shutting down and abandoning module GearVR (52)
[2017.08.01-12.48.23:889][839]LogModuleManager: Shutting down and abandoning module ExampleDeviceProfileSelector (50)
[2017.08.01-12.48.23:889][839]LogModuleManager: Shutting down and abandoning module OnlineBlueprintSupport (48)
[2017.08.01-12.48.23:889][839]LogModuleManager: Shutting down and abandoning module OnlineSubsystem (44)
[2017.08.01-12.48.23:889][839]LogOnline:Display: Unloading online subsystem: NULL
[2017.08.01-12.48.23:889][839]LogModuleManager: Shutting down and abandoning module XMPP (43)
[2017.08.01-12.48.23:889][839]LogModuleManager: Shutting down and abandoning module HTTP (41)
[2017.08.01-12.48.23:889][839]LogHttp:Display: Http module shutting down, but needs to wait on 1 outstanding Http requests:
[2017.08.01-12.48.23:889][839]LogHttp:Display: 	verb=[POST] url=[https://datarouter.ol.epicgames.com/datarouter/api/v1/public/data?SessionID=%7BF3744843-46F7-C8D7-A1CF-B3A34E4B05AA%7D&AppID=UEEditor.Rocket.Release&AppVersion=4.16.3-3561208%2B%2B%2BUE4%2BRelease-4.16&UserID=32a42bfb41202e21c8350783fb94b89c%7C86b852545dec461b8af08b6d64091387%7C7963dc88-55e9-4c29-b569-a8162abaf90f&AppEnvironment=datacollector-binary&UploadType=eteventstream] status=Processing
[2017.08.01-12.48.23:897][839]LogModuleManager: Shutting down and abandoning module SSL (40)
[2017.08.01-12.48.23:899][839]LogModuleManager: Shutting down and abandoning module HTTPChunkInstaller (36)
[2017.08.01-12.48.23:899][839]LogModuleManager: Shutting down and abandoning module AnimationModifiers (34)
[2017.08.01-12.48.23:899][839]LogModuleManager: Shutting down and abandoning module PropertyEditor (33)
[2017.08.01-12.48.23:899][839]LogModuleManager: Shutting down and abandoning module AudioEditor (30)
[2017.08.01-12.48.23:899][839]LogModuleManager: Shutting down and abandoning module TextureCompressor (28)
[2017.08.01-12.48.23:899][839]LogModuleManager: Shutting down and abandoning module ShaderCore (26)
[2017.08.01-12.48.23:899][839]LogModuleManager: Shutting down and abandoning module Landscape (24)
[2017.08.01-12.48.23:899][839]LogModuleManager: Shutting down and abandoning module SlateRHIRenderer (22)
[2017.08.01-12.48.23:901][839]LogModuleManager: Shutting down and abandoning module OpenGLDrv (20)
[2017.08.01-12.48.23:901][839]LogModuleManager: Shutting down and abandoning module D3D11RHI (18)
[2017.08.01-12.48.23:901][839]LogModuleManager: Shutting down and abandoning module AnimGraphRuntime (16)
[2017.08.01-12.48.23:901][839]LogModuleManager: Shutting down and abandoning module Renderer (14)
[2017.08.01-12.48.23:901][839]LogModuleManager: Shutting down and abandoning module Engine (12)
[2017.08.01-12.48.23:901][839]LogModuleManager: Shutting down and abandoning module CoreUObject (10)
[2017.08.01-12.48.23:901][839]LogModuleManager: Shutting down and abandoning module NetworkFile (8)
[2017.08.01-12.48.23:901][839]LogModuleManager: Shutting down and abandoning module StreamingFile (6)
[2017.08.01-12.48.23:901][839]LogModuleManager: Shutting down and abandoning module SandboxFile (4)
[2017.08.01-12.48.23:901][839]LogModuleManager: Shutting down and abandoning module PakFile (2)
[2017.08.01-12.48.23:906][839]LogExit: Exiting.
[2017.08.01-12.48.23:917][839]Log file closed, 08/01/17 18:18:23
