Log file open, 08/05/17 16:55:47
LogInit:Display: Running engine for game: PreSaleFrameWork
LogPlatformFile: Not using cached read wrapper
LogInit:Display: RandInit(957489953) SRandInit(957489953).
LogTaskGraph: Started task graph with 5 named threads and 16 total threads with 1 sets of task threads.
LogStats: Stats thread started at 0.182252
LogInit: Using libcurl 7.47.1
LogInit:  - built for x86_64-pc-win32
LogInit:  - supports SSL with OpenSSL/1.0.2g
LogInit:  - supports HTTP deflate (compression) using libz 1.2.8
LogInit:  - other features:
LogInit:      CURL_VERSION_SSL
LogInit:      CURL_VERSION_LIBZ
LogInit:      CURL_VERSION_IPV6
LogInit:      CURL_VERSION_ASYNCHDNS
LogInit:      CURL_VERSION_LARGEFILE
LogInit:      CURL_VERSION_IDN
LogInit:  CurlRequestOptions (configurable via config and command line):
LogInit:  - bVerifyPeer = false  - Libcurl will NOT verify peer certificate
LogInit:  - bUseHttpProxy = false  - Libcurl will NOT use HTTP proxy
LogInit:  - bDontReuseConnections = false  - Libcurl will reuse connections
LogInit:  - CertBundlePath = nullptr  - Libcurl will use whatever was configured at build time.
LogInit: Build: ++UE4+Release-4.16-CL-3561208
LogInit: Engine Version: 4.16.3-3561208+++UE4+Release-4.16
LogInit: Compatible Engine Version: 4.16.0-3452394+++UE4+Release-4.16
LogInit: Net CL: 3452394
LogDevObjectVersion: Number of dev versions registered: 16
LogDevObjectVersion:   Dev-Blueprints (B0D832E4-1F89-4F0D-ACCF-7EB736FD4AA2): 9
LogDevObjectVersion:   Dev-Build (E1C64328-A22C-4D53-A36C-8E866417BD8C): 0
LogDevObjectVersion:   Dev-Core (375EC13C-06E4-48FB-B500-84F0262A717E): 2
LogDevObjectVersion:   Dev-Editor (E4B068ED-F494-42E9-A231-DA0B2E46BB41): 17
LogDevObjectVersion:   Dev-Framework (CFFC743F-43B0-4480-9391-14DF171D2073): 23
LogDevObjectVersion:   Dev-Mobile (B02B49B5-BB20-44E9-A304-32B752E40360): 0
LogDevObjectVersion:   Dev-Networking (A4E4105C-59A1-49B5-A7C5-40C4547EDFEE): 0
LogDevObjectVersion:   Dev-Online (39C831C9-5AE6-47DC-9A44-9C173E1C8E7C): 0
LogDevObjectVersion:   Dev-Physics (78F01B33-EBEA-4F98-B9B4-84EACCB95AA2): 0
LogDevObjectVersion:   Dev-Platform (6631380F-2D4D-43E0-8009-CF276956A95A): 0
LogDevObjectVersion:   Dev-Rendering (12F88B9F-8875-4AFC-A67C-D90C383ABD29): 15
LogDevObjectVersion:   Dev-Sequencer (7B5AE74C-D270-4C10-A958-57980B212A5A): 4
LogDevObjectVersion:   Dev-VR (D7296918-1DD6-4BDD-9DE2-64A83CC13884): 0
LogDevObjectVersion:   Dev-LoadTimes (C2A15278-BFE7-4AFE-6C17-90FF531DF755): 1
LogDevObjectVersion:   Private-Geometry (6EACA3D4-40EC-4CC1-B786-8BED09428FC5): 1
LogDevObjectVersion:   Dev-AnimPhys (29E575DD-E0A3-4627-9D10-D276232CDCEA): 3
LogInit: Compiled (64-bit): Jul 28 2017 11:49:47
LogInit: Compiled with Visual C++: 19.00.24215.01
LogInit: Build Configuration: Development
LogInit: Branch Name: ++UE4+Release-4.16
LogInit: Command line:  
LogInit: Base directory: C:/Program Files/Epic Games/UE_4.16/Engine/Binaries/Win64/
LogInit: Installed Engine Build: 1
LogInit: Presizing for max 8388607 objects, including 0 objects not considered by GC, pre-allocating 0 bytes for permanent pool.
LogInit: Object subsystem initialized
[2017.08.05-11.25.48:343][  0]LogInit: Selected Device Profile: [Windows]
[2017.08.05-11.25.48:343][  0]LogInit: Applying CVar settings loaded from the selected device profile: [Windows]
[2017.08.05-11.25.48:358][  0]LogInit: Computer: INTEL-PC
[2017.08.05-11.25.48:358][  0]LogInit: User: Intel
[2017.08.05-11.25.48:358][  0]LogInit: CPU Page size=4096, Cores=12
[2017.08.05-11.25.48:358][  0]LogInit: High frequency timer resolution =2.864785 MHz
[2017.08.05-11.25.48:359][  0]LogMemory: Memory total: Physical=32.0GB (32GB approx)
[2017.08.05-11.25.48:359][  0]LogMemory: Platform Memory Stats for Windows
[2017.08.05-11.25.48:359][  0]LogMemory: Process Physical Memory: 281.43 MB used, 281.43 MB peak
[2017.08.05-11.25.48:359][  0]LogMemory: Process Virtual Memory: 274.75 MB used, 274.75 MB peak
[2017.08.05-11.25.48:359][  0]LogMemory: Physical Memory: 13994.94 MB used,  18771.30 MB free, 32766.23 MB total
[2017.08.05-11.25.48:359][  0]LogMemory: Virtual Memory: 637.51 MB used,  18771.30 MB free, 8388608.00 MB total
[2017.08.05-11.25.48:493][  0]LogInit: Using OS detected language (en-US).
[2017.08.05-11.25.48:493][  0]LogInit: Using OS detected locale (en-US).
[2017.08.05-11.25.48:499][  0]LogTextLocalizationManager: No specific localization for 'en-US' exists, so the 'en' localization will be used.
[2017.08.05-11.25.49:811][  0]LogD3D11RHI: D3D11 adapters:
[2017.08.05-11.25.50:786][  0]LogD3D11RHI:    0. 'NVIDIA GeForce GTX 960' (Feature Level 11_0)
[2017.08.05-11.25.50:786][  0]LogD3D11RHI:       4011/0/16127 MB DedicatedVideo/DedicatedSystem/SharedSystem, Outputs:1, VendorId:0x10de
[2017.08.05-11.25.50:786][  0]LogD3D11RHI: Chosen D3D11 Adapter: 0
[2017.08.05-11.25.50:796][  0]LogD3D11RHI: Creating new Direct3DDevice
[2017.08.05-11.25.50:796][  0]LogD3D11RHI:     GPU DeviceId: 0x1401 (for the marketing name, search the web for "GPU Device Id")
[2017.08.05-11.25.50:796][  0]LogWindows: EnumDisplayDevices:
[2017.08.05-11.25.50:796][  0]LogWindows:    0. 'NVIDIA GeForce GTX 960' (P:1 D:1)
[2017.08.05-11.25.50:797][  0]LogWindows:    1. 'NVIDIA GeForce GTX 960' (P:0 D:0)
[2017.08.05-11.25.50:797][  0]LogWindows:    2. 'NVIDIA GeForce GTX 960' (P:0 D:0)
[2017.08.05-11.25.50:797][  0]LogWindows:    3. 'NVIDIA GeForce GTX 960' (P:0 D:0)
[2017.08.05-11.25.50:797][  0]LogWindows:    4. 'RDPDD Chained DD' (P:0 D:0)
[2017.08.05-11.25.50:798][  0]LogWindows:    5. 'RDP Encoder Mirror Driver' (P:0 D:0)
[2017.08.05-11.25.50:798][  0]LogWindows:    6. 'RDP Reflector Display Driver' (P:0 D:0)
[2017.08.05-11.25.50:798][  0]LogWindows: DebugString: GetVideoDriverDetailsInvalid PrimaryIsNotTheChoosenAdapter GetVideoDriverDetailsInvalid PrimaryIsNotTheChoosenAdapter GetVideoDriverDetailsInvalid PrimaryIsNotTheChoosenAdapter FoundDriverCount:4 
[2017.08.05-11.25.50:798][  0]LogD3D11RHI:     Adapter Name: NVIDIA GeForce GTX 960
[2017.08.05-11.25.50:798][  0]LogD3D11RHI:   Driver Version: 384.94 (internal:22.21.13.8494, unified:384.94)
[2017.08.05-11.25.50:798][  0]LogD3D11RHI:      Driver Date: 7-18-2017
[2017.08.05-11.25.50:798][  0]LogRHI: Texture pool is 1361 MB (70% of 1945 MB)
[2017.08.05-11.25.51:000][  0]LogD3D11RHI: Async texture creation enabled
[2017.08.05-11.25.51:027][  0]LogD3D11RHI: GPU Timing Frequency: 1000.000000 (Debug: 2 2)
[2017.08.05-11.25.51:075][  0]LogShaderCompilers: Guid format shader working directory is 11 characters bigger than the processId version (E:/UnrealProjects/PreSaleFrameWork/Intermediate/Shaders/WorkingDirectory/10864/).
[2017.08.05-11.25.51:075][  0]LogShaderCompilers: Cleaned the shader compiler working directory 'C:/Users/Intel/AppData/Local/Temp/UnrealShaderWorkingDir/85232E1F44CADE8826754894E71539AA/'.
[2017.08.05-11.25.51:075][  0]LogShaderCompilers:Display: Using Local Shader Compiler.
[2017.08.05-11.25.52:619][  0]LogTemp:Display: Loaded TP AllDesktopTargetPlatform
[2017.08.05-11.25.52:703][  0]LogTemp:Display: Loaded TP MacClientTargetPlatform
[2017.08.05-11.25.52:799][  0]LogTemp:Display: Loaded TP MacNoEditorTargetPlatform
[2017.08.05-11.25.52:882][  0]LogTemp:Display: Loaded TP MacServerTargetPlatform
[2017.08.05-11.25.52:966][  0]LogTemp:Display: Loaded TP MacTargetPlatform
[2017.08.05-11.25.53:048][  0]LogTemp:Display: Loaded TP WindowsClientTargetPlatform
[2017.08.05-11.25.53:131][  0]LogTemp:Display: Loaded TP WindowsNoEditorTargetPlatform
[2017.08.05-11.25.53:222][  0]LogTemp:Display: Loaded TP WindowsServerTargetPlatform
[2017.08.05-11.25.53:299][  0]LogTemp:Display: Loaded TP WindowsTargetPlatform
[2017.08.05-11.25.53:379][  0]LogTemp:Display: Loaded TP AndroidTargetPlatform
[2017.08.05-11.25.53:459][  0]LogTemp:Display: Loaded TP Android_ASTCTargetPlatform
[2017.08.05-11.25.53:539][  0]LogTemp:Display: Loaded TP Android_ATCTargetPlatform
[2017.08.05-11.25.53:620][  0]LogTemp:Display: Loaded TP Android_DXTTargetPlatform
[2017.08.05-11.25.53:700][  0]LogTemp:Display: Loaded TP Android_ETC1TargetPlatform
[2017.08.05-11.25.53:781][  0]LogTemp:Display: Loaded TP Android_ETC2TargetPlatform
[2017.08.05-11.25.53:942][  0]LogTemp:Display: Loaded TP Android_MultiTargetPlatform
[2017.08.05-11.25.53:942][  0]LogTemp:Display: Loaded TP Android_PVRTCTargetPlatform
[2017.08.05-11.25.54:009][  0]LogTemp:Display: Loaded TP HTML5TargetPlatform
[2017.08.05-11.25.54:144][  0]LogTemp:Display: Loaded TP IOSTargetPlatform
[2017.08.05-11.25.54:191][  0]LogTemp:Display: Loaded TP TVOSTargetPlatform
[2017.08.05-11.25.54:271][  0]LogTemp:Display: Loaded TP LinuxClientTargetPlatform
[2017.08.05-11.25.54:350][  0]LogTemp:Display: Loaded TP LinuxNoEditorTargetPlatform
[2017.08.05-11.25.54:430][  0]LogTemp:Display: Loaded TP LinuxServerTargetPlatform
[2017.08.05-11.25.54:512][  0]LogTemp:Display: Loaded TP LinuxTargetPlatform
[2017.08.05-11.25.54:512][  0]LogTargetPlatformManager:Display: Building Assets For Windows
[2017.08.05-11.25.55:337][  0]LogDerivedDataCache:Display: Max Cache Size: 512 MB
[2017.08.05-11.25.55:438][  0]LogDerivedDataCache: Loaded boot cache 0.10s 90MB C:/Users/Intel/AppData/Local/UnrealEngine/4.16/DerivedDataCache/Boot.ddc.
[2017.08.05-11.25.55:438][  0]LogDerivedDataCache:Display: Loaded Boot cache: C:/Users/Intel/AppData/Local/UnrealEngine/4.16/DerivedDataCache/Boot.ddc
[2017.08.05-11.25.55:438][  0]LogDerivedDataCache: FDerivedDataBackendGraph:  Pak pak cache file E:/UnrealProjects/PreSaleFrameWork/DerivedDataCache/DDC.ddp not found, will not use a pak cache.
[2017.08.05-11.25.55:438][  0]LogDerivedDataCache: Unable to find inner node Pak for hierarchical cache Hierarchy.
[2017.08.05-11.25.55:438][  0]LogDerivedDataCache: FDerivedDataBackendGraph:  CompressedPak pak cache file E:/UnrealProjects/PreSaleFrameWork/DerivedDataCache/Compressed.ddp not found, will not use a pak cache.
[2017.08.05-11.25.55:438][  0]LogDerivedDataCache: Unable to find inner node CompressedPak for hierarchical cache Hierarchy.
[2017.08.05-11.25.55:460][  0]LogDerivedDataCache:Display: Pak cache opened for reading ../../../Engine/DerivedDataCache/Compressed.ddp.
[2017.08.05-11.25.55:498][  0]LogDerivedDataCache: Using Local data cache path C:/Users/Intel/AppData/Local/UnrealEngine/Common/DerivedDataCache: Writable
[2017.08.05-11.25.55:544][  0]LogMaterial: Verifying Global Shaders for PCD3D_SM5
[2017.08.05-11.25.55:544][  0]LogSlate: Using Freetype 2.6.0
[2017.08.05-11.25.55:545][  0]LogSlate: SlateFontCache - WITH_FREETYPE: 1, WITH_HARFBUZZ: 1
[2017.08.05-11.25.55:545][  0]LogSlate: SlateFontCache - WITH_FREETYPE: 1, WITH_HARFBUZZ: 1
[2017.08.05-11.25.56:134][  0]LogInit: Selected Device Profile: [Windows]
[2017.08.05-11.25.56:141][  0]LogContentStreaming: Texture pool size is 0.00 MB
[2017.08.05-11.25.56:694][  0]LogMeshUtilities: Using QuadricMeshReduction for automatic static mesh reduction
[2017.08.05-11.25.56:772][  0]LogSimplygon: Simplygon DLL not present - disabling.
[2017.08.05-11.25.56:850][  0]LogMeshUtilities: Using SimplygonSwarm for distributed automatic mesh merging
[2017.08.05-11.25.56:850][  0]LogMeshUtilities: No automatic skeletal mesh reduction module available
[2017.08.05-11.25.56:850][  0]LogMeshUtilities: No automatic mesh merging module available
[2017.08.05-11.25.58:240][  0]LogNetVersion: PreSaleFrameWork , NetCL: 3452394, EngineNetVer: 2, GameNetVer: 0 (Checksum: 3825140976)
[2017.08.05-11.25.58:355][  0]LogAssetRegistry: FAssetRegistry took 0.0269 seconds to start up
[2017.08.05-11.25.58:554][  0]LogPackageLocalizationCache: Processed 4 localized package path(s) for 2 prioritized culture(s) in 0.156878 seconds
[2017.08.05-11.25.58:562][  0]LogUObjectArray: 34194 objects as part of root set at end of initial load.
[2017.08.05-11.25.58:562][  0]LogUObjectAllocator: 7260416 out of 0 bytes used by permanent object pool.
[2017.08.05-11.25.58:562][  0]LogUObjectArray: CloseDisregardForGC: 0/0 objects in disregard for GC pool
[2017.08.05-11.25.58:673][  0]LogInit: WinSock: version 1.1 (2.2), MaxSocks=32767, MaxUdp=65467
[2017.08.05-11.26.04:690][  0]LogTcpMessaging: Initializing TcpMessaging bridge
[2017.08.05-11.26.04:745][  0]LogUdpMessaging: Initializing bridge on interface 0.0.0.0:0 to multicast group 230.0.0.1:6666.
[2017.08.05-11.26.05:629][  0]LogMaterial: Uniform references updated for custom material expression Custom.
[2017.08.05-11.26.06:315][  0]SourceControl: Info Source control is disabled
[2017.08.05-11.26.06:381][  0]SourceControl: Info Source control is disabled
[2017.08.05-11.26.06:462][  0]SourceControl: Info Source control is disabled
[2017.08.05-11.26.06:538][  0]SourceControl: Info Source control is disabled
[2017.08.05-11.26.07:672][  0]LogAndroidPermission: UAndroidPermissionCallbackProxy::GetInstance
[2017.08.05-11.26.08:086][  0]LogAnsel: Tried to load ../../../Engine/Plugins/Runtime/Nvidia/Ansel/Binaries/ThirdParty/AnselSDK64.dll : success=1
[2017.08.05-11.26.08:755][  0]LogEngine: Initializing Engine...
[2017.08.05-11.26.08:755][  0]LogHMD: Failed to initialize OpenVR with code 110
[2017.08.05-11.26.09:316][  0]LogStats: UGameplayTagsManager::ConstructGameplayTagTree: Construct from data asset -  0.000 s
[2017.08.05-11.26.09:316][  0]LogStats: UGameplayTagsManager::ConstructGameplayTagTree: GameplayTagTreeChangedEvent.Broadcast -  0.000 s
[2017.08.05-11.26.09:538][  0]LogAIModule: Creating AISystem for world Untitled
[2017.08.05-11.26.09:548][  0]LogInit: XAudio2 using 'DELL S2415H-4 (NVIDIA High Definition Audio)' : 2 channels at 48 kHz using 16 bits per sample (channel mask 0x3)
[2017.08.05-11.26.09:557][  0]LogInit: FAudioDevice initialized.
[2017.08.05-11.26.09:620][  0]LogDerivedDataCache: Saved boot cache 0.06s 90MB C:/Users/Intel/AppData/Local/UnrealEngine/4.16/DerivedDataCache/Boot.ddc.
[2017.08.05-11.26.09:649][  0]LogInit: Texture streaming: Enabled
[2017.08.05-11.26.09:808][  0]LogEngineSessionManager: EngineSessionManager initialized
[2017.08.05-11.26.10:180][  0]LogInit: Transaction tracking system initialized
[2017.08.05-11.26.10:713][  0]BlueprintLog: New page: Editor Load
[2017.08.05-11.26.12:313][  0]LocalizationService: Info Localization service is disabled
[2017.08.05-11.26.13:635][  0]LogConsoleResponse:Display: 
[2017.08.05-11.26.14:060][  0]LogCook:Display: Max memory allowance for cook 16384mb min free memory 0mb
[2017.08.05-11.26.14:060][  0]LogCook:Display: Mobile HDR setting 1
[2017.08.05-11.26.14:918][  0]LogFileCache: Scanning file cache for directory 'E:/UnrealProjects/PreSaleFrameWork/Content/' took 0.01s
[2017.08.05-11.26.15:780][  0]SourceControl: Info Source control is disabled
[2017.08.05-11.26.15:781][  0]Cmd: MAP LOAD FILE="E:/UnrealProjects/PreSaleFrameWork/Content/Walkthrough.umap" TEMPLATE=0 SHOWPROGRESS=1 FEATURELEVEL=3
[2017.08.05-11.26.15:833][  0]LightingResults: New page: Lighting Build
[2017.08.05-11.26.15:907][  0]MapCheck: New page: Map Check
[2017.08.05-11.26.15:907][  0]LightingResults: New page: Lighting Build
[2017.08.05-11.26.16:657][  0]LogAIModule: Creating AISystem for world Walkthrough
[2017.08.05-11.26.16:662][  0]LogEditorServer: Finished looking for orphan Actors (0.000 secs)
[2017.08.05-11.26.16:682][  0]Cmd: MAP CHECKDEP NOCLEARLOG
[2017.08.05-11.26.16:754][  0]MapCheck: Info Map check complete: 0 Error(s), 0 Warning(s), took 71.382ms to complete.
[2017.08.05-11.26.16:754][  0]LogFileHelpers: Loading map 'Walkthrough' took 0.973
[2017.08.05-11.26.16:993][  0]LogCollectionManager: Loaded 0 collections in 0.001329 seconds
[2017.08.05-11.26.17:104][  0]LogFileCache: Scanning file cache for directory 'E:/UnrealProjects/PreSaleFrameWork/Saved/Collections/' took 0.01s
[2017.08.05-11.26.17:104][  0]LogFileCache: Scanning file cache for directory 'E:/UnrealProjects/PreSaleFrameWork/Content/Developers/Intel/Collections/' took 0.01s
[2017.08.05-11.26.17:104][  0]LogFileCache: Scanning file cache for directory 'E:/UnrealProjects/PreSaleFrameWork/Content/Collections/' took 0.01s
[2017.08.05-11.26.17:104][  0]LogCollectionManager: Rebuilt the GUID cache for 0 collections in 0.000002 seconds
[2017.08.05-11.26.17:117][  0]LogContentBrowser: Native class hierarchy populated in 0.0135 seconds. Added 2329 classes and 491 folders.
[2017.08.05-11.26.17:228][  0]LogContentBrowser: Native class hierarchy updated for 'WidgetCarousel' in 0.0008 seconds. Added 0 classes and 0 folders.
[2017.08.05-11.26.17:718][  0]LogContentBrowser: Native class hierarchy updated for 'AddContentDialog' in 0.0007 seconds. Added 0 classes and 0 folders.
[2017.08.05-11.26.17:792][  0]LogContentBrowser: Native class hierarchy updated for 'SceneOutliner' in 0.0008 seconds. Added 1 classes and 2 folders.
[2017.08.05-11.26.17:928][  0]LogCrashTracker: Crashtracker disabled due to settings.
[2017.08.05-11.26.19:936][  0]LogSlate: Only BGRA pngs, bmps or icos are supported in by External Image Picker
[2017.08.05-11.26.19:967][  0]LogSlate: Took 0.000265 seconds to synchronously load lazily loaded font '../../../Engine/Content/Slate/Fonts/Roboto-Regular.ttf' (155K)
[2017.08.05-11.26.19:970][  0]LogTemp: Executing iPhonePackager certificates Engine -bundlename com.YourCompany.PreSaleFrameWork
[2017.08.05-11.26.19:970][  0]LogTemp: CWD: C:\Program Files\Epic Games\UE_4.16\Engine\Binaries\DotNET\IOS
[2017.08.05-11.26.19:970][  0]LogTemp: Initial Dir: C:\Program Files\Epic Games\UE_4.16
[2017.08.05-11.26.19:970][  0]LogTemp: Env CWD: C:\Program Files\Epic Games\UE_4.16\Engine\Binaries\DotNET\IOS
[2017.08.05-11.26.19:970][  0]LogSlate: Took 0.000591 seconds to synchronously load lazily loaded font '../../../Engine/Content/Slate/Fonts/Roboto-Bold.ttf' (160K)
[2017.08.05-11.26.19:992][  0]LogTemp: BranchPath = INTEL-PC/C/Program Files/Epic Games/UE_4.16/Engine/Binaries --- GameBranchPath = INTEL-PC/C/Program Files/Epic Games/UE_4.16/Engine/Binaries
[2017.08.05-11.26.19:992][  0]LogTemp: IPP ERROR: Could not find provision directory 'C:\Users\Intel\AppData\Local/Apple Computer/MobileDevice/Provisioning Profiles/'.
[2017.08.05-11.26.19:992][  0]LogSlate: Took 0.010726 seconds to synchronously load lazily loaded font '../../../Engine/Content/Editor/Slate/Fonts/FontAwesome.ttf' (139K)
[2017.08.05-11.26.20:130][  0]LogRenderer: Reallocating scene render targets to support 1208x504 NumSamples 1 (Frame:1).
[2017.08.05-11.26.20:180][  0]LogSlate: Took 0.000218 seconds to synchronously load lazily loaded font '../../../Engine/Content/Slate/Fonts/Roboto-Light.ttf' (159K)
[2017.08.05-11.26.20:269][  0]LogUObjectGlobals:Warning: Failed to find object 'Class None.'
[2017.08.05-11.26.20:365][  0]LogContentBrowser: Native class hierarchy updated for 'HierarchicalLODOutliner' in 0.0008 seconds. Added 1 classes and 2 folders.
[2017.08.05-11.26.20:365][  0]LogLoad: (Engine Initialization) Total time: 34.68 seconds
[2017.08.05-11.26.20:365][  0]LogLoad: (Engine Initialization) Total Blueprint compile time: 0.23 seconds
[2017.08.05-11.26.20:365][  0]LogExternalProfiler: Found external profiler: VSPerf
[2017.08.05-11.26.20:366][  0]LogExternalProfiler: Using external profiler: VSPerf
[2017.08.05-11.26.20:375][  0]LogOcInput: OculusInput pre-init called
[2017.08.05-11.26.20:375][  0]LogHMD: Starting GearVRController plugin
[2017.08.05-11.26.20:399][  0]LogContentStreaming: Texture pool size now 1000 MB
[2017.08.05-11.26.20:513][  1]LogRenderer: Reallocating scene render targets to support 1208x524 NumSamples 1 (Frame:2).
[2017.08.05-11.26.20:518][  1]LogAssetRegistry: Asset discovery search completed in 22.1807 seconds
[2017.08.05-11.26.20:520][  1]LogCollectionManager: Rebuilt the object cache for 0 collections in 0.000001 seconds (found 0 objects)
[2017.08.05-11.26.20:520][  1]LogCollectionManager: Fixed up redirectors for 0 collections in 0.000051 seconds (updated 0 objects)
[2017.08.05-11.26.21:395][ 93]LogSlate: Took 0.000239 seconds to synchronously load lazily loaded font '../../../Engine/Content/Slate/Fonts/Roboto-Light.ttf' (159K)
[2017.08.05-11.26.23:247][281]LogSlate: Took 0.000250 seconds to synchronously load lazily loaded font '../../../Engine/Content/Slate/Fonts/Roboto-Light.ttf' (159K)
[2017.08.05-11.26.23:854][281]LogContentBrowser: Native class hierarchy updated for 'BlueprintGraph' in 0.0014 seconds. Added 112 classes and 0 folders.
[2017.08.05-11.26.24:996][281]LogSlate: Took 0.009162 seconds to synchronously load lazily loaded font '../../../Engine/Content/Editor/Slate/Fonts/Roboto-BoldCondensed.ttf' (158K)
[2017.08.05-11.26.49:210][235]AssetTools: New page: Content migration completed successfully!
[2017.08.05-11.26.49:210][235]AssetTools: Info /Game/Walkthrough
[2017.08.05-11.26.49:210][235]AssetTools: Info /Game/DragAndDrop/Furdo_PlayerSTart
[2017.08.05-11.26.49:210][235]AssetTools: Info /Game/Blueprints/PreSaleGameMode
[2017.08.05-11.26.49:210][235]AssetTools: Info /Game/Blueprints/FurdoPawn
[2017.08.05-11.26.49:210][235]AssetTools: Info /Game/Blueprints/PreSaleSave
[2017.08.05-11.26.49:210][235]AssetTools: Info /Game/UI/FurdoHUD
[2017.08.05-11.26.49:210][235]AssetTools: Info /Game/UI/WalkthoughUI
[2017.08.05-11.26.49:210][235]AssetTools: Info /Game/UI/furdo-new-logo_black-text-transparent
[2017.08.05-11.26.49:210][235]AssetTools: Info /Game/UI/navigation
[2017.08.05-11.26.49:210][235]AssetTools: Info /Game/DragAndDrop/GlobalPostProcessVolume
[2017.08.05-11.27.00:845][818]LogSlate: Only BGRA pngs, bmps or icos are supported in by External Image Picker
[2017.08.05-11.27.00:891][819]LogTemp: Executing iPhonePackager certificates Engine -bundlename com.YourCompany.PreSaleFrameWork
[2017.08.05-11.27.00:891][819]LogTemp: CWD: C:\Program Files\Epic Games\UE_4.16\Engine\Binaries\DotNET\IOS
[2017.08.05-11.27.00:891][819]LogTemp: Initial Dir: C:\Program Files\Epic Games\UE_4.16
[2017.08.05-11.27.00:891][819]LogTemp: Env CWD: C:\Program Files\Epic Games\UE_4.16\Engine\Binaries\DotNET\IOS
[2017.08.05-11.27.00:891][819]LogTemp: BranchPath = INTEL-PC/C/Program Files/Epic Games/UE_4.16/Engine/Binaries --- GameBranchPath = INTEL-PC/C/Program Files/Epic Games/UE_4.16/Engine/Binaries
[2017.08.05-11.27.00:891][819]LogTemp: IPP ERROR: Could not find provision directory 'C:\Users\Intel\AppData\Local/Apple Computer/MobileDevice/Provisioning Profiles/'.
[2017.08.05-11.27.20:402][143]LogHttp:Warning: 000000003D834B80: request failed, libcurl error: 6 (Couldn't resolve host name)
[2017.08.05-11.27.20:402][143]LogHttp:Warning: 000000003D834B80: libcurl info message cache 0 (Could not resolve host: datarouter.ol.epicgames.com)
[2017.08.05-11.27.20:402][143]LogHttp:Warning: 000000003D834B80: libcurl info message cache 1 (Closing connection 0)
[2017.08.05-11.28.20:398][215]LogHttp:Warning: 000000003D836680: request failed, libcurl error: 6 (Couldn't resolve host name)
[2017.08.05-11.28.20:398][215]LogHttp:Warning: 000000003D836680: libcurl info message cache 0 (Could not resolve host: datarouter.ol.epicgames.com)
[2017.08.05-11.28.20:398][215]LogHttp:Warning: 000000003D836680: libcurl info message cache 1 (Closing connection 1)
[2017.08.05-11.29.20:416][984]LogHttp:Warning: 000000003D867D00: request failed, libcurl error: 6 (Couldn't resolve host name)
[2017.08.05-11.29.20:416][984]LogHttp:Warning: 000000003D867D00: libcurl info message cache 0 (Could not resolve host: datarouter.ol.epicgames.com)
[2017.08.05-11.29.20:416][984]LogHttp:Warning: 000000003D867D00: libcurl info message cache 1 (Closing connection 2)
[2017.08.05-11.30.20:813][936]LogHttp:Warning: 000000004A9C6380: request failed, libcurl error: 6 (Couldn't resolve host name)
[2017.08.05-11.30.20:813][936]LogHttp:Warning: 000000004A9C6380: libcurl info message cache 0 (Could not resolve host: datarouter.ol.epicgames.com)
[2017.08.05-11.30.20:813][936]LogHttp:Warning: 000000004A9C6380: libcurl info message cache 1 (Closing connection 3)
[2017.08.05-11.32.20:494][295]LogHttp:Warning: 000000004A9C6980: request failed, libcurl error: 6 (Couldn't resolve host name)
[2017.08.05-11.32.20:494][295]LogHttp:Warning: 000000004A9C6980: libcurl info message cache 0 (Could not resolve host: datarouter.ol.epicgames.com)
[2017.08.05-11.32.20:494][295]LogHttp:Warning: 000000004A9C6980: libcurl info message cache 1 (Closing connection 4)
[2017.08.05-11.33.20:772][475]LogHttp:Warning: 000000004A9C7100: request failed, libcurl error: 6 (Couldn't resolve host name)
[2017.08.05-11.33.20:772][475]LogHttp:Warning: 000000004A9C7100: libcurl info message cache 0 (Could not resolve host: datarouter.ol.epicgames.com)
[2017.08.05-11.33.20:772][475]LogHttp:Warning: 000000004A9C7100: libcurl info message cache 1 (Closing connection 5)
[2017.08.05-11.35.20:451][834]LogHttp:Warning: 000000004A9C5300: request failed, libcurl error: 6 (Couldn't resolve host name)
[2017.08.05-11.35.20:451][834]LogHttp:Warning: 000000004A9C5300: libcurl info message cache 0 (Could not resolve host: datarouter.ol.epicgames.com)
[2017.08.05-11.35.20:451][834]LogHttp:Warning: 000000004A9C5300: libcurl info message cache 1 (Closing connection 6)
[2017.08.05-11.36.20:456][ 14]LogHttp:Warning: 000000004A9C6F80: request failed, libcurl error: 6 (Couldn't resolve host name)
[2017.08.05-11.36.20:457][ 14]LogHttp:Warning: 000000004A9C6F80: libcurl info message cache 0 (Could not resolve host: datarouter.ol.epicgames.com)
[2017.08.05-11.36.20:457][ 14]LogHttp:Warning: 000000004A9C6F80: libcurl info message cache 1 (Closing connection 7)
[2017.08.05-11.37.20:462][194]LogHttp:Warning: 000000004A9C4580: request failed, libcurl error: 6 (Couldn't resolve host name)
[2017.08.05-11.37.20:462][194]LogHttp:Warning: 000000004A9C4580: libcurl info message cache 0 (Could not resolve host: datarouter.ol.epicgames.com)
[2017.08.05-11.37.20:462][194]LogHttp:Warning: 000000004A9C4580: libcurl info message cache 1 (Closing connection 8)
[2017.08.05-11.38.20:472][374]LogHttp:Warning: 000000004A9C4580: request failed, libcurl error: 6 (Couldn't resolve host name)
[2017.08.05-11.38.20:472][374]LogHttp:Warning: 000000004A9C4580: libcurl info message cache 0 (Could not resolve host: datarouter.ol.epicgames.com)
[2017.08.05-11.38.20:472][374]LogHttp:Warning: 000000004A9C4580: libcurl info message cache 1 (Closing connection 9)
[2017.08.05-11.39.20:479][554]LogHttp:Warning: 000000004A9C4400: request failed, libcurl error: 6 (Couldn't resolve host name)
[2017.08.05-11.39.20:479][554]LogHttp:Warning: 000000004A9C4400: libcurl info message cache 0 (Could not resolve host: datarouter.ol.epicgames.com)
[2017.08.05-11.39.20:479][554]LogHttp:Warning: 000000004A9C4400: libcurl info message cache 1 (Closing connection 10)
[2017.08.05-11.39.49:976][889]Cmd: QUIT_EDITOR
[2017.08.05-11.39.50:018][889]LogExit: Preparing to exit.
[2017.08.05-11.39.51:121][889]LogExit: Editor shut down
[2017.08.05-11.39.51:129][889]LogExit: Transaction tracking system shut down
[2017.08.05-11.39.51:277][889]LogObj: Freed 0b from 0 cluster array pools.
[2017.08.05-11.39.51:277][889]LogExit: Object subsystem successfully closed.
[2017.08.05-11.39.51:322][889]LogD3D11RHI: Shutdown
[2017.08.05-11.39.51:322][889]LogD3D11RHI: CleanupD3DDevice
[2017.08.05-11.39.51:420][889]LogD3D11RHI: ~FD3D11DynamicRHI
[2017.08.05-11.39.51:442][889]LogModuleManager: Shutting down and abandoning module SequencerWidgets (534)
[2017.08.05-11.39.51:442][889]LogModuleManager: Shutting down and abandoning module BlueprintGraph (532)
[2017.08.05-11.39.51:442][889]LogModuleManager: Shutting down and abandoning module BlueprintProfiler (530)
[2017.08.05-11.39.51:442][889]LogModuleManager: Shutting down and abandoning module HierarchicalLODOutliner (528)
[2017.08.05-11.39.51:442][889]LogModuleManager: Shutting down and abandoning module ExternalImagePicker (526)
[2017.08.05-11.39.51:442][889]LogModuleManager: Shutting down and abandoning module CrashTracker (524)
[2017.08.05-11.39.51:442][889]LogModuleManager: Shutting down and abandoning module SceneOutliner (522)
[2017.08.05-11.39.51:442][889]LogModuleManager: Shutting down and abandoning module AddContentDialog (520)
[2017.08.05-11.39.51:442][889]LogDirectoryWatcher: A directory notification for 'C:/Program Files/Epic Games/UE_4.16/FeaturePacks/' was aborted.
[2017.08.05-11.39.51:444][889]LogModuleManager: Shutting down and abandoning module WidgetCarousel (519)
[2017.08.05-11.39.51:444][889]LogModuleManager: Shutting down and abandoning module EditorWidgets (516)
[2017.08.05-11.39.51:444][889]LogModuleManager: Shutting down and abandoning module CollectionManager (514)
[2017.08.05-11.39.51:444][889]LogDirectoryWatcher: A directory notification for 'E:/UnrealProjects/PreSaleFrameWork/Content/Collections/' was aborted.
[2017.08.05-11.39.51:445][889]LogDirectoryWatcher: A directory notification for 'E:/UnrealProjects/PreSaleFrameWork/Content/Developers/Intel/Collections/' was aborted.
[2017.08.05-11.39.51:445][889]LogDirectoryWatcher: A directory notification for 'E:/UnrealProjects/PreSaleFrameWork/Saved/Collections/' was aborted.
[2017.08.05-11.39.51:445][889]LogModuleManager: Shutting down and abandoning module StatsViewer (512)
[2017.08.05-11.39.51:445][889]LogModuleManager: Shutting down and abandoning module FoliageEdit (510)
[2017.08.05-11.39.51:445][889]LogModuleManager: Shutting down and abandoning module LandscapeEditor (508)
[2017.08.05-11.39.51:445][889]LogModuleManager: Shutting down and abandoning module MeshPaintMode (506)
[2017.08.05-11.39.51:445][889]LogModuleManager: Shutting down and abandoning module SceneDepthPickerMode (504)
[2017.08.05-11.39.51:445][889]LogModuleManager: Shutting down and abandoning module ActorPickerMode (502)
[2017.08.05-11.39.51:445][889]LogModuleManager: Shutting down and abandoning module GeometryMode (500)
[2017.08.05-11.39.51:445][889]LogModuleManager: Shutting down and abandoning module TextureAlignMode (498)
[2017.08.05-11.39.51:445][889]LogModuleManager: Shutting down and abandoning module BspMode (496)
[2017.08.05-11.39.51:445][889]LogModuleManager: Shutting down and abandoning module HardwareSurvey (494)
[2017.08.05-11.39.51:445][889]LogModuleManager: Shutting down and abandoning module SequenceRecorderSections (492)
[2017.08.05-11.39.51:445][889]LogModuleManager: Shutting down and abandoning module AutomationWorker (490)
[2017.08.05-11.39.51:445][889]LogModuleManager: Shutting down and abandoning module MatineeToLevelSequence (488)
[2017.08.05-11.39.51:445][889]LogModuleManager: Shutting down and abandoning module LevelSequenceEditor (486)
[2017.08.05-11.39.51:445][889]LogModuleManager: Shutting down and abandoning module PlacementMode (485)
[2017.08.05-11.39.51:445][889]LogModuleManager: Shutting down and abandoning module WmfMediaFactory (482)
[2017.08.05-11.39.51:445][889]LogModuleManager: Shutting down and abandoning module WmfMediaEditor (480)
[2017.08.05-11.39.51:445][889]LogModuleManager: Shutting down and abandoning module AvfMediaFactory (478)
[2017.08.05-11.39.51:445][889]LogModuleManager: Shutting down and abandoning module AvfMediaEditor (476)
[2017.08.05-11.39.51:445][889]LogModuleManager: Shutting down and abandoning module AndroidMediaFactory (474)
[2017.08.05-11.39.51:445][889]LogModuleManager: Shutting down and abandoning module Media (473)
[2017.08.05-11.39.51:445][889]LogModuleManager: Shutting down and abandoning module AndroidMediaEditor (470)
[2017.08.05-11.39.51:445][889]LogModuleManager: Shutting down and abandoning module CharacterAI (468)
[2017.08.05-11.39.51:445][889]LogModuleManager: Shutting down and abandoning module AudioCapture (466)
[2017.08.05-11.39.51:445][889]LogModuleManager: Shutting down and abandoning module SequenceRecorder (465)
[2017.08.05-11.39.51:445][889]LogModuleManager: Shutting down and abandoning module SmartSnapping (462)
[2017.08.05-11.39.51:445][889]LogModuleManager: Shutting down and abandoning module SessionServices (460)
[2017.08.05-11.39.51:445][889]LogModuleManager: Shutting down and abandoning module ViewportSnapping (458)
[2017.08.05-11.39.51:445][889]LogModuleManager: Shutting down and abandoning module ViewportInteraction (456)
[2017.08.05-11.39.51:445][889]LogModuleManager: Shutting down and abandoning module ClothPainter (454)
[2017.08.05-11.39.51:445][889]LogModuleManager: Shutting down and abandoning module LogVisualizer (452)
[2017.08.05-11.39.51:445][889]LogModuleManager: Shutting down and abandoning module IntroTutorials (450)
[2017.08.05-11.39.51:445][889]LogModuleManager: Shutting down and abandoning module GameProjectGeneration (449)
[2017.08.05-11.39.51:446][889]LogModuleManager: Shutting down and abandoning module EditorLiveStreaming (446)
[2017.08.05-11.39.51:446][889]LogModuleManager: Shutting down and abandoning module IOSPlatformEditor (444)
[2017.08.05-11.39.51:446][889]LogModuleManager: Shutting down and abandoning module HTML5PlatformEditor (442)
[2017.08.05-11.39.51:446][889]LogModuleManager: Shutting down and abandoning module AndroidPlatformEditor (440)
[2017.08.05-11.39.51:446][889]LogModuleManager: Shutting down and abandoning module AndroidDeviceDetection (439)
[2017.08.05-11.39.52:299][889]LogModuleManager: Shutting down and abandoning module IOSRuntimeSettings (436)
[2017.08.05-11.39.52:299][889]LogModuleManager: Shutting down and abandoning module AndroidRuntimeSettings (434)
[2017.08.05-11.39.52:299][889]LogModuleManager: Shutting down and abandoning module InputBindingEditor (432)
[2017.08.05-11.39.52:299][889]LogModuleManager: Shutting down and abandoning module MergeActors (430)
[2017.08.05-11.39.52:299][889]LogModuleManager: Shutting down and abandoning module SizeMap (428)
[2017.08.05-11.39.52:299][889]LogModuleManager: Shutting down and abandoning module TreeMap (426)
[2017.08.05-11.39.52:299][889]LogModuleManager: Shutting down and abandoning module ReferenceViewer (424)
[2017.08.05-11.39.52:299][889]LogModuleManager: Shutting down and abandoning module LocalizationDashboard (422)
[2017.08.05-11.39.52:299][889]LogModuleManager: Shutting down and abandoning module LocalizationService (421)
[2017.08.05-11.39.52:299][889]LogModuleManager: Shutting down and abandoning module HardwareTargeting (418)
[2017.08.05-11.39.52:299][889]LogModuleManager: Shutting down and abandoning module DeviceProfileEditor (416)
[2017.08.05-11.39.52:299][889]LogModuleManager: Shutting down and abandoning module UndoHistory (414)
[2017.08.05-11.39.52:300][889]LogModuleManager: Shutting down and abandoning module UserFeedback (412)
[2017.08.05-11.39.52:300][889]LogModuleManager: Shutting down and abandoning module XmlParser (410)
[2017.08.05-11.39.52:300][889]LogModuleManager: Shutting down and abandoning module Blutility (408)
[2017.08.05-11.39.52:300][889]LogModuleManager: Shutting down and abandoning module ProjectSettingsViewer (406)
[2017.08.05-11.39.52:300][889]LogModuleManager: Shutting down and abandoning module ProjectTargetPlatformEditor (405)
[2017.08.05-11.39.52:300][889]LogModuleManager: Shutting down and abandoning module EditorSettingsViewer (402)
[2017.08.05-11.39.52:300][889]LogModuleManager: Shutting down and abandoning module SettingsEditor (400)
[2017.08.05-11.39.52:300][889]LogModuleManager: Shutting down and abandoning module ProjectLauncher (398)
[2017.08.05-11.39.52:300][889]LogModuleManager: Shutting down and abandoning module SessionFrontend (396)
[2017.08.05-11.39.52:300][889]LogModuleManager: Shutting down and abandoning module ProfilerClient (394)
[2017.08.05-11.39.52:300][889]LogModuleManager: Shutting down and abandoning module DeviceManager (392)
[2017.08.05-11.39.52:300][889]LogModuleManager: Shutting down and abandoning module TargetDeviceServices (391)
[2017.08.05-11.39.52:360][889]LogModuleManager: Shutting down and abandoning module AutomationController (388)
[2017.08.05-11.39.52:360][889]LogModuleManager: Shutting down and abandoning module AutomationWindow (386)
[2017.08.05-11.39.52:360][889]LogModuleManager: Shutting down and abandoning module Layers (384)
[2017.08.05-11.39.52:360][889]LogModuleManager: Shutting down and abandoning module ComponentVisualizers (382)
[2017.08.05-11.39.52:360][889]LogModuleManager: Shutting down and abandoning module DetailCustomizations (380)
[2017.08.05-11.39.52:360][889]LogModuleManager: Shutting down and abandoning module PackagesDialog (378)
[2017.08.05-11.39.52:360][889]LogModuleManager: Shutting down and abandoning module Persona (376)
[2017.08.05-11.39.52:360][889]LogModuleManager: Shutting down and abandoning module AdvancedPreviewScene (375)
[2017.08.05-11.39.52:360][889]LogModuleManager: Shutting down and abandoning module AnimGraph (373)
[2017.08.05-11.39.52:360][889]LogModuleManager: Shutting down and abandoning module Kismet (370)
[2017.08.05-11.39.52:368][889]LogModuleManager: Shutting down and abandoning module ClassViewer (368)
[2017.08.05-11.39.52:368][889]LogModuleManager: Shutting down and abandoning module Toolbox (366)
[2017.08.05-11.39.52:368][889]LogModuleManager: Shutting down and abandoning module ModuleUI (364)
[2017.08.05-11.39.52:368][889]LogModuleManager: Shutting down and abandoning module MovieSceneTools (362)
[2017.08.05-11.39.52:368][889]LogModuleManager: Shutting down and abandoning module OutputLog (360)
[2017.08.05-11.39.52:368][889]LogModuleManager: Shutting down and abandoning module GammaUI (358)
[2017.08.05-11.39.52:368][889]LogModuleManager: Shutting down and abandoning module Documentation (356)
[2017.08.05-11.39.52:368][889]LogModuleManager: Shutting down and abandoning module MovieSceneTracks (354)
[2017.08.05-11.39.52:368][889]LogModuleManager: Shutting down and abandoning module MovieScene (352)
[2017.08.05-11.39.52:368][889]LogModuleManager: Shutting down and abandoning module Niagara (350)
[2017.08.05-11.39.52:368][889]LogModuleManager: Shutting down and abandoning module NiagaraEditor (349)
[2017.08.05-11.39.52:368][889]LogModuleManager: Shutting down and abandoning module StreamingPauseRendering (346)
[2017.08.05-11.39.52:368][889]LogModuleManager: Shutting down and abandoning module AnalyticsET (344)
[2017.08.05-11.39.52:368][889]LogModuleManager: Shutting down and abandoning module PortalServices (342)
[2017.08.05-11.39.52:368][889]LogModuleManager: Shutting down and abandoning module PortalRpc (340)
[2017.08.05-11.39.52:368][889]LogModuleManager: Shutting down and abandoning module MessagingRpc (338)
[2017.08.05-11.39.52:368][889]LogModuleManager: Shutting down and abandoning module AIModule (336)
[2017.08.05-11.39.52:368][889]LogModuleManager: Shutting down and abandoning module GameplayDebugger (335)
[2017.08.05-11.39.52:368][889]LogModuleManager: Shutting down and abandoning module AITestSuite (333)
[2017.08.05-11.39.52:368][889]LogModuleManager: Shutting down and abandoning module ProfilerService (330)
[2017.08.05-11.39.52:616][889]LogModuleManager: Shutting down and abandoning module TaskGraph (328)
[2017.08.05-11.39.52:616][889]LogModuleManager: Shutting down and abandoning module SteamVRController (326)
[2017.08.05-11.39.52:616][889]LogModuleManager: Shutting down and abandoning module SteamVR (324)
[2017.08.05-11.39.52:616][889]LogModuleManager: Shutting down and abandoning module ProceduralMeshComponentEditor (322)
[2017.08.05-11.39.52:616][889]LogModuleManager: Shutting down and abandoning module ProceduralMeshComponent (320)
[2017.08.05-11.39.52:616][889]LogModuleManager: Shutting down and abandoning module OculusLibrary (318)
[2017.08.05-11.39.52:616][889]LogModuleManager: Shutting down and abandoning module OculusInput (316)
[2017.08.05-11.39.52:616][889]LogModuleManager: Shutting down and abandoning module Ansel (314)
[2017.08.05-11.39.52:617][889]LogModuleManager: Shutting down and abandoning module MobilePatchingUtils (312)
[2017.08.05-11.39.52:617][889]LogModuleManager: Shutting down and abandoning module CustomMeshComponent (310)
[2017.08.05-11.39.52:617][889]LogModuleManager: Shutting down and abandoning module CableComponent (308)
[2017.08.05-11.39.52:617][889]LogModuleManager: Shutting down and abandoning module ArchVisCharacter (306)
[2017.08.05-11.39.52:617][889]LogModuleManager: Shutting down and abandoning module AndroidPermission (304)
[2017.08.05-11.39.52:617][889]LogModuleManager: Shutting down and abandoning module MediaPlayerEditor (300)
[2017.08.05-11.39.52:617][889]LogModuleManager: Shutting down and abandoning module HTML5Networking (298)
[2017.08.05-11.39.52:617][889]LogModuleManager: Shutting down and abandoning module AlembicImporter (296)
[2017.08.05-11.39.52:617][889]LogModuleManager: Shutting down and abandoning module AlembicLibrary (295)
[2017.08.05-11.39.52:617][889]LogModuleManager: Shutting down and abandoning module GeometryCache (294)
[2017.08.05-11.39.52:617][889]LogModuleManager: Shutting down and abandoning module GeometryCacheEd (293)
[2017.08.05-11.39.52:617][889]LogModuleManager: Shutting down and abandoning module SuperSearchEditor (288)
[2017.08.05-11.39.52:617][889]LogModuleManager: Shutting down and abandoning module SuperSearch (287)
[2017.08.05-11.39.52:617][889]LogModuleManager: Shutting down and abandoning module SpeedTreeImporter (284)
[2017.08.05-11.39.52:617][889]LogModuleManager: Shutting down and abandoning module PluginBrowser (282)
[2017.08.05-11.39.52:617][889]LogModuleManager: Shutting down and abandoning module MobileLauncherProfileWizard (280)
[2017.08.05-11.39.52:617][889]LogModuleManager: Shutting down and abandoning module VisualStudioSourceCodeAccess (278)
[2017.08.05-11.39.52:617][889]LogModuleManager: Shutting down and abandoning module DesktopPlatform (277)
[2017.08.05-11.39.52:617][889]LogModuleManager: Shutting down and abandoning module UObjectPlugin (274)
[2017.08.05-11.39.52:617][889]LogModuleManager: Shutting down and abandoning module SubversionSourceControl (272)
[2017.08.05-11.39.52:617][889]LogModuleManager: Shutting down and abandoning module PerforceSourceControl (270)
[2017.08.05-11.39.52:617][889]LogModuleManager: Shutting down and abandoning module GitSourceControl (268)
[2017.08.05-11.39.52:617][889]LogModuleManager: Shutting down and abandoning module SourceControl (267)
[2017.08.05-11.39.52:617][889]LogModuleManager: Shutting down and abandoning module LightPropagationVolumeEditor (264)
[2017.08.05-11.39.52:617][889]LogModuleManager: Shutting down and abandoning module PaperTiledImporter (262)
[2017.08.05-11.39.52:617][889]LogModuleManager: Shutting down and abandoning module PaperSpriteSheetImporter (260)
[2017.08.05-11.39.52:617][889]LogModuleManager: Shutting down and abandoning module Paper2DEditor (258)
[2017.08.05-11.39.52:617][889]LogModuleManager: Shutting down and abandoning module MeshPaint (257)
[2017.08.05-11.39.52:617][889]LogModuleManager: Shutting down and abandoning module LevelEditor (255)
[2017.08.05-11.39.52:618][889]LogModuleManager: Shutting down and abandoning module PixelInspectorModule (254)
[2017.08.05-11.39.52:618][889]LogModuleManager: Shutting down and abandoning module MainFrame (252)
[2017.08.05-11.39.52:619][889]LogModuleManager: Shutting down and abandoning module HotReload (251)
[2017.08.05-11.39.52:619][889]LogDirectoryWatcher: A directory notification for 'E:/UnrealProjects/PreSaleFrameWork/Binaries/Win64' was aborted.
[2017.08.05-11.39.52:619][889]LogModuleManager: Shutting down and abandoning module PhysXVehiclesEditor (246)
[2017.08.05-11.39.52:619][889]LogModuleManager: Shutting down and abandoning module PhysXVehicles (244)
[2017.08.05-11.39.52:619][889]LogModuleManager: Shutting down and abandoning module LocationServicesBPLibrary (242)
[2017.08.05-11.39.52:619][889]LogModuleManager: Shutting down and abandoning module ImmediatePhysicsEditor (240)
[2017.08.05-11.39.52:619][889]LogModuleManager: Shutting down and abandoning module ImmediatePhysics (238)
[2017.08.05-11.39.52:619][889]LogModuleManager: Shutting down and abandoning module UdpMessaging (236)
[2017.08.05-11.39.52:719][889]LogModuleManager: Shutting down and abandoning module TcpMessaging (234)
[2017.08.05-11.39.52:819][889]LogModuleManager: Shutting down and abandoning module GameplayTagsEditor (232)
[2017.08.05-11.39.52:819][889]LogModuleManager: Shutting down and abandoning module FacialAnimationEditor (230)
[2017.08.05-11.39.52:819][889]LogModuleManager: Shutting down and abandoning module FacialAnimation (228)
[2017.08.05-11.39.52:819][889]LogModuleManager: Shutting down and abandoning module AssetManagerEditor (226)
[2017.08.05-11.39.52:819][889]LogModuleManager: Shutting down and abandoning module GraphEditor (225)
[2017.08.05-11.39.52:819][889]LogModuleManager: Shutting down and abandoning module ContentBrowser (223)
[2017.08.05-11.39.52:821][889]LogModuleManager: Shutting down and abandoning module LightPropagationVolumeRuntime (220)
[2017.08.05-11.39.52:821][889]LogModuleManager: Shutting down and abandoning module Paper2D (218)
[2017.08.05-11.39.52:821][889]LogModuleManager: Shutting down and abandoning module WindowsMoviePlayer (216)
[2017.08.05-11.39.52:821][889]LogModuleManager: Shutting down and abandoning module WmfMedia (214)
[2017.08.05-11.39.52:821][889]LogModuleManager: Shutting down and abandoning module ClothingSystemEditor (212)
[2017.08.05-11.39.52:821][889]LogModuleManager: Shutting down and abandoning module ClothingSystemRuntime (210)
[2017.08.05-11.39.52:822][889]LogModuleManager: Shutting down and abandoning module MediaAssets (208)
[2017.08.05-11.39.52:822][889]LogModuleManager: Shutting down and abandoning module GameLiveStreaming (206)
[2017.08.05-11.39.52:822][889]LogModuleManager: Shutting down and abandoning module VREditor (204)
[2017.08.05-11.39.52:822][889]LogModuleManager: Shutting down and abandoning module StringTableEditor (202)
[2017.08.05-11.39.52:822][889]LogModuleManager: Shutting down and abandoning module GameplayTasksEditor (200)
[2017.08.05-11.39.52:822][889]LogModuleManager: Shutting down and abandoning module BehaviorTreeEditor (198)
[2017.08.05-11.39.52:822][889]LogModuleManager: Shutting down and abandoning module FunctionalTesting (196)
[2017.08.05-11.39.52:822][889]LogModuleManager: Shutting down and abandoning module CollisionAnalyzer (194)
[2017.08.05-11.39.52:822][889]LogModuleManager: Shutting down and abandoning module UMG (192)
[2017.08.05-11.39.52:822][889]LogModuleManager: Shutting down and abandoning module UMGEditor (191)
[2017.08.05-11.39.52:822][889]LogModuleManager: Shutting down and abandoning module Sequencer (190)
[2017.08.05-11.39.52:822][889]LogModuleManager: Shutting down and abandoning module AssetTools (188)
[2017.08.05-11.39.52:822][889]LogModuleManager: Shutting down and abandoning module MessageLog (187)
[2017.08.05-11.39.52:822][889]LogModuleManager: Shutting down and abandoning module WorkspaceMenuStructure (186)
[2017.08.05-11.39.52:822][889]LogModuleManager: Shutting down and abandoning module SlateReflector (180)
[2017.08.05-11.39.52:822][889]LogModuleManager: Shutting down and abandoning module Slate (178)
[2017.08.05-11.39.52:822][889]LogModuleManager: Shutting down and abandoning module EditorStyle (176)
[2017.08.05-11.39.52:825][889]LogModuleManager: Shutting down and abandoning module SourceCodeAccess (174)
[2017.08.05-11.39.52:825][889]LogModuleManager: Shutting down and abandoning module HeadMountedDisplay (172)
[2017.08.05-11.39.52:825][889]LogModuleManager: Shutting down and abandoning module XAudio2 (170)
[2017.08.05-11.39.52:825][889]LogModuleManager: Shutting down and abandoning module Networking (168)
[2017.08.05-11.39.52:825][889]LogModuleManager: Shutting down and abandoning module Core (164)
[2017.08.05-11.39.52:825][889]LogModuleManager: Shutting down and abandoning module AssetRegistry (162)
[2017.08.05-11.39.53:160][889]LogDirectoryWatcher: A directory notification for '../../../Engine/Content/' was aborted.
[2017.08.05-11.39.53:160][889]LogDirectoryWatcher: A directory notification for 'E:/UnrealProjects/PreSaleFrameWork/Content/' was aborted.
[2017.08.05-11.39.53:160][889]LogDirectoryWatcher: A directory notification for '../../../Engine/Plugins/2D/Paper2D/Content/' was aborted.
[2017.08.05-11.39.53:160][889]LogDirectoryWatcher: A directory notification for '../../../Engine/Plugins/Runtime/GearVR/Content/' was aborted.
[2017.08.05-11.39.53:164][889]LogModuleManager: Shutting down and abandoning module DirectoryWatcher (161)
[2017.08.05-11.39.53:165][889]LogModuleManager: Shutting down and abandoning module KismetCompiler (158)
[2017.08.05-11.39.53:165][889]LogModuleManager: Shutting down and abandoning module PhysXFormats (156)
[2017.08.05-11.39.53:165][889]LogModuleManager: Shutting down and abandoning module MeshUtilities (154)
[2017.08.05-11.39.53:165][889]LogModuleManager: Shutting down and abandoning module SimplygonSwarm (153)
[2017.08.05-11.39.53:165][889]LogModuleManager: Shutting down and abandoning module SimplygonMeshReduction (151)
[2017.08.05-11.39.53:165][889]LogModuleManager: Shutting down and abandoning module QuadricMeshReduction (149)
[2017.08.05-11.39.53:165][889]LogModuleManager: Shutting down and abandoning module LevelSequence (146)
[2017.08.05-11.39.53:165][889]LogModuleManager: Shutting down and abandoning module DerivedDataCache (144)
[2017.08.05-11.39.53:199][889]LogDerivedDataCache: Shutdown
[2017.08.05-11.39.53:199][889]LogModuleManager: Shutting down and abandoning module TargetPlatform (142)
[2017.08.05-11.39.53:199][889]LogModuleManager: Shutting down and abandoning module VulkanShaderFormat (141)
[2017.08.05-11.39.53:199][889]LogModuleManager: Shutting down and abandoning module ShaderFormatVectorVM (139)
[2017.08.05-11.39.53:199][889]LogModuleManager: Shutting down and abandoning module ShaderFormatOpenGL (137)
[2017.08.05-11.39.53:199][889]LogModuleManager: Shutting down and abandoning module ShaderFormatD3D (135)
[2017.08.05-11.39.53:199][889]LogModuleManager: Shutting down and abandoning module MetalShaderFormat (133)
[2017.08.05-11.39.53:199][889]LogModuleManager: Shutting down and abandoning module TextureFormatUncompressed (131)
[2017.08.05-11.39.53:199][889]LogModuleManager: Shutting down and abandoning module TextureFormatPVR (129)
[2017.08.05-11.39.53:199][889]LogModuleManager: Shutting down and abandoning module TextureFormatDXT (127)
[2017.08.05-11.39.53:199][889]LogModuleManager: Shutting down and abandoning module TextureFormatIntelISPCTexComp (125)
[2017.08.05-11.39.53:199][889]LogModuleManager: Shutting down and abandoning module TextureFormatASTC (123)
[2017.08.05-11.39.53:199][889]LogModuleManager: Shutting down and abandoning module ImageWrapper (122)
[2017.08.05-11.39.53:199][889]LogModuleManager: Shutting down and abandoning module TextureFormatAndroid (119)
[2017.08.05-11.39.53:199][889]LogModuleManager: Shutting down and abandoning module AudioFormatOpus (117)
[2017.08.05-11.39.53:199][889]LogModuleManager: Shutting down and abandoning module AudioFormatOgg (115)
[2017.08.05-11.39.53:199][889]LogModuleManager: Shutting down and abandoning module AudioFormatADPCM (113)
[2017.08.05-11.39.53:199][889]LogModuleManager: Shutting down and abandoning module LinuxTargetPlatform (111)
[2017.08.05-11.39.53:199][889]LogModuleManager: Shutting down and abandoning module LinuxServerTargetPlatform (109)
[2017.08.05-11.39.53:199][889]LogModuleManager: Shutting down and abandoning module LinuxNoEditorTargetPlatform (107)
[2017.08.05-11.39.53:199][889]LogModuleManager: Shutting down and abandoning module LinuxClientTargetPlatform (105)
[2017.08.05-11.39.53:199][889]LogModuleManager: Shutting down and abandoning module TVOSTargetPlatform (103)
[2017.08.05-11.39.53:199][889]LogModuleManager: Shutting down and abandoning module Messaging (101)
[2017.08.05-11.39.53:199][889]LogModuleManager: Shutting down and abandoning module IOSTargetPlatform (99)
[2017.08.05-11.39.53:199][889]LogModuleManager: Shutting down and abandoning module HTML5TargetPlatform (97)
[2017.08.05-11.39.53:199][889]LogModuleManager: Shutting down and abandoning module Android_PVRTCTargetPlatform (95)
[2017.08.05-11.39.53:199][889]LogModuleManager: Shutting down and abandoning module Android_MultiTargetPlatform (93)
[2017.08.05-11.39.53:199][889]LogModuleManager: Shutting down and abandoning module Android_ETC2TargetPlatform (91)
[2017.08.05-11.39.53:199][889]LogModuleManager: Shutting down and abandoning module Android_ETC1TargetPlatform (89)
[2017.08.05-11.39.53:199][889]LogModuleManager: Shutting down and abandoning module Android_DXTTargetPlatform (87)
[2017.08.05-11.39.53:199][889]LogModuleManager: Shutting down and abandoning module Android_ATCTargetPlatform (85)
[2017.08.05-11.39.53:199][889]LogModuleManager: Shutting down and abandoning module Android_ASTCTargetPlatform (83)
[2017.08.05-11.39.53:199][889]LogModuleManager: Shutting down and abandoning module AndroidTargetPlatform (81)
[2017.08.05-11.39.53:199][889]LogModuleManager: Shutting down and abandoning module WindowsTargetPlatform (79)
[2017.08.05-11.39.53:199][889]LogModuleManager: Shutting down and abandoning module WindowsServerTargetPlatform (77)
[2017.08.05-11.39.53:199][889]LogModuleManager: Shutting down and abandoning module WindowsNoEditorTargetPlatform (75)
[2017.08.05-11.39.53:199][889]LogModuleManager: Shutting down and abandoning module WindowsClientTargetPlatform (73)
[2017.08.05-11.39.53:199][889]LogModuleManager: Shutting down and abandoning module MacTargetPlatform (71)
[2017.08.05-11.39.53:199][889]LogModuleManager: Shutting down and abandoning module MacServerTargetPlatform (69)
[2017.08.05-11.39.53:199][889]LogModuleManager: Shutting down and abandoning module MacNoEditorTargetPlatform (67)
[2017.08.05-11.39.53:199][889]LogModuleManager: Shutting down and abandoning module MacClientTargetPlatform (65)
[2017.08.05-11.39.53:199][889]LogModuleManager: Shutting down and abandoning module AllDesktopTargetPlatform (63)
[2017.08.05-11.39.53:199][889]LogModuleManager: Shutting down and abandoning module InputCore (60)
[2017.08.05-11.39.53:199][889]LogModuleManager: Shutting down and abandoning module Settings (58)
[2017.08.05-11.39.53:199][889]LogModuleManager: Shutting down and abandoning module OculusRift (56)
[2017.08.05-11.39.53:199][889]LogModuleManager: Shutting down and abandoning module GearVRController (54)
[2017.08.05-11.39.53:199][889]LogModuleManager: Shutting down and abandoning module GearVR (52)
[2017.08.05-11.39.53:199][889]LogModuleManager: Shutting down and abandoning module ExampleDeviceProfileSelector (50)
[2017.08.05-11.39.53:199][889]LogModuleManager: Shutting down and abandoning module OnlineBlueprintSupport (48)
[2017.08.05-11.39.53:199][889]LogModuleManager: Shutting down and abandoning module OnlineSubsystem (44)
[2017.08.05-11.39.53:199][889]LogOnline:Display: Unloading online subsystem: NULL
[2017.08.05-11.39.53:199][889]LogModuleManager: Shutting down and abandoning module XMPP (43)
[2017.08.05-11.39.53:200][889]LogModuleManager: Shutting down and abandoning module HTTP (41)
[2017.08.05-11.39.53:200][889]LogHttp:Display: Http module shutting down, but needs to wait on 1 outstanding Http requests:
[2017.08.05-11.39.53:200][889]LogHttp:Display: 	verb=[POST] url=[https://datarouter.ol.epicgames.com/datarouter/api/v1/public/data?SessionID=%7BCE998CF1-426E-2B44-4D0B-53812B6B9384%7D&AppID=UEEditor.Rocket.Release&AppVersion=4.16.3-3561208%2B%2B%2BUE4%2BRelease-4.16&UserID=32a42bfb41202e21c8350783fb94b89c%7C86b852545dec461b8af08b6d64091387%7C7963dc88-55e9-4c29-b569-a8162abaf90f&AppEnvironment=datacollector-binary&UploadType=eteventstream] status=Processing
[2017.08.05-11.39.53:200][889]LogHttp:Warning: 000000002F6B1F00: request failed, libcurl error: 6 (Couldn't resolve host name)
[2017.08.05-11.39.53:200][889]LogHttp:Warning: 000000002F6B1F00: libcurl info message cache 0 (Could not resolve host: datarouter.ol.epicgames.com)
[2017.08.05-11.39.53:200][889]LogHttp:Warning: 000000002F6B1F00: libcurl info message cache 1 (Closing connection 11)
[2017.08.05-11.39.53:233][889]LogModuleManager: Shutting down and abandoning module SSL (40)
[2017.08.05-11.39.53:234][889]LogModuleManager: Shutting down and abandoning module HTTPChunkInstaller (36)
[2017.08.05-11.39.53:234][889]LogModuleManager: Shutting down and abandoning module AnimationModifiers (34)
[2017.08.05-11.39.53:234][889]LogModuleManager: Shutting down and abandoning module PropertyEditor (33)
[2017.08.05-11.39.53:234][889]LogModuleManager: Shutting down and abandoning module AudioEditor (30)
[2017.08.05-11.39.53:234][889]LogModuleManager: Shutting down and abandoning module TextureCompressor (28)
[2017.08.05-11.39.53:234][889]LogModuleManager: Shutting down and abandoning module ShaderCore (26)
[2017.08.05-11.39.53:234][889]LogModuleManager: Shutting down and abandoning module Landscape (24)
[2017.08.05-11.39.53:234][889]LogModuleManager: Shutting down and abandoning module SlateRHIRenderer (22)
[2017.08.05-11.39.53:236][889]LogModuleManager: Shutting down and abandoning module OpenGLDrv (20)
[2017.08.05-11.39.53:236][889]LogModuleManager: Shutting down and abandoning module D3D11RHI (18)
[2017.08.05-11.39.53:236][889]LogModuleManager: Shutting down and abandoning module AnimGraphRuntime (16)
[2017.08.05-11.39.53:236][889]LogModuleManager: Shutting down and abandoning module Renderer (14)
[2017.08.05-11.39.53:236][889]LogModuleManager: Shutting down and abandoning module Engine (12)
[2017.08.05-11.39.53:236][889]LogModuleManager: Shutting down and abandoning module CoreUObject (10)
[2017.08.05-11.39.53:236][889]LogModuleManager: Shutting down and abandoning module NetworkFile (8)
[2017.08.05-11.39.53:236][889]LogModuleManager: Shutting down and abandoning module StreamingFile (6)
[2017.08.05-11.39.53:236][889]LogModuleManager: Shutting down and abandoning module SandboxFile (4)
[2017.08.05-11.39.53:236][889]LogModuleManager: Shutting down and abandoning module PakFile (2)
[2017.08.05-11.39.53:240][889]LogExit: Exiting.
[2017.08.05-11.39.53:254][889]Log file closed, 08/05/17 17:09:53
