Log file open, 08/01/17 16:05:23
LogInit:Display: Running engine for game: PreSaleFrameWork
LogPlatformFile: Not using cached read wrapper
LogInit:Display: RandInit(1940569759) SRandInit(1940569759).
LogTaskGraph: Started task graph with 5 named threads and 16 total threads with 1 sets of task threads.
LogStats: Stats thread started at 0.178638
LogInit: Using libcurl 7.47.1
LogInit:  - built for x86_64-pc-win32
LogInit:  - supports SSL with OpenSSL/1.0.2g
LogInit:  - supports HTTP deflate (compression) using libz 1.2.8
LogInit:  - other features:
LogInit:      CURL_VERSION_SSL
LogInit:      CURL_VERSION_LIBZ
LogInit:      CURL_VERSION_IPV6
LogInit:      CURL_VERSION_ASYNCHDNS
LogInit:      CURL_VERSION_LARGEFILE
LogInit:      CURL_VERSION_IDN
LogInit:  CurlRequestOptions (configurable via config and command line):
LogInit:  - bVerifyPeer = false  - Libcurl will NOT verify peer certificate
LogInit:  - bUseHttpProxy = false  - Libcurl will NOT use HTTP proxy
LogInit:  - bDontReuseConnections = false  - Libcurl will reuse connections
LogInit:  - CertBundlePath = nullptr  - Libcurl will use whatever was configured at build time.
LogInit: Build: ++UE4+Release-4.16-CL-3561208
LogInit: Engine Version: 4.16.3-3561208+++UE4+Release-4.16
LogInit: Compatible Engine Version: 4.16.0-3452394+++UE4+Release-4.16
LogInit: Net CL: 3452394
LogDevObjectVersion: Number of dev versions registered: 16
LogDevObjectVersion:   Dev-Blueprints (B0D832E4-1F89-4F0D-ACCF-7EB736FD4AA2): 9
LogDevObjectVersion:   Dev-Build (E1C64328-A22C-4D53-A36C-8E866417BD8C): 0
LogDevObjectVersion:   Dev-Core (375EC13C-06E4-48FB-B500-84F0262A717E): 2
LogDevObjectVersion:   Dev-Editor (E4B068ED-F494-42E9-A231-DA0B2E46BB41): 17
LogDevObjectVersion:   Dev-Framework (CFFC743F-43B0-4480-9391-14DF171D2073): 23
LogDevObjectVersion:   Dev-Mobile (B02B49B5-BB20-44E9-A304-32B752E40360): 0
LogDevObjectVersion:   Dev-Networking (A4E4105C-59A1-49B5-A7C5-40C4547EDFEE): 0
LogDevObjectVersion:   Dev-Online (39C831C9-5AE6-47DC-9A44-9C173E1C8E7C): 0
LogDevObjectVersion:   Dev-Physics (78F01B33-EBEA-4F98-B9B4-84EACCB95AA2): 0
LogDevObjectVersion:   Dev-Platform (6631380F-2D4D-43E0-8009-CF276956A95A): 0
LogDevObjectVersion:   Dev-Rendering (12F88B9F-8875-4AFC-A67C-D90C383ABD29): 15
LogDevObjectVersion:   Dev-Sequencer (7B5AE74C-D270-4C10-A958-57980B212A5A): 4
LogDevObjectVersion:   Dev-VR (D7296918-1DD6-4BDD-9DE2-64A83CC13884): 0
LogDevObjectVersion:   Dev-LoadTimes (C2A15278-BFE7-4AFE-6C17-90FF531DF755): 1
LogDevObjectVersion:   Private-Geometry (6EACA3D4-40EC-4CC1-B786-8BED09428FC5): 1
LogDevObjectVersion:   Dev-AnimPhys (29E575DD-E0A3-4627-9D10-D276232CDCEA): 3
LogInit: Compiled (64-bit): Jul 28 2017 11:49:47
LogInit: Compiled with Visual C++: 19.00.24215.01
LogInit: Build Configuration: Development
LogInit: Branch Name: ++UE4+Release-4.16
LogInit: Command line:  
LogInit: Base directory: C:/Program Files/Epic Games/UE_4.16/Engine/Binaries/Win64/
LogInit: Installed Engine Build: 1
LogInit: Presizing for max 8388607 objects, including 0 objects not considered by GC, pre-allocating 0 bytes for permanent pool.
LogInit: Object subsystem initialized
[2017.08.01-10.35.24:053][  0]LogInit: Selected Device Profile: [Windows]
[2017.08.01-10.35.24:053][  0]LogInit: Applying CVar settings loaded from the selected device profile: [Windows]
[2017.08.01-10.35.24:070][  0]LogInit: Computer: INTEL-PC
[2017.08.01-10.35.24:070][  0]LogInit: User: Intel
[2017.08.01-10.35.24:070][  0]LogInit: CPU Page size=4096, Cores=12
[2017.08.01-10.35.24:070][  0]LogInit: High frequency timer resolution =2.864814 MHz
[2017.08.01-10.35.24:071][  0]LogMemory: Memory total: Physical=32.0GB (32GB approx)
[2017.08.01-10.35.24:071][  0]LogMemory: Platform Memory Stats for Windows
[2017.08.01-10.35.24:071][  0]LogMemory: Process Physical Memory: 281.57 MB used, 281.57 MB peak
[2017.08.01-10.35.24:071][  0]LogMemory: Process Virtual Memory: 274.74 MB used, 274.74 MB peak
[2017.08.01-10.35.24:071][  0]LogMemory: Physical Memory: 9911.93 MB used,  22854.30 MB free, 32766.23 MB total
[2017.08.01-10.35.24:071][  0]LogMemory: Virtual Memory: 637.51 MB used,  22854.30 MB free, 8388608.00 MB total
[2017.08.01-10.35.24:197][  0]LogInit: Using OS detected language (en-US).
[2017.08.01-10.35.24:197][  0]LogInit: Using OS detected locale (en-US).
[2017.08.01-10.35.24:203][  0]LogTextLocalizationManager: No specific localization for 'en-US' exists, so the 'en' localization will be used.
[2017.08.01-10.35.25:556][  0]LogD3D11RHI: D3D11 adapters:
[2017.08.01-10.35.26:486][  0]LogD3D11RHI:    0. 'NVIDIA GeForce GTX 960' (Feature Level 11_0)
[2017.08.01-10.35.26:486][  0]LogD3D11RHI:       4011/0/16127 MB DedicatedVideo/DedicatedSystem/SharedSystem, Outputs:1, VendorId:0x10de
[2017.08.01-10.35.26:486][  0]LogD3D11RHI: Chosen D3D11 Adapter: 0
[2017.08.01-10.35.26:496][  0]LogD3D11RHI: Creating new Direct3DDevice
[2017.08.01-10.35.26:496][  0]LogD3D11RHI:     GPU DeviceId: 0x1401 (for the marketing name, search the web for "GPU Device Id")
[2017.08.01-10.35.26:496][  0]LogWindows: EnumDisplayDevices:
[2017.08.01-10.35.26:496][  0]LogWindows:    0. 'NVIDIA GeForce GTX 960' (P:1 D:1)
[2017.08.01-10.35.26:496][  0]LogWindows:    1. 'NVIDIA GeForce GTX 960' (P:0 D:0)
[2017.08.01-10.35.26:496][  0]LogWindows:    2. 'NVIDIA GeForce GTX 960' (P:0 D:0)
[2017.08.01-10.35.26:497][  0]LogWindows:    3. 'NVIDIA GeForce GTX 960' (P:0 D:0)
[2017.08.01-10.35.26:497][  0]LogWindows:    4. 'RDPDD Chained DD' (P:0 D:0)
[2017.08.01-10.35.26:497][  0]LogWindows:    5. 'RDP Encoder Mirror Driver' (P:0 D:0)
[2017.08.01-10.35.26:497][  0]LogWindows:    6. 'RDP Reflector Display Driver' (P:0 D:0)
[2017.08.01-10.35.26:497][  0]LogWindows: DebugString: GetVideoDriverDetailsInvalid PrimaryIsNotTheChoosenAdapter GetVideoDriverDetailsInvalid PrimaryIsNotTheChoosenAdapter GetVideoDriverDetailsInvalid PrimaryIsNotTheChoosenAdapter FoundDriverCount:4 
[2017.08.01-10.35.26:497][  0]LogD3D11RHI:     Adapter Name: NVIDIA GeForce GTX 960
[2017.08.01-10.35.26:497][  0]LogD3D11RHI:   Driver Version: 384.94 (internal:22.21.13.8494, unified:384.94)
[2017.08.01-10.35.26:497][  0]LogD3D11RHI:      Driver Date: 7-18-2017
[2017.08.01-10.35.26:497][  0]LogRHI: Texture pool is 1361 MB (70% of 1945 MB)
[2017.08.01-10.35.26:665][  0]LogD3D11RHI: Async texture creation enabled
[2017.08.01-10.35.26:692][  0]LogD3D11RHI: GPU Timing Frequency: 1000.000000 (Debug: 2 2)
[2017.08.01-10.35.26:741][  0]LogShaderCompilers: Guid format shader working directory is 12 characters bigger than the processId version (E:/UnrealProjects/PreSaleFrameWork/Intermediate/Shaders/WorkingDirectory/9996/).
[2017.08.01-10.35.26:741][  0]LogShaderCompilers: Cleaned the shader compiler working directory 'C:/Users/Intel/AppData/Local/Temp/UnrealShaderWorkingDir/82A0DA8B45EF0F3DE1CBF7ADDA02EB8C/'.
[2017.08.01-10.35.26:741][  0]LogShaderCompilers:Display: Using Local Shader Compiler.
[2017.08.01-10.35.28:224][  0]LogTemp:Display: Loaded TP AllDesktopTargetPlatform
[2017.08.01-10.35.28:315][  0]LogTemp:Display: Loaded TP MacClientTargetPlatform
[2017.08.01-10.35.28:401][  0]LogTemp:Display: Loaded TP MacNoEditorTargetPlatform
[2017.08.01-10.35.28:489][  0]LogTemp:Display: Loaded TP MacServerTargetPlatform
[2017.08.01-10.35.28:578][  0]LogTemp:Display: Loaded TP MacTargetPlatform
[2017.08.01-10.35.28:664][  0]LogTemp:Display: Loaded TP WindowsClientTargetPlatform
[2017.08.01-10.35.28:754][  0]LogTemp:Display: Loaded TP WindowsNoEditorTargetPlatform
[2017.08.01-10.35.28:843][  0]LogTemp:Display: Loaded TP WindowsServerTargetPlatform
[2017.08.01-10.35.28:924][  0]LogTemp:Display: Loaded TP WindowsTargetPlatform
[2017.08.01-10.35.29:010][  0]LogTemp:Display: Loaded TP AndroidTargetPlatform
[2017.08.01-10.35.29:096][  0]LogTemp:Display: Loaded TP Android_ASTCTargetPlatform
[2017.08.01-10.35.29:187][  0]LogTemp:Display: Loaded TP Android_ATCTargetPlatform
[2017.08.01-10.35.29:294][  0]LogTemp:Display: Loaded TP Android_DXTTargetPlatform
[2017.08.01-10.35.29:392][  0]LogTemp:Display: Loaded TP Android_ETC1TargetPlatform
[2017.08.01-10.35.29:481][  0]LogTemp:Display: Loaded TP Android_ETC2TargetPlatform
[2017.08.01-10.35.29:653][  0]LogTemp:Display: Loaded TP Android_MultiTargetPlatform
[2017.08.01-10.35.29:653][  0]LogTemp:Display: Loaded TP Android_PVRTCTargetPlatform
[2017.08.01-10.35.29:726][  0]LogTemp:Display: Loaded TP HTML5TargetPlatform
[2017.08.01-10.35.29:870][  0]LogTemp:Display: Loaded TP IOSTargetPlatform
[2017.08.01-10.35.29:918][  0]LogTemp:Display: Loaded TP TVOSTargetPlatform
[2017.08.01-10.35.30:004][  0]LogTemp:Display: Loaded TP LinuxClientTargetPlatform
[2017.08.01-10.35.30:095][  0]LogTemp:Display: Loaded TP LinuxNoEditorTargetPlatform
[2017.08.01-10.35.30:181][  0]LogTemp:Display: Loaded TP LinuxServerTargetPlatform
[2017.08.01-10.35.30:280][  0]LogTemp:Display: Loaded TP LinuxTargetPlatform
[2017.08.01-10.35.30:280][  0]LogTargetPlatformManager:Display: Building Assets For Windows
[2017.08.01-10.35.31:109][  0]LogDerivedDataCache:Display: Max Cache Size: 512 MB
[2017.08.01-10.35.31:268][  0]LogDerivedDataCache: Loaded boot cache 0.16s 90MB C:/Users/Intel/AppData/Local/UnrealEngine/4.16/DerivedDataCache/Boot.ddc.
[2017.08.01-10.35.31:268][  0]LogDerivedDataCache:Display: Loaded Boot cache: C:/Users/Intel/AppData/Local/UnrealEngine/4.16/DerivedDataCache/Boot.ddc
[2017.08.01-10.35.31:268][  0]LogDerivedDataCache: FDerivedDataBackendGraph:  Pak pak cache file E:/UnrealProjects/PreSaleFrameWork/DerivedDataCache/DDC.ddp not found, will not use a pak cache.
[2017.08.01-10.35.31:268][  0]LogDerivedDataCache: Unable to find inner node Pak for hierarchical cache Hierarchy.
[2017.08.01-10.35.31:268][  0]LogDerivedDataCache: FDerivedDataBackendGraph:  CompressedPak pak cache file E:/UnrealProjects/PreSaleFrameWork/DerivedDataCache/Compressed.ddp not found, will not use a pak cache.
[2017.08.01-10.35.31:268][  0]LogDerivedDataCache: Unable to find inner node CompressedPak for hierarchical cache Hierarchy.
[2017.08.01-10.35.31:292][  0]LogDerivedDataCache:Display: Pak cache opened for reading ../../../Engine/DerivedDataCache/Compressed.ddp.
[2017.08.01-10.35.31:308][  0]LogDerivedDataCache: Using Local data cache path C:/Users/Intel/AppData/Local/UnrealEngine/Common/DerivedDataCache: Writable
[2017.08.01-10.35.31:322][  0]LogMaterial: Verifying Global Shaders for PCD3D_SM5
[2017.08.01-10.35.31:322][  0]LogSlate: Using Freetype 2.6.0
[2017.08.01-10.35.31:324][  0]LogSlate: SlateFontCache - WITH_FREETYPE: 1, WITH_HARFBUZZ: 1
[2017.08.01-10.35.31:324][  0]LogSlate: SlateFontCache - WITH_FREETYPE: 1, WITH_HARFBUZZ: 1
[2017.08.01-10.35.31:919][  0]LogInit: Selected Device Profile: [Windows]
[2017.08.01-10.35.31:925][  0]LogContentStreaming: Texture pool size is 0.00 MB
[2017.08.01-10.35.32:281][  0]LogMeshUtilities: Using QuadricMeshReduction for automatic static mesh reduction
[2017.08.01-10.35.32:360][  0]LogSimplygon: Simplygon DLL not present - disabling.
[2017.08.01-10.35.32:442][  0]LogMeshUtilities: Using SimplygonSwarm for distributed automatic mesh merging
[2017.08.01-10.35.32:442][  0]LogMeshUtilities: No automatic skeletal mesh reduction module available
[2017.08.01-10.35.32:442][  0]LogMeshUtilities: No automatic mesh merging module available
[2017.08.01-10.35.33:184][  0]LogNetVersion: PreSaleFrameWork , NetCL: 3452394, EngineNetVer: 2, GameNetVer: 0 (Checksum: 3825140976)
[2017.08.01-10.35.33:282][  0]LogAssetRegistry: FAssetRegistry took 0.0318 seconds to start up
[2017.08.01-10.35.33:382][  0]LogPackageLocalizationCache: Processed 4 localized package path(s) for 2 prioritized culture(s) in 0.054619 seconds
[2017.08.01-10.35.33:388][  0]LogUObjectArray: 34194 objects as part of root set at end of initial load.
[2017.08.01-10.35.33:388][  0]LogUObjectAllocator: 7260424 out of 0 bytes used by permanent object pool.
[2017.08.01-10.35.33:388][  0]LogUObjectArray: CloseDisregardForGC: 0/0 objects in disregard for GC pool
[2017.08.01-10.35.33:495][  0]LogInit: WinSock: version 1.1 (2.2), MaxSocks=32767, MaxUdp=65467
[2017.08.01-10.35.37:711][  0]LogTcpMessaging: Initializing TcpMessaging bridge
[2017.08.01-10.35.37:763][  0]LogUdpMessaging: Initializing bridge on interface 0.0.0.0:0 to multicast group 230.0.0.1:6666.
[2017.08.01-10.35.38:631][  0]LogMaterial: Uniform references updated for custom material expression Custom.
[2017.08.01-10.35.39:300][  0]SourceControl: Info Source control is disabled
[2017.08.01-10.35.39:357][  0]SourceControl: Info Source control is disabled
[2017.08.01-10.35.39:439][  0]SourceControl: Info Source control is disabled
[2017.08.01-10.35.39:518][  0]SourceControl: Info Source control is disabled
[2017.08.01-10.35.40:679][  0]LogAndroidPermission: UAndroidPermissionCallbackProxy::GetInstance
[2017.08.01-10.35.41:094][  0]LogAnsel: Tried to load ../../../Engine/Plugins/Runtime/Nvidia/Ansel/Binaries/ThirdParty/AnselSDK64.dll : success=1
[2017.08.01-10.35.41:759][  0]LogEngine: Initializing Engine...
[2017.08.01-10.35.41:759][  0]LogHMD: Failed to initialize OpenVR with code 110
[2017.08.01-10.35.42:106][  0]LogStats: UGameplayTagsManager::ConstructGameplayTagTree: Construct from data asset -  0.000 s
[2017.08.01-10.35.42:106][  0]LogStats: UGameplayTagsManager::ConstructGameplayTagTree: GameplayTagTreeChangedEvent.Broadcast -  0.000 s
[2017.08.01-10.35.42:338][  0]LogAIModule: Creating AISystem for world Untitled
[2017.08.01-10.35.42:348][  0]LogInit: XAudio2 using 'DELL S2415H-4 (NVIDIA High Definition Audio)' : 2 channels at 48 kHz using 16 bits per sample (channel mask 0x3)
[2017.08.01-10.35.42:357][  0]LogInit: FAudioDevice initialized.
[2017.08.01-10.35.42:417][  0]LogDerivedDataCache: Saved boot cache 0.06s 90MB C:/Users/Intel/AppData/Local/UnrealEngine/4.16/DerivedDataCache/Boot.ddc.
[2017.08.01-10.35.42:438][  0]LogInit: Texture streaming: Enabled
[2017.08.01-10.35.42:613][  0]LogEngineSessionManager: EngineSessionManager initialized
[2017.08.01-10.35.43:009][  0]LogInit: Transaction tracking system initialized
[2017.08.01-10.35.43:568][  0]BlueprintLog: New page: Editor Load
[2017.08.01-10.35.45:223][  0]LocalizationService: Info Localization service is disabled
[2017.08.01-10.35.46:615][  0]LogConsoleResponse:Display: 
[2017.08.01-10.35.46:832][  0]LogCook:Display: Max memory allowance for cook 16384mb min free memory 0mb
[2017.08.01-10.35.46:832][  0]LogCook:Display: Mobile HDR setting 1
[2017.08.01-10.35.47:679][  0]LogFileCache: Scanning file cache for directory 'E:/UnrealProjects/PreSaleFrameWork/Content/' took 0.01s
[2017.08.01-10.35.48:598][  0]SourceControl: Info Source control is disabled
[2017.08.01-10.35.48:598][  0]Cmd: MAP LOAD FILE="../../../Engine/Content/Maps/Templates/Template_Default.umap" TEMPLATE=1 SHOWPROGRESS=1 FEATURELEVEL=3
[2017.08.01-10.35.48:599][  0]LightingResults: New page: Lighting Build
[2017.08.01-10.35.48:674][  0]MapCheck: New page: Map Check
[2017.08.01-10.35.48:674][  0]LightingResults: New page: Lighting Build
[2017.08.01-10.35.48:983][  0]LogAIModule: Creating AISystem for world Untitled_1
[2017.08.01-10.35.48:984][  0]LogActorComponent: RegisterComponentWithWorld: (/Temp/Untitled_1.Untitled_1:PersistentLevel.WorldSettings_1.StaticMeshComponent0) Trying to register component with IsPendingKill() == true. Aborting.
[2017.08.01-10.35.48:988][  0]LogEditorServer: Finished looking for orphan Actors (0.000 secs)
[2017.08.01-10.35.49:011][  0]Cmd: MAP CHECKDEP NOCLEARLOG
[2017.08.01-10.35.49:078][  0]MapCheck: Info Map check complete: 0 Error(s), 0 Warning(s), took 66.235ms to complete.
[2017.08.01-10.35.49:078][  0]LogFileHelpers: Loading map 'Template_Default' took 0.479
[2017.08.01-10.35.49:248][  0]LogCollectionManager: Loaded 0 collections in 0.001485 seconds
[2017.08.01-10.35.49:359][  0]LogFileCache: Scanning file cache for directory 'E:/UnrealProjects/PreSaleFrameWork/Saved/Collections/' took 0.01s
[2017.08.01-10.35.49:359][  0]LogFileCache: Scanning file cache for directory 'E:/UnrealProjects/PreSaleFrameWork/Content/Developers/Intel/Collections/' took 0.01s
[2017.08.01-10.35.49:359][  0]LogFileCache: Scanning file cache for directory 'E:/UnrealProjects/PreSaleFrameWork/Content/Collections/' took 0.01s
[2017.08.01-10.35.49:359][  0]LogCollectionManager: Rebuilt the GUID cache for 0 collections in 0.000002 seconds
[2017.08.01-10.35.49:372][  0]LogContentBrowser: Native class hierarchy populated in 0.0125 seconds. Added 2329 classes and 491 folders.
[2017.08.01-10.35.49:484][  0]LogContentBrowser: Native class hierarchy updated for 'WidgetCarousel' in 0.0007 seconds. Added 0 classes and 0 folders.
[2017.08.01-10.35.49:547][  0]LogContentBrowser: Native class hierarchy updated for 'AddContentDialog' in 0.0007 seconds. Added 0 classes and 0 folders.
[2017.08.01-10.35.49:623][  0]LogContentBrowser: Native class hierarchy updated for 'SceneOutliner' in 0.0007 seconds. Added 1 classes and 2 folders.
[2017.08.01-10.35.49:731][  0]LogCrashTracker: Crashtracker disabled due to settings.
[2017.08.01-10.35.50:932][  0]LogSlate: Only BGRA pngs, bmps or icos are supported in by External Image Picker
[2017.08.01-10.35.50:959][  0]LogTemp: Executing iPhonePackager certificates Engine -bundlename com.YourCompany.PreSaleFrameWork
[2017.08.01-10.35.50:959][  0]LogTemp: CWD: C:\Program Files\Epic Games\UE_4.16\Engine\Binaries\DotNET\IOS
[2017.08.01-10.35.50:959][  0]LogTemp: Initial Dir: C:\Program Files\Epic Games\UE_4.16
[2017.08.01-10.35.50:959][  0]LogTemp: Env CWD: C:\Program Files\Epic Games\UE_4.16\Engine\Binaries\DotNET\IOS
[2017.08.01-10.35.50:959][  0]LogTemp: BranchPath = INTEL-PC/C/Program Files/Epic Games/UE_4.16/Engine/Binaries --- GameBranchPath = INTEL-PC/C/Program Files/Epic Games/UE_4.16/Engine/Binaries
[2017.08.01-10.35.50:959][  0]LogSlate: Took 0.000450 seconds to synchronously load lazily loaded font '../../../Engine/Content/Slate/Fonts/Roboto-Regular.ttf' (155K)
[2017.08.01-10.35.50:963][  0]LogTemp: IPP ERROR: Could not find provision directory 'C:\Users\Intel\AppData\Local/Apple Computer/MobileDevice/Provisioning Profiles/'.
[2017.08.01-10.35.50:963][  0]LogSlate: Took 0.000400 seconds to synchronously load lazily loaded font '../../../Engine/Content/Slate/Fonts/Roboto-Bold.ttf' (160K)
[2017.08.01-10.35.50:970][  0]LogSlate: Took 0.000449 seconds to synchronously load lazily loaded font '../../../Engine/Content/Editor/Slate/Fonts/FontAwesome.ttf' (139K)
[2017.08.01-10.35.51:163][  0]LogRenderer: Reallocating scene render targets to support 1208x516 NumSamples 1 (Frame:1).
[2017.08.01-10.35.51:325][  0]LogUObjectGlobals:Warning: Failed to find object 'Class None.'
[2017.08.01-10.35.51:429][  0]LogContentBrowser: Native class hierarchy updated for 'HierarchicalLODOutliner' in 0.0007 seconds. Added 1 classes and 2 folders.
[2017.08.01-10.35.51:429][  0]LogLoad: (Engine Initialization) Total time: 29.73 seconds
[2017.08.01-10.35.51:429][  0]LogLoad: (Engine Initialization) Total Blueprint compile time: 0.14 seconds
[2017.08.01-10.35.51:429][  0]LogExternalProfiler: Found external profiler: VSPerf
[2017.08.01-10.35.51:429][  0]LogExternalProfiler: Using external profiler: VSPerf
[2017.08.01-10.35.51:768][  0]LogOcInput: OculusInput pre-init called
[2017.08.01-10.35.51:768][  0]LogHMD: Starting GearVRController plugin
[2017.08.01-10.35.51:793][  0]LogContentStreaming: Texture pool size now 1000 MB
[2017.08.01-10.35.51:900][  1]LogRenderer: Reallocating scene render targets to support 1208x532 NumSamples 1 (Frame:2).
[2017.08.01-10.35.52:437][  2]LogAssetRegistry: Asset discovery search completed in 19.1738 seconds
[2017.08.01-10.35.52:438][  2]LogCollectionManager: Rebuilt the object cache for 0 collections in 0.000001 seconds (found 0 objects)
[2017.08.01-10.35.52:438][  2]LogCollectionManager: Fixed up redirectors for 0 collections in 0.000028 seconds (updated 0 objects)
[2017.08.01-10.35.52:780][  3]LogSlate: Took 0.000586 seconds to synchronously load lazily loaded font '../../../Engine/Content/Slate/Fonts/Roboto-Light.ttf' (159K)
[2017.08.01-10.35.56:111][ 13]LogSlate: Took 0.000311 seconds to synchronously load lazily loaded font '../../../Engine/Content/Slate/Fonts/Roboto-Light.ttf' (159K)
[2017.08.01-10.40.05:642][696]LogSlate: Took 0.000247 seconds to synchronously load lazily loaded font '../../../Engine/Content/Slate/Fonts/Roboto-Light.ttf' (159K)
[2017.08.01-10.40.26:115][954]LogContentBrowser: Native class hierarchy updated for 'BlueprintGraph' in 0.0012 seconds. Added 112 classes and 0 folders.
[2017.08.01-10.40.27:087][954]LogSlate: Took 0.000195 seconds to synchronously load lazily loaded font '../../../Engine/Content/Slate/Fonts/Roboto-Regular.ttf' (155K)
[2017.08.01-10.40.29:207][ 70]LogRenderer: Reallocating scene render targets to support 1208x712 NumSamples 1 (Frame:114).
[2017.08.01-10.40.29:984][156]LogSlate: Took 0.000482 seconds to synchronously load lazily loaded font '../../../Engine/Content/Editor/Slate/Fonts/Roboto-Italic.ttf' (157K)
[2017.08.01-10.40.35:934][803]BlueprintLog: New page: Compile PostProcessVolume
[2017.08.01-10.40.36:193][803]Cmd: OBJ SAVEPACKAGE PACKAGE="/Game/DragAndDrop/PostProcessVolume" FILE="E:/UnrealProjects/PreSaleFrameWork/Content/DragAndDrop/PostProcessVolume.uasset" SILENT=true
[2017.08.01-10.40.36:204][803]LogSavePackage: Save=9.41ms
[2017.08.01-10.40.36:204][803]LogSavePackage: Moving 'E:/UnrealProjects/PreSaleFrameWork/Saved/PostProcessVolume76D8D6D448BB5987538068B8DC960F69.tmp' to 'E:/UnrealProjects/PreSaleFrameWork/Content/DragAndDrop/PostProcessVolume.uasset'
[2017.08.01-10.40.36:213][803]LogSavePackage:Display: Finished SavePackage E:/UnrealProjects/PreSaleFrameWork/Content/DragAndDrop/PostProcessVolume.uasset
[2017.08.01-10.44.36:886][ 89]Cmd: OBJ SAVEPACKAGE PACKAGE="/Game/DragAndDrop/PostProcessVolume" FILE="E:/UnrealProjects/PreSaleFrameWork/Content/DragAndDrop/PostProcessVolume.uasset" SILENT=true
[2017.08.01-10.44.36:906][ 89]LogSavePackage: Save=15.74ms
[2017.08.01-10.44.36:906][ 89]LogSavePackage: Moving 'E:/UnrealProjects/PreSaleFrameWork/Saved/PostProcessVolumeE5FE8D124DE2F6AE87124C9B44CA0A8B.tmp' to 'E:/UnrealProjects/PreSaleFrameWork/Content/DragAndDrop/PostProcessVolume.uasset'
[2017.08.01-10.44.36:915][ 89]LogSavePackage:Display: Finished SavePackage E:/UnrealProjects/PreSaleFrameWork/Content/DragAndDrop/PostProcessVolume.uasset
[2017.08.01-10.44.47:912][311]LogAIModule: Creating AISystem for world Walkthrough
[2017.08.01-10.44.47:956][311]Cmd: MAP LOAD FILE="E:/UnrealProjects/PreSaleFrameWork/Content/Walkthrough.umap" TEMPLATE=0 SHOWPROGRESS=1 FEATURELEVEL=3
[2017.08.01-10.44.47:956][311]LightingResults: New page: Lighting Build
[2017.08.01-10.44.47:957][311]LoadErrors: New page: Loading map: Walkthrough.umap
[2017.08.01-10.44.47:958][311]MapCheck: New page: Map Check
[2017.08.01-10.44.47:958][311]LightingResults: New page: Lighting Build
[2017.08.01-10.44.48:060][311]LogEditorServer: Finished looking for orphan Actors (0.000 secs)
[2017.08.01-10.44.48:113][311]Cmd: MAP CHECKDEP NOCLEARLOG
[2017.08.01-10.44.48:187][311]MapCheck: Info Map check complete: 0 Error(s), 0 Warning(s), took 73.6ms to complete.
[2017.08.01-10.44.48:188][311]LogFileHelpers: Loading map 'Walkthrough' took 0.233
[2017.08.01-10.45.09:076][690]BlueprintLog: New page: Compile PostProcessVolume
[2017.08.01-10.45.09:234][690]Cmd: OBJ SAVEPACKAGE PACKAGE="/Game/DragAndDrop/PostProcessVolume" FILE="E:/UnrealProjects/PreSaleFrameWork/Content/DragAndDrop/PostProcessVolume.uasset" SILENT=true
[2017.08.01-10.45.09:246][690]LogSavePackage: Save=9.83ms
[2017.08.01-10.45.09:246][690]LogSavePackage: Moving 'E:/UnrealProjects/PreSaleFrameWork/Saved/PostProcessVolumeF9D86A2E415BA76A8BD73E9A87475532.tmp' to 'E:/UnrealProjects/PreSaleFrameWork/Content/DragAndDrop/PostProcessVolume.uasset'
[2017.08.01-10.45.09:255][690]LogSavePackage:Display: Finished SavePackage E:/UnrealProjects/PreSaleFrameWork/Content/DragAndDrop/PostProcessVolume.uasset
[2017.08.01-10.45.47:104][605]LogTemp: Repeting last play command: Selected Viewport
[2017.08.01-10.45.47:146][605]LogBlueprintUserMessages: Early PlayInEditor Detection: Level '/Game/Walkthrough.Walkthrough:PersistentLevel' has LevelScriptBlueprint '/Game/Walkthrough.Walkthrough:PersistentLevel.Walkthrough' with GeneratedClass '/Game/Walkthrough.Walkthrough_C' with ClassGeneratedBy '/Game/Walkthrough.Walkthrough:PersistentLevel.Walkthrough'
[2017.08.01-10.45.47:146][605]LogPlayLevel: PlayLevel: No blueprints needed recompiling
[2017.08.01-10.45.47:146][605]PIE: New page: PIE session: Walkthrough (Aug 1, 2017, 9:45:47 PM)
[2017.08.01-10.45.47:146][605]LogPlayLevel: Creating play world package: /Game/UEDPIE_0_Walkthrough
[2017.08.01-10.45.47:150][605]LogPlayLevel: PIE: StaticDuplicateObject took: (0.003585s)
[2017.08.01-10.45.47:151][605]LogAIModule: Creating AISystem for world Walkthrough
[2017.08.01-10.45.47:151][605]LogPlayLevel: PIE: World Init took: (0.000979s)
[2017.08.01-10.45.47:151][605]LogPlayLevel: PIE: Created PIE world by copying editor world from /Game/Walkthrough.Walkthrough to /Game/UEDPIE_0_Walkthrough.Walkthrough (0.004806s)
[2017.08.01-10.45.47:189][605]LogInit: XAudio2 using 'DELL S2415H-4 (NVIDIA High Definition Audio)' : 2 channels at 48 kHz using 16 bits per sample (channel mask 0x3)
[2017.08.01-10.45.47:199][605]LogInit: FAudioDevice initialized.
[2017.08.01-10.45.47:241][605]LogLoad: Game class is 'PreSaleGameMode_C'
[2017.08.01-10.45.47:248][605]LogWorld: Bringing World /Game/UEDPIE_0_Walkthrough.Walkthrough up for play (max tick rate 0) at 2017.08.01-16.15.47
[2017.08.01-10.45.47:248][605]LogWorld: Bringing up level for play took: 0.001540
[2017.08.01-10.45.47:338][605]LogContentBrowser: Native class hierarchy updated for 'MovieSceneCapture' in 0.0008 seconds. Added 11 classes and 0 folders.
[2017.08.01-10.45.47:338][605]LogGameMode:Display: Match State Changed from EnteringMap to WaitingToStart
[2017.08.01-10.45.47:339][605]LogGameState: Match State Changed from EnteringMap to WaitingToStart
[2017.08.01-10.45.47:339][605]LogGameMode:Display: Match State Changed from WaitingToStart to InProgress
[2017.08.01-10.45.47:341][605]LogGameState: Match State Changed from WaitingToStart to InProgress
[2017.08.01-10.45.47:341][605]PIE: Info Play in editor start time for /Game/UEDPIE_0_Walkthrough -0.532
[2017.08.01-10.45.47:341][605]LogBlueprintUserMessages: Late PlayInEditor Detection: Level '/Game/Walkthrough.Walkthrough:PersistentLevel' has LevelScriptBlueprint '/Game/Walkthrough.Walkthrough:PersistentLevel.Walkthrough' with GeneratedClass '/Game/Walkthrough.Walkthrough_C' with ClassGeneratedBy '/Game/Walkthrough.Walkthrough:PersistentLevel.Walkthrough'
[2017.08.01-10.45.47:346][605]LogAnsel: We reckon 0.010000 meters to 1 world unit
[2017.08.01-10.45.47:346][605]LogCameraPhotography: Photography camera created.  Provider=NVIDIA Ansel, Supported=1
[2017.08.01-10.45.47:374][606]LogAnsel: We reckon 0.010000 meters to 1 world unit
[2017.08.01-10.45.49:002][776]LogBlueprintUserMessages: Early EndPlayMap Detection: Level '/Game/Walkthrough.Walkthrough:PersistentLevel' has LevelScriptBlueprint '/Game/Walkthrough.Walkthrough:PersistentLevel.Walkthrough' with GeneratedClass '/Game/Walkthrough.Walkthrough_C' with ClassGeneratedBy '/Game/Walkthrough.Walkthrough:PersistentLevel.Walkthrough'
[2017.08.01-10.45.49:048][776]LogBlueprintUserMessages: Late EndPlayMap Detection: Level '/Game/Walkthrough.Walkthrough:PersistentLevel' has LevelScriptBlueprint '/Game/Walkthrough.Walkthrough:PersistentLevel.Walkthrough' with GeneratedClass '/Game/Walkthrough.Walkthrough_C' with ClassGeneratedBy '/Game/Walkthrough.Walkthrough:PersistentLevel.Walkthrough'
[2017.08.01-10.45.50:805][955]LogSlate: Took 0.000503 seconds to synchronously load lazily loaded font '../../../Engine/Content/Editor/Slate/Fonts/Roboto-BoldCondensed.ttf' (158K)
[2017.08.01-10.46.07:290][904]BlueprintLog: New page: Compile PostProcessVolume
[2017.08.01-10.46.07:448][904]Cmd: OBJ SAVEPACKAGE PACKAGE="/Game/DragAndDrop/PostProcessVolume" FILE="E:/UnrealProjects/PreSaleFrameWork/Content/DragAndDrop/PostProcessVolume.uasset" SILENT=true
[2017.08.01-10.46.07:459][904]LogSavePackage: Save=9.69ms
[2017.08.01-10.46.07:459][904]LogSavePackage: Moving 'E:/UnrealProjects/PreSaleFrameWork/Saved/PostProcessVolume00437616497A652EE0CE259D594BC09A.tmp' to 'E:/UnrealProjects/PreSaleFrameWork/Content/DragAndDrop/PostProcessVolume.uasset'
[2017.08.01-10.46.07:468][904]LogSavePackage:Display: Finished SavePackage E:/UnrealProjects/PreSaleFrameWork/Content/DragAndDrop/PostProcessVolume.uasset
[2017.08.01-10.46.11:079][291]LogEditorActor: Deleted Actor: PostProcessVolume_C
[2017.08.01-10.46.11:118][291]LogEditorActor: Deleted 1 Actors (0.039 secs)
[2017.08.01-10.46.15:639][782]LogTemp: Repeting last play command: Selected Viewport
[2017.08.01-10.46.15:657][782]LogBlueprintUserMessages: Early PlayInEditor Detection: Level '/Game/Walkthrough.Walkthrough:PersistentLevel' has LevelScriptBlueprint '/Game/Walkthrough.Walkthrough:PersistentLevel.Walkthrough' with GeneratedClass '/Game/Walkthrough.Walkthrough_C' with ClassGeneratedBy '/Game/Walkthrough.Walkthrough:PersistentLevel.Walkthrough'
[2017.08.01-10.46.15:657][782]LogPlayLevel: PlayLevel: No blueprints needed recompiling
[2017.08.01-10.46.15:657][782]PIE: New page: PIE session: Walkthrough (Aug 1, 2017, 9:46:15 PM)
[2017.08.01-10.46.15:657][782]LogPlayLevel: Creating play world package: /Game/UEDPIE_0_Walkthrough
[2017.08.01-10.46.15:660][782]LogPlayLevel: PIE: StaticDuplicateObject took: (0.003038s)
[2017.08.01-10.46.15:661][782]LogAIModule: Creating AISystem for world Walkthrough
[2017.08.01-10.46.15:661][782]LogPlayLevel: PIE: World Init took: (0.000887s)
[2017.08.01-10.46.15:661][782]LogPlayLevel: PIE: Created PIE world by copying editor world from /Game/Walkthrough.Walkthrough to /Game/UEDPIE_0_Walkthrough.Walkthrough (0.004132s)
[2017.08.01-10.46.15:699][782]LogInit: XAudio2 using 'DELL S2415H-4 (NVIDIA High Definition Audio)' : 2 channels at 48 kHz using 16 bits per sample (channel mask 0x3)
[2017.08.01-10.46.15:709][782]LogInit: FAudioDevice initialized.
[2017.08.01-10.46.15:739][782]LogLoad: Game class is 'PreSaleGameMode_C'
[2017.08.01-10.46.15:743][782]LogWorld: Bringing World /Game/UEDPIE_0_Walkthrough.Walkthrough up for play (max tick rate 0) at 2017.08.01-16.16.15
[2017.08.01-10.46.15:743][782]LogWorld: Bringing up level for play took: 0.001129
[2017.08.01-10.46.15:744][782]LogGameMode:Display: Match State Changed from EnteringMap to WaitingToStart
[2017.08.01-10.46.15:744][782]LogGameState: Match State Changed from EnteringMap to WaitingToStart
[2017.08.01-10.46.15:744][782]LogGameMode:Display: Match State Changed from WaitingToStart to InProgress
[2017.08.01-10.46.15:746][782]LogGameState: Match State Changed from WaitingToStart to InProgress
[2017.08.01-10.46.15:746][782]PIE: Info Play in editor start time for /Game/UEDPIE_0_Walkthrough -0.129
[2017.08.01-10.46.15:746][782]LogBlueprintUserMessages: Late PlayInEditor Detection: Level '/Game/Walkthrough.Walkthrough:PersistentLevel' has LevelScriptBlueprint '/Game/Walkthrough.Walkthrough:PersistentLevel.Walkthrough' with GeneratedClass '/Game/Walkthrough.Walkthrough_C' with ClassGeneratedBy '/Game/Walkthrough.Walkthrough:PersistentLevel.Walkthrough'
[2017.08.01-10.46.16:276][843]LogBlueprintUserMessages: Early EndPlayMap Detection: Level '/Game/Walkthrough.Walkthrough:PersistentLevel' has LevelScriptBlueprint '/Game/Walkthrough.Walkthrough:PersistentLevel.Walkthrough' with GeneratedClass '/Game/Walkthrough.Walkthrough_C' with ClassGeneratedBy '/Game/Walkthrough.Walkthrough:PersistentLevel.Walkthrough'
[2017.08.01-10.46.16:323][843]LogBlueprintUserMessages: Late EndPlayMap Detection: Level '/Game/Walkthrough.Walkthrough:PersistentLevel' has LevelScriptBlueprint '/Game/Walkthrough.Walkthrough:PersistentLevel.Walkthrough' with GeneratedClass '/Game/Walkthrough.Walkthrough_C' with ClassGeneratedBy '/Game/Walkthrough.Walkthrough:PersistentLevel.Walkthrough'
[2017.08.01-10.46.28:064][212]BlueprintLog: New page: Compile PostProcessVolume
[2017.08.01-10.46.28:248][212]Cmd: OBJ SAVEPACKAGE PACKAGE="/Game/DragAndDrop/PostProcessVolume" FILE="E:/UnrealProjects/PreSaleFrameWork/Content/DragAndDrop/PostProcessVolume.uasset" SILENT=true
[2017.08.01-10.46.28:259][212]LogSavePackage: Save=9.11ms
[2017.08.01-10.46.28:259][212]LogSavePackage: Moving 'E:/UnrealProjects/PreSaleFrameWork/Saved/PostProcessVolumeF75E3CC04B893666D09D3E926D61A20B.tmp' to 'E:/UnrealProjects/PreSaleFrameWork/Content/DragAndDrop/PostProcessVolume.uasset'
[2017.08.01-10.46.28:268][212]LogSavePackage:Display: Finished SavePackage E:/UnrealProjects/PreSaleFrameWork/Content/DragAndDrop/PostProcessVolume.uasset
[2017.08.01-10.46.29:418][329]LogTemp: Repeting last play command: Selected Viewport
[2017.08.01-10.46.29:433][329]LogBlueprintUserMessages: Early PlayInEditor Detection: Level '/Game/Walkthrough.Walkthrough:PersistentLevel' has LevelScriptBlueprint '/Game/Walkthrough.Walkthrough:PersistentLevel.Walkthrough' with GeneratedClass '/Game/Walkthrough.Walkthrough_C' with ClassGeneratedBy '/Game/Walkthrough.Walkthrough:PersistentLevel.Walkthrough'
[2017.08.01-10.46.29:433][329]LogPlayLevel: PlayLevel: No blueprints needed recompiling
[2017.08.01-10.46.29:433][329]PIE: New page: PIE session: Walkthrough (Aug 1, 2017, 9:46:29 PM)
[2017.08.01-10.46.29:433][329]LogPlayLevel: Creating play world package: /Game/UEDPIE_0_Walkthrough
[2017.08.01-10.46.29:436][329]LogPlayLevel: PIE: StaticDuplicateObject took: (0.002872s)
[2017.08.01-10.46.29:437][329]LogAIModule: Creating AISystem for world Walkthrough
[2017.08.01-10.46.29:437][329]LogPlayLevel: PIE: World Init took: (0.000882s)
[2017.08.01-10.46.29:437][329]LogPlayLevel: PIE: Created PIE world by copying editor world from /Game/Walkthrough.Walkthrough to /Game/UEDPIE_0_Walkthrough.Walkthrough (0.003952s)
[2017.08.01-10.46.29:474][329]LogInit: XAudio2 using 'DELL S2415H-4 (NVIDIA High Definition Audio)' : 2 channels at 48 kHz using 16 bits per sample (channel mask 0x3)
[2017.08.01-10.46.29:484][329]LogInit: FAudioDevice initialized.
[2017.08.01-10.46.29:513][329]LogLoad: Game class is 'PreSaleGameMode_C'
[2017.08.01-10.46.29:519][329]LogWorld: Bringing World /Game/UEDPIE_0_Walkthrough.Walkthrough up for play (max tick rate 0) at 2017.08.01-16.16.29
[2017.08.01-10.46.29:519][329]LogWorld: Bringing up level for play took: 0.001311
[2017.08.01-10.46.29:520][329]LogGameMode:Display: Match State Changed from EnteringMap to WaitingToStart
[2017.08.01-10.46.29:520][329]LogGameState: Match State Changed from EnteringMap to WaitingToStart
[2017.08.01-10.46.29:520][329]LogGameMode:Display: Match State Changed from WaitingToStart to InProgress
[2017.08.01-10.46.29:522][329]LogGameState: Match State Changed from WaitingToStart to InProgress
[2017.08.01-10.46.29:522][329]PIE: Info Play in editor start time for /Game/UEDPIE_0_Walkthrough -0.355
[2017.08.01-10.46.29:522][329]LogBlueprintUserMessages: Late PlayInEditor Detection: Level '/Game/Walkthrough.Walkthrough:PersistentLevel' has LevelScriptBlueprint '/Game/Walkthrough.Walkthrough:PersistentLevel.Walkthrough' with GeneratedClass '/Game/Walkthrough.Walkthrough_C' with ClassGeneratedBy '/Game/Walkthrough.Walkthrough:PersistentLevel.Walkthrough'
[2017.08.01-10.46.30:893][489]LogBlueprintUserMessages: Early EndPlayMap Detection: Level '/Game/Walkthrough.Walkthrough:PersistentLevel' has LevelScriptBlueprint '/Game/Walkthrough.Walkthrough:PersistentLevel.Walkthrough' with GeneratedClass '/Game/Walkthrough.Walkthrough_C' with ClassGeneratedBy '/Game/Walkthrough.Walkthrough:PersistentLevel.Walkthrough'
[2017.08.01-10.46.30:934][489]LogBlueprintUserMessages: Late EndPlayMap Detection: Level '/Game/Walkthrough.Walkthrough:PersistentLevel' has LevelScriptBlueprint '/Game/Walkthrough.Walkthrough:PersistentLevel.Walkthrough' with GeneratedClass '/Game/Walkthrough.Walkthrough_C' with ClassGeneratedBy '/Game/Walkthrough.Walkthrough:PersistentLevel.Walkthrough'
[2017.08.01-10.46.41:095][493]LogTemp: Repeting last play command: Selected Viewport
[2017.08.01-10.46.41:109][493]LogBlueprintUserMessages: Early PlayInEditor Detection: Level '/Game/Walkthrough.Walkthrough:PersistentLevel' has LevelScriptBlueprint '/Game/Walkthrough.Walkthrough:PersistentLevel.Walkthrough' with GeneratedClass '/Game/Walkthrough.Walkthrough_C' with ClassGeneratedBy '/Game/Walkthrough.Walkthrough:PersistentLevel.Walkthrough'
[2017.08.01-10.46.41:109][493]LogPlayLevel: PlayLevel: No blueprints needed recompiling
[2017.08.01-10.46.41:109][493]PIE: New page: PIE session: Walkthrough (Aug 1, 2017, 9:46:41 PM)
[2017.08.01-10.46.41:109][493]LogPlayLevel: Creating play world package: /Game/UEDPIE_0_Walkthrough
[2017.08.01-10.46.41:112][493]LogPlayLevel: PIE: StaticDuplicateObject took: (0.002886s)
[2017.08.01-10.46.41:113][493]LogAIModule: Creating AISystem for world Walkthrough
[2017.08.01-10.46.41:113][493]LogPlayLevel: PIE: World Init took: (0.000839s)
[2017.08.01-10.46.41:113][493]LogPlayLevel: PIE: Created PIE world by copying editor world from /Game/Walkthrough.Walkthrough to /Game/UEDPIE_0_Walkthrough.Walkthrough (0.003927s)
[2017.08.01-10.46.41:146][493]LogInit: XAudio2 using 'DELL S2415H-4 (NVIDIA High Definition Audio)' : 2 channels at 48 kHz using 16 bits per sample (channel mask 0x3)
[2017.08.01-10.46.41:157][493]LogInit: FAudioDevice initialized.
[2017.08.01-10.46.41:189][493]LogLoad: Game class is 'PreSaleGameMode_C'
[2017.08.01-10.46.41:194][493]LogWorld: Bringing World /Game/UEDPIE_0_Walkthrough.Walkthrough up for play (max tick rate 0) at 2017.08.01-16.16.41
[2017.08.01-10.46.41:194][493]LogWorld: Bringing up level for play took: 0.001137
[2017.08.01-10.46.41:195][493]LogGameMode:Display: Match State Changed from EnteringMap to WaitingToStart
[2017.08.01-10.46.41:195][493]LogGameState: Match State Changed from EnteringMap to WaitingToStart
[2017.08.01-10.46.41:195][493]LogGameMode:Display: Match State Changed from WaitingToStart to InProgress
[2017.08.01-10.46.41:196][493]LogGameState: Match State Changed from WaitingToStart to InProgress
[2017.08.01-10.46.41:196][493]PIE: Info Play in editor start time for /Game/UEDPIE_0_Walkthrough -0.682
[2017.08.01-10.46.41:196][493]LogBlueprintUserMessages: Late PlayInEditor Detection: Level '/Game/Walkthrough.Walkthrough:PersistentLevel' has LevelScriptBlueprint '/Game/Walkthrough.Walkthrough:PersistentLevel.Walkthrough' with GeneratedClass '/Game/Walkthrough.Walkthrough_C' with ClassGeneratedBy '/Game/Walkthrough.Walkthrough:PersistentLevel.Walkthrough'
[2017.08.01-10.46.51:014][654]LogBlueprintUserMessages: Early EndPlayMap Detection: Level '/Game/Walkthrough.Walkthrough:PersistentLevel' has LevelScriptBlueprint '/Game/Walkthrough.Walkthrough:PersistentLevel.Walkthrough' with GeneratedClass '/Game/Walkthrough.Walkthrough_C' with ClassGeneratedBy '/Game/Walkthrough.Walkthrough:PersistentLevel.Walkthrough'
[2017.08.01-10.46.51:060][654]LogBlueprintUserMessages: Late EndPlayMap Detection: Level '/Game/Walkthrough.Walkthrough:PersistentLevel' has LevelScriptBlueprint '/Game/Walkthrough.Walkthrough:PersistentLevel.Walkthrough' with GeneratedClass '/Game/Walkthrough.Walkthrough_C' with ClassGeneratedBy '/Game/Walkthrough.Walkthrough:PersistentLevel.Walkthrough'
[2017.08.01-10.46.56:089][217]BlueprintLog: New page: Compile PostProcessVolume
[2017.08.01-10.46.56:248][217]Cmd: OBJ SAVEPACKAGE PACKAGE="/Game/DragAndDrop/PostProcessVolume" FILE="E:/UnrealProjects/PreSaleFrameWork/Content/DragAndDrop/PostProcessVolume.uasset" SILENT=true
[2017.08.01-10.46.56:259][217]LogSavePackage: Save=9.78ms
[2017.08.01-10.46.56:259][217]LogSavePackage: Moving 'E:/UnrealProjects/PreSaleFrameWork/Saved/PostProcessVolumeBF28D5FE4831B493FAAA409B97509C2E.tmp' to 'E:/UnrealProjects/PreSaleFrameWork/Content/DragAndDrop/PostProcessVolume.uasset'
[2017.08.01-10.46.56:268][217]LogSavePackage:Display: Finished SavePackage E:/UnrealProjects/PreSaleFrameWork/Content/DragAndDrop/PostProcessVolume.uasset
[2017.08.01-10.46.57:451][331]LogTemp: Repeting last play command: Selected Viewport
[2017.08.01-10.46.57:468][331]LogBlueprintUserMessages: Early PlayInEditor Detection: Level '/Game/Walkthrough.Walkthrough:PersistentLevel' has LevelScriptBlueprint '/Game/Walkthrough.Walkthrough:PersistentLevel.Walkthrough' with GeneratedClass '/Game/Walkthrough.Walkthrough_C' with ClassGeneratedBy '/Game/Walkthrough.Walkthrough:PersistentLevel.Walkthrough'
[2017.08.01-10.46.57:468][331]LogPlayLevel: PlayLevel: No blueprints needed recompiling
[2017.08.01-10.46.57:468][331]PIE: New page: PIE session: Walkthrough (Aug 1, 2017, 9:46:57 PM)
[2017.08.01-10.46.57:468][331]LogPlayLevel: Creating play world package: /Game/UEDPIE_0_Walkthrough
[2017.08.01-10.46.57:472][331]LogPlayLevel: PIE: StaticDuplicateObject took: (0.004030s)
[2017.08.01-10.46.57:473][331]LogAIModule: Creating AISystem for world Walkthrough
[2017.08.01-10.46.57:474][331]LogPlayLevel: PIE: World Init took: (0.001770s)
[2017.08.01-10.46.57:474][331]LogPlayLevel: PIE: Created PIE world by copying editor world from /Game/Walkthrough.Walkthrough to /Game/UEDPIE_0_Walkthrough.Walkthrough (0.006000s)
[2017.08.01-10.46.57:510][331]LogInit: XAudio2 using 'DELL S2415H-4 (NVIDIA High Definition Audio)' : 2 channels at 48 kHz using 16 bits per sample (channel mask 0x3)
[2017.08.01-10.46.57:520][331]LogInit: FAudioDevice initialized.
[2017.08.01-10.46.57:558][331]LogLoad: Game class is 'PreSaleGameMode_C'
[2017.08.01-10.46.57:564][331]LogWorld: Bringing World /Game/UEDPIE_0_Walkthrough.Walkthrough up for play (max tick rate 0) at 2017.08.01-16.16.57
[2017.08.01-10.46.57:565][331]LogWorld: Bringing up level for play took: 0.001463
[2017.08.01-10.46.57:566][331]LogGameMode:Display: Match State Changed from EnteringMap to WaitingToStart
[2017.08.01-10.46.57:566][331]LogGameState: Match State Changed from EnteringMap to WaitingToStart
[2017.08.01-10.46.57:566][331]LogGameMode:Display: Match State Changed from WaitingToStart to InProgress
[2017.08.01-10.46.57:567][331]LogGameState: Match State Changed from WaitingToStart to InProgress
[2017.08.01-10.46.57:568][331]PIE: Info Play in editor start time for /Game/UEDPIE_0_Walkthrough -0.312
[2017.08.01-10.46.57:568][331]LogBlueprintUserMessages: Late PlayInEditor Detection: Level '/Game/Walkthrough.Walkthrough:PersistentLevel' has LevelScriptBlueprint '/Game/Walkthrough.Walkthrough:PersistentLevel.Walkthrough' with GeneratedClass '/Game/Walkthrough.Walkthrough_C' with ClassGeneratedBy '/Game/Walkthrough.Walkthrough:PersistentLevel.Walkthrough'
[2017.08.01-10.46.59:489][555]LogBlueprintUserMessages: Early EndPlayMap Detection: Level '/Game/Walkthrough.Walkthrough:PersistentLevel' has LevelScriptBlueprint '/Game/Walkthrough.Walkthrough:PersistentLevel.Walkthrough' with GeneratedClass '/Game/Walkthrough.Walkthrough_C' with ClassGeneratedBy '/Game/Walkthrough.Walkthrough:PersistentLevel.Walkthrough'
[2017.08.01-10.46.59:532][555]LogBlueprintUserMessages: Late EndPlayMap Detection: Level '/Game/Walkthrough.Walkthrough:PersistentLevel' has LevelScriptBlueprint '/Game/Walkthrough.Walkthrough:PersistentLevel.Walkthrough' with GeneratedClass '/Game/Walkthrough.Walkthrough_C' with ClassGeneratedBy '/Game/Walkthrough.Walkthrough:PersistentLevel.Walkthrough'
[2017.08.01-10.47.15:330][397]BlueprintLog: New page: Compile PostProcessVolume
[2017.08.01-10.47.15:495][397]Cmd: OBJ SAVEPACKAGE PACKAGE="/Game/DragAndDrop/PostProcessVolume" FILE="E:/UnrealProjects/PreSaleFrameWork/Content/DragAndDrop/PostProcessVolume.uasset" SILENT=true
[2017.08.01-10.47.15:505][397]LogSavePackage: Save=9.11ms
[2017.08.01-10.47.15:505][397]LogSavePackage: Moving 'E:/UnrealProjects/PreSaleFrameWork/Saved/PostProcessVolume797A68504D0DA11CA665B980156B8CA0.tmp' to 'E:/UnrealProjects/PreSaleFrameWork/Content/DragAndDrop/PostProcessVolume.uasset'
[2017.08.01-10.47.15:514][397]LogSavePackage:Display: Finished SavePackage E:/UnrealProjects/PreSaleFrameWork/Content/DragAndDrop/PostProcessVolume.uasset
[2017.08.01-10.47.17:631][624]LogTemp: Repeting last play command: Selected Viewport
[2017.08.01-10.47.17:645][624]LogBlueprintUserMessages: Early PlayInEditor Detection: Level '/Game/Walkthrough.Walkthrough:PersistentLevel' has LevelScriptBlueprint '/Game/Walkthrough.Walkthrough:PersistentLevel.Walkthrough' with GeneratedClass '/Game/Walkthrough.Walkthrough_C' with ClassGeneratedBy '/Game/Walkthrough.Walkthrough:PersistentLevel.Walkthrough'
[2017.08.01-10.47.17:645][624]LogPlayLevel: PlayLevel: No blueprints needed recompiling
[2017.08.01-10.47.17:645][624]PIE: New page: PIE session: Walkthrough (Aug 1, 2017, 9:47:17 PM)
[2017.08.01-10.47.17:645][624]LogPlayLevel: Creating play world package: /Game/UEDPIE_0_Walkthrough
[2017.08.01-10.47.17:648][624]LogPlayLevel: PIE: StaticDuplicateObject took: (0.003175s)
[2017.08.01-10.47.17:649][624]LogAIModule: Creating AISystem for world Walkthrough
[2017.08.01-10.47.17:649][624]LogPlayLevel: PIE: World Init took: (0.001198s)
[2017.08.01-10.47.17:649][624]LogPlayLevel: PIE: Created PIE world by copying editor world from /Game/Walkthrough.Walkthrough to /Game/UEDPIE_0_Walkthrough.Walkthrough (0.004574s)
[2017.08.01-10.47.17:690][624]LogInit: XAudio2 using 'DELL S2415H-4 (NVIDIA High Definition Audio)' : 2 channels at 48 kHz using 16 bits per sample (channel mask 0x3)
[2017.08.01-10.47.17:701][624]LogInit: FAudioDevice initialized.
[2017.08.01-10.47.17:734][624]LogLoad: Game class is 'PreSaleGameMode_C'
[2017.08.01-10.47.17:738][624]LogWorld: Bringing World /Game/UEDPIE_0_Walkthrough.Walkthrough up for play (max tick rate 0) at 2017.08.01-16.17.17
[2017.08.01-10.47.17:738][624]LogWorld: Bringing up level for play took: 0.001323
[2017.08.01-10.47.17:740][624]LogGameMode:Display: Match State Changed from EnteringMap to WaitingToStart
[2017.08.01-10.47.17:740][624]LogGameState: Match State Changed from EnteringMap to WaitingToStart
[2017.08.01-10.47.17:740][624]LogGameMode:Display: Match State Changed from WaitingToStart to InProgress
[2017.08.01-10.47.17:741][624]LogGameState: Match State Changed from WaitingToStart to InProgress
[2017.08.01-10.47.17:741][624]PIE: Info Play in editor start time for /Game/UEDPIE_0_Walkthrough -0.14
[2017.08.01-10.47.17:741][624]LogBlueprintUserMessages: Late PlayInEditor Detection: Level '/Game/Walkthrough.Walkthrough:PersistentLevel' has LevelScriptBlueprint '/Game/Walkthrough.Walkthrough:PersistentLevel.Walkthrough' with GeneratedClass '/Game/Walkthrough.Walkthrough_C' with ClassGeneratedBy '/Game/Walkthrough.Walkthrough:PersistentLevel.Walkthrough'
[2017.08.01-10.47.19:571][840]LogBlueprintUserMessages: Early EndPlayMap Detection: Level '/Game/Walkthrough.Walkthrough:PersistentLevel' has LevelScriptBlueprint '/Game/Walkthrough.Walkthrough:PersistentLevel.Walkthrough' with GeneratedClass '/Game/Walkthrough.Walkthrough_C' with ClassGeneratedBy '/Game/Walkthrough.Walkthrough:PersistentLevel.Walkthrough'
[2017.08.01-10.47.19:620][840]LogBlueprintUserMessages: Late EndPlayMap Detection: Level '/Game/Walkthrough.Walkthrough:PersistentLevel' has LevelScriptBlueprint '/Game/Walkthrough.Walkthrough:PersistentLevel.Walkthrough' with GeneratedClass '/Game/Walkthrough.Walkthrough_C' with ClassGeneratedBy '/Game/Walkthrough.Walkthrough:PersistentLevel.Walkthrough'
[2017.08.01-10.47.22:144][114]BlueprintLog: New page: Compile PostProcessVolume
[2017.08.01-10.47.22:312][114]Cmd: OBJ SAVEPACKAGE PACKAGE="/Game/DragAndDrop/PostProcessVolume" FILE="E:/UnrealProjects/PreSaleFrameWork/Content/DragAndDrop/PostProcessVolume.uasset" SILENT=true
[2017.08.01-10.47.22:323][114]LogSavePackage: Save=9.17ms
[2017.08.01-10.47.22:323][114]LogSavePackage: Moving 'E:/UnrealProjects/PreSaleFrameWork/Saved/PostProcessVolume3A1251394240545B8933C1B6696D2804.tmp' to 'E:/UnrealProjects/PreSaleFrameWork/Content/DragAndDrop/PostProcessVolume.uasset'
[2017.08.01-10.47.22:332][114]LogSavePackage:Display: Finished SavePackage E:/UnrealProjects/PreSaleFrameWork/Content/DragAndDrop/PostProcessVolume.uasset
[2017.08.01-10.47.23:598][238]LogTemp: Repeting last play command: Selected Viewport
[2017.08.01-10.47.23:613][238]LogBlueprintUserMessages: Early PlayInEditor Detection: Level '/Game/Walkthrough.Walkthrough:PersistentLevel' has LevelScriptBlueprint '/Game/Walkthrough.Walkthrough:PersistentLevel.Walkthrough' with GeneratedClass '/Game/Walkthrough.Walkthrough_C' with ClassGeneratedBy '/Game/Walkthrough.Walkthrough:PersistentLevel.Walkthrough'
[2017.08.01-10.47.23:613][238]LogPlayLevel: PlayLevel: No blueprints needed recompiling
[2017.08.01-10.47.23:613][238]PIE: New page: PIE session: Walkthrough (Aug 1, 2017, 9:47:23 PM)
[2017.08.01-10.47.23:614][238]LogPlayLevel: Creating play world package: /Game/UEDPIE_0_Walkthrough
[2017.08.01-10.47.23:616][238]LogPlayLevel: PIE: StaticDuplicateObject took: (0.002848s)
[2017.08.01-10.47.23:617][238]LogAIModule: Creating AISystem for world Walkthrough
[2017.08.01-10.47.23:617][238]LogPlayLevel: PIE: World Init took: (0.000811s)
[2017.08.01-10.47.23:617][238]LogPlayLevel: PIE: Created PIE world by copying editor world from /Game/Walkthrough.Walkthrough to /Game/UEDPIE_0_Walkthrough.Walkthrough (0.003900s)
[2017.08.01-10.47.23:651][238]LogInit: XAudio2 using 'DELL S2415H-4 (NVIDIA High Definition Audio)' : 2 channels at 48 kHz using 16 bits per sample (channel mask 0x3)
[2017.08.01-10.47.23:658][238]LogInit: FAudioDevice initialized.
[2017.08.01-10.47.23:689][238]LogLoad: Game class is 'PreSaleGameMode_C'
[2017.08.01-10.47.23:693][238]LogWorld: Bringing World /Game/UEDPIE_0_Walkthrough.Walkthrough up for play (max tick rate 0) at 2017.08.01-16.17.23
[2017.08.01-10.47.23:693][238]LogWorld: Bringing up level for play took: 0.001128
[2017.08.01-10.47.23:694][238]LogGameMode:Display: Match State Changed from EnteringMap to WaitingToStart
[2017.08.01-10.47.23:694][238]LogGameState: Match State Changed from EnteringMap to WaitingToStart
[2017.08.01-10.47.23:694][238]LogGameMode:Display: Match State Changed from WaitingToStart to InProgress
[2017.08.01-10.47.23:695][238]LogGameState: Match State Changed from WaitingToStart to InProgress
[2017.08.01-10.47.23:695][238]PIE: Info Play in editor start time for /Game/UEDPIE_0_Walkthrough -0.186
[2017.08.01-10.47.23:695][238]LogBlueprintUserMessages: Late PlayInEditor Detection: Level '/Game/Walkthrough.Walkthrough:PersistentLevel' has LevelScriptBlueprint '/Game/Walkthrough.Walkthrough:PersistentLevel.Walkthrough' with GeneratedClass '/Game/Walkthrough.Walkthrough_C' with ClassGeneratedBy '/Game/Walkthrough.Walkthrough:PersistentLevel.Walkthrough'
[2017.08.01-10.47.24:501][333]LogBlueprintUserMessages: Early EndPlayMap Detection: Level '/Game/Walkthrough.Walkthrough:PersistentLevel' has LevelScriptBlueprint '/Game/Walkthrough.Walkthrough:PersistentLevel.Walkthrough' with GeneratedClass '/Game/Walkthrough.Walkthrough_C' with ClassGeneratedBy '/Game/Walkthrough.Walkthrough:PersistentLevel.Walkthrough'
[2017.08.01-10.47.24:546][333]LogBlueprintUserMessages: Late EndPlayMap Detection: Level '/Game/Walkthrough.Walkthrough:PersistentLevel' has LevelScriptBlueprint '/Game/Walkthrough.Walkthrough:PersistentLevel.Walkthrough' with GeneratedClass '/Game/Walkthrough.Walkthrough_C' with ClassGeneratedBy '/Game/Walkthrough.Walkthrough:PersistentLevel.Walkthrough'
[2017.08.01-10.47.40:586][ 90]Cmd: OBJ SAVEPACKAGE PACKAGE="/Game/DragAndDrop/GlobalPostProcessVolume" FILE="E:/UnrealProjects/PreSaleFrameWork/Content/DragAndDrop/GlobalPostProcessVolume.uasset" SILENT=true
[2017.08.01-10.47.40:666][ 90]LogSavePackage: Save=10.58ms
[2017.08.01-10.47.40:666][ 90]LogSavePackage: Moving 'E:/UnrealProjects/PreSaleFrameWork/Saved/GlobalPostProcessVolumeD4A82DDA4820340333BF90A9ADFF8C83.tmp' to 'E:/UnrealProjects/PreSaleFrameWork/Content/DragAndDrop/GlobalPostProcessVolume.uasset'
[2017.08.01-10.47.40:676][ 90]LogSavePackage:Display: Finished SavePackage E:/UnrealProjects/PreSaleFrameWork/Content/DragAndDrop/GlobalPostProcessVolume.uasset
[2017.08.01-10.47.40:678][ 90]LogMetaData: Removing '/Game/DragAndDrop/GlobalPostProcessVolume.GlobalPostProcessVolume:UserConstructionScript.K2Node_FunctionEntry_0' ref from Metadata '/Game/DragAndDrop/PostProcessVolume.PackageMetaData'
[2017.08.01-10.47.40:678][ 90]LogMetaData: Removing '/Game/DragAndDrop/GlobalPostProcessVolume.SKEL_GlobalPostProcessVolume_C' ref from Metadata '/Game/DragAndDrop/PostProcessVolume.PackageMetaData'
[2017.08.01-10.47.40:678][ 90]LogMetaData: Removing '/Game/DragAndDrop/GlobalPostProcessVolume.GlobalPostProcessVolume_C' ref from Metadata '/Game/DragAndDrop/PostProcessVolume.PackageMetaData'
[2017.08.01-10.47.40:678][ 90]LogMetaData: Removing '/Game/DragAndDrop/GlobalPostProcessVolume.GlobalPostProcessVolume:EventGraph.K2Node_Event_0' ref from Metadata '/Game/DragAndDrop/PostProcessVolume.PackageMetaData'
[2017.08.01-10.47.40:678][ 90]LogMetaData: Removing '/Game/DragAndDrop/GlobalPostProcessVolume.GlobalPostProcessVolume:EventGraph.K2Node_Event_1' ref from Metadata '/Game/DragAndDrop/PostProcessVolume.PackageMetaData'
[2017.08.01-10.47.40:678][ 90]LogMetaData: Removing '/Game/DragAndDrop/GlobalPostProcessVolume.GlobalPostProcessVolume:EventGraph.K2Node_Event_2' ref from Metadata '/Game/DragAndDrop/PostProcessVolume.PackageMetaData'
[2017.08.01-10.47.40:714][ 90]Cmd: OBJ SAVEPACKAGE PACKAGE="/Game/DragAndDrop/GlobalPostProcessVolume" FILE="E:/UnrealProjects/PreSaleFrameWork/Content/DragAndDrop/GlobalPostProcessVolume.uasset" SILENT=true
[2017.08.01-10.47.40:733][ 90]LogSavePackage: Save=15.64ms
[2017.08.01-10.47.40:733][ 90]LogSavePackage: Moving 'E:/UnrealProjects/PreSaleFrameWork/Saved/GlobalPostProcessVolume27EB17CC470506C13DDC96BDC4DCFB42.tmp' to 'E:/UnrealProjects/PreSaleFrameWork/Content/DragAndDrop/GlobalPostProcessVolume.uasset'
[2017.08.01-10.47.40:743][ 90]LogSavePackage:Display: Finished SavePackage E:/UnrealProjects/PreSaleFrameWork/Content/DragAndDrop/GlobalPostProcessVolume.uasset
[2017.08.01-10.47.44:721][392]Cmd: OBJ SAVEPACKAGE PACKAGE="/Game/Walkthrough" FILE="E:/UnrealProjects/PreSaleFrameWork/Content/Walkthrough.umap" SILENT=true AUTOSAVING=false KEEPDIRTY=false
[2017.08.01-10.47.44:906][392]LogSavePackage: Save=148.22ms
[2017.08.01-10.47.44:906][392]LogSavePackage: Moving 'E:/UnrealProjects/PreSaleFrameWork/Saved/Walkthrough6E1CC92A4A3E5F2CDE5C4691E2C8443B.tmp' to 'E:/UnrealProjects/PreSaleFrameWork/Content/Walkthrough.umap'
[2017.08.01-10.47.44:937][392]LogSavePackage:Display: Finished SavePackage E:/UnrealProjects/PreSaleFrameWork/Content/Walkthrough.umap
[2017.08.01-10.47.44:958][392]LogFileHelpers: Saving map 'Walkthrough' took 0.343
[2017.08.01-10.47.59:731][  1]Cmd: QUIT_EDITOR
[2017.08.01-10.47.59:781][  1]LogExit: Preparing to exit.
[2017.08.01-10.48.00:944][  1]LogCameraPhotography: Photography camera destroyed.  Provider=NVIDIA Ansel, Supported=1
[2017.08.01-10.48.01:023][  1]LogExit: Editor shut down
[2017.08.01-10.48.01:032][  1]LogExit: Transaction tracking system shut down
[2017.08.01-10.48.01:188][  1]LogObj: Freed 0b from 0 cluster array pools.
[2017.08.01-10.48.01:188][  1]LogExit: Object subsystem successfully closed.
[2017.08.01-10.48.01:226][  1]LogD3D11RHI: Shutdown
[2017.08.01-10.48.01:226][  1]LogD3D11RHI: CleanupD3DDevice
[2017.08.01-10.48.01:402][  1]LogD3D11RHI: ~FD3D11DynamicRHI
[2017.08.01-10.48.01:427][  1]LogModuleManager: Shutting down and abandoning module MovieSceneCapture (534)
[2017.08.01-10.48.01:427][  1]LogModuleManager: Shutting down and abandoning module BlueprintGraph (532)
[2017.08.01-10.48.01:427][  1]LogModuleManager: Shutting down and abandoning module BlueprintProfiler (530)
[2017.08.01-10.48.01:427][  1]LogModuleManager: Shutting down and abandoning module HierarchicalLODOutliner (528)
[2017.08.01-10.48.01:427][  1]LogModuleManager: Shutting down and abandoning module ExternalImagePicker (526)
[2017.08.01-10.48.01:427][  1]LogModuleManager: Shutting down and abandoning module CrashTracker (524)
[2017.08.01-10.48.01:427][  1]LogModuleManager: Shutting down and abandoning module SceneOutliner (522)
[2017.08.01-10.48.01:427][  1]LogModuleManager: Shutting down and abandoning module AddContentDialog (520)
[2017.08.01-10.48.01:427][  1]LogDirectoryWatcher: A directory notification for 'C:/Program Files/Epic Games/UE_4.16/FeaturePacks/' was aborted.
[2017.08.01-10.48.01:429][  1]LogModuleManager: Shutting down and abandoning module WidgetCarousel (519)
[2017.08.01-10.48.01:429][  1]LogModuleManager: Shutting down and abandoning module EditorWidgets (516)
[2017.08.01-10.48.01:429][  1]LogModuleManager: Shutting down and abandoning module CollectionManager (514)
[2017.08.01-10.48.01:429][  1]LogDirectoryWatcher: A directory notification for 'E:/UnrealProjects/PreSaleFrameWork/Content/Collections/' was aborted.
[2017.08.01-10.48.01:429][  1]LogDirectoryWatcher: A directory notification for 'E:/UnrealProjects/PreSaleFrameWork/Content/Developers/Intel/Collections/' was aborted.
[2017.08.01-10.48.01:429][  1]LogDirectoryWatcher: A directory notification for 'E:/UnrealProjects/PreSaleFrameWork/Saved/Collections/' was aborted.
[2017.08.01-10.48.01:429][  1]LogModuleManager: Shutting down and abandoning module StatsViewer (512)
[2017.08.01-10.48.01:429][  1]LogModuleManager: Shutting down and abandoning module FoliageEdit (510)
[2017.08.01-10.48.01:429][  1]LogModuleManager: Shutting down and abandoning module LandscapeEditor (508)
[2017.08.01-10.48.01:429][  1]LogModuleManager: Shutting down and abandoning module MeshPaintMode (506)
[2017.08.01-10.48.01:429][  1]LogModuleManager: Shutting down and abandoning module SceneDepthPickerMode (504)
[2017.08.01-10.48.01:429][  1]LogModuleManager: Shutting down and abandoning module ActorPickerMode (502)
[2017.08.01-10.48.01:429][  1]LogModuleManager: Shutting down and abandoning module GeometryMode (500)
[2017.08.01-10.48.01:429][  1]LogModuleManager: Shutting down and abandoning module TextureAlignMode (498)
[2017.08.01-10.48.01:429][  1]LogModuleManager: Shutting down and abandoning module BspMode (496)
[2017.08.01-10.48.01:429][  1]LogModuleManager: Shutting down and abandoning module HardwareSurvey (494)
[2017.08.01-10.48.01:429][  1]LogModuleManager: Shutting down and abandoning module SequenceRecorderSections (492)
[2017.08.01-10.48.01:429][  1]LogModuleManager: Shutting down and abandoning module AutomationWorker (490)
[2017.08.01-10.48.01:429][  1]LogModuleManager: Shutting down and abandoning module MatineeToLevelSequence (488)
[2017.08.01-10.48.01:429][  1]LogModuleManager: Shutting down and abandoning module LevelSequenceEditor (486)
[2017.08.01-10.48.01:429][  1]LogModuleManager: Shutting down and abandoning module PlacementMode (485)
[2017.08.01-10.48.01:429][  1]LogModuleManager: Shutting down and abandoning module WmfMediaFactory (482)
[2017.08.01-10.48.01:429][  1]LogModuleManager: Shutting down and abandoning module WmfMediaEditor (480)
[2017.08.01-10.48.01:429][  1]LogModuleManager: Shutting down and abandoning module AvfMediaFactory (478)
[2017.08.01-10.48.01:429][  1]LogModuleManager: Shutting down and abandoning module AvfMediaEditor (476)
[2017.08.01-10.48.01:429][  1]LogModuleManager: Shutting down and abandoning module AndroidMediaFactory (474)
[2017.08.01-10.48.01:429][  1]LogModuleManager: Shutting down and abandoning module Media (473)
[2017.08.01-10.48.01:429][  1]LogModuleManager: Shutting down and abandoning module AndroidMediaEditor (470)
[2017.08.01-10.48.01:430][  1]LogModuleManager: Shutting down and abandoning module CharacterAI (468)
[2017.08.01-10.48.01:430][  1]LogModuleManager: Shutting down and abandoning module AudioCapture (466)
[2017.08.01-10.48.01:430][  1]LogModuleManager: Shutting down and abandoning module SequenceRecorder (465)
[2017.08.01-10.48.01:430][  1]LogModuleManager: Shutting down and abandoning module SmartSnapping (462)
[2017.08.01-10.48.01:430][  1]LogModuleManager: Shutting down and abandoning module SessionServices (460)
[2017.08.01-10.48.01:430][  1]LogModuleManager: Shutting down and abandoning module ViewportSnapping (458)
[2017.08.01-10.48.01:430][  1]LogModuleManager: Shutting down and abandoning module ViewportInteraction (456)
[2017.08.01-10.48.01:430][  1]LogModuleManager: Shutting down and abandoning module ClothPainter (454)
[2017.08.01-10.48.01:430][  1]LogModuleManager: Shutting down and abandoning module LogVisualizer (452)
[2017.08.01-10.48.01:430][  1]LogModuleManager: Shutting down and abandoning module IntroTutorials (450)
[2017.08.01-10.48.01:430][  1]LogModuleManager: Shutting down and abandoning module GameProjectGeneration (449)
[2017.08.01-10.48.01:430][  1]LogModuleManager: Shutting down and abandoning module EditorLiveStreaming (446)
[2017.08.01-10.48.01:430][  1]LogModuleManager: Shutting down and abandoning module IOSPlatformEditor (444)
[2017.08.01-10.48.01:430][  1]LogModuleManager: Shutting down and abandoning module HTML5PlatformEditor (442)
[2017.08.01-10.48.01:430][  1]LogModuleManager: Shutting down and abandoning module AndroidPlatformEditor (440)
[2017.08.01-10.48.01:430][  1]LogModuleManager: Shutting down and abandoning module AndroidDeviceDetection (439)
[2017.08.01-10.48.02:286][  1]LogModuleManager: Shutting down and abandoning module IOSRuntimeSettings (436)
[2017.08.01-10.48.02:286][  1]LogModuleManager: Shutting down and abandoning module AndroidRuntimeSettings (434)
[2017.08.01-10.48.02:286][  1]LogModuleManager: Shutting down and abandoning module InputBindingEditor (432)
[2017.08.01-10.48.02:286][  1]LogModuleManager: Shutting down and abandoning module MergeActors (430)
[2017.08.01-10.48.02:286][  1]LogModuleManager: Shutting down and abandoning module SizeMap (428)
[2017.08.01-10.48.02:286][  1]LogModuleManager: Shutting down and abandoning module TreeMap (426)
[2017.08.01-10.48.02:286][  1]LogModuleManager: Shutting down and abandoning module ReferenceViewer (424)
[2017.08.01-10.48.02:286][  1]LogModuleManager: Shutting down and abandoning module LocalizationDashboard (422)
[2017.08.01-10.48.02:286][  1]LogModuleManager: Shutting down and abandoning module LocalizationService (421)
[2017.08.01-10.48.02:286][  1]LogModuleManager: Shutting down and abandoning module HardwareTargeting (418)
[2017.08.01-10.48.02:286][  1]LogModuleManager: Shutting down and abandoning module DeviceProfileEditor (416)
[2017.08.01-10.48.02:286][  1]LogModuleManager: Shutting down and abandoning module UndoHistory (414)
[2017.08.01-10.48.02:286][  1]LogModuleManager: Shutting down and abandoning module UserFeedback (412)
[2017.08.01-10.48.02:286][  1]LogModuleManager: Shutting down and abandoning module XmlParser (410)
[2017.08.01-10.48.02:287][  1]LogModuleManager: Shutting down and abandoning module Blutility (408)
[2017.08.01-10.48.02:287][  1]LogModuleManager: Shutting down and abandoning module ProjectSettingsViewer (406)
[2017.08.01-10.48.02:287][  1]LogModuleManager: Shutting down and abandoning module ProjectTargetPlatformEditor (405)
[2017.08.01-10.48.02:287][  1]LogModuleManager: Shutting down and abandoning module EditorSettingsViewer (402)
[2017.08.01-10.48.02:287][  1]LogModuleManager: Shutting down and abandoning module SettingsEditor (400)
[2017.08.01-10.48.02:287][  1]LogModuleManager: Shutting down and abandoning module ProjectLauncher (398)
[2017.08.01-10.48.02:287][  1]LogModuleManager: Shutting down and abandoning module SessionFrontend (396)
[2017.08.01-10.48.02:287][  1]LogModuleManager: Shutting down and abandoning module ProfilerClient (394)
[2017.08.01-10.48.02:287][  1]LogModuleManager: Shutting down and abandoning module DeviceManager (392)
[2017.08.01-10.48.02:287][  1]LogModuleManager: Shutting down and abandoning module TargetDeviceServices (391)
[2017.08.01-10.48.02:347][  1]LogModuleManager: Shutting down and abandoning module AutomationController (388)
[2017.08.01-10.48.02:347][  1]LogModuleManager: Shutting down and abandoning module AutomationWindow (386)
[2017.08.01-10.48.02:347][  1]LogModuleManager: Shutting down and abandoning module Layers (384)
[2017.08.01-10.48.02:347][  1]LogModuleManager: Shutting down and abandoning module ComponentVisualizers (382)
[2017.08.01-10.48.02:347][  1]LogModuleManager: Shutting down and abandoning module DetailCustomizations (380)
[2017.08.01-10.48.02:347][  1]LogModuleManager: Shutting down and abandoning module PackagesDialog (378)
[2017.08.01-10.48.02:347][  1]LogModuleManager: Shutting down and abandoning module Persona (376)
[2017.08.01-10.48.02:347][  1]LogModuleManager: Shutting down and abandoning module AdvancedPreviewScene (375)
[2017.08.01-10.48.02:347][  1]LogModuleManager: Shutting down and abandoning module AnimGraph (373)
[2017.08.01-10.48.02:347][  1]LogModuleManager: Shutting down and abandoning module Kismet (370)
[2017.08.01-10.48.02:359][  1]LogModuleManager: Shutting down and abandoning module ClassViewer (368)
[2017.08.01-10.48.02:361][  1]LogModuleManager: Shutting down and abandoning module Toolbox (366)
[2017.08.01-10.48.02:361][  1]LogModuleManager: Shutting down and abandoning module ModuleUI (364)
[2017.08.01-10.48.02:361][  1]LogModuleManager: Shutting down and abandoning module MovieSceneTools (362)
[2017.08.01-10.48.02:361][  1]LogModuleManager: Shutting down and abandoning module OutputLog (360)
[2017.08.01-10.48.02:361][  1]LogModuleManager: Shutting down and abandoning module GammaUI (358)
[2017.08.01-10.48.02:361][  1]LogModuleManager: Shutting down and abandoning module Documentation (356)
[2017.08.01-10.48.02:361][  1]LogModuleManager: Shutting down and abandoning module MovieSceneTracks (354)
[2017.08.01-10.48.02:361][  1]LogModuleManager: Shutting down and abandoning module MovieScene (352)
[2017.08.01-10.48.02:361][  1]LogModuleManager: Shutting down and abandoning module Niagara (350)
[2017.08.01-10.48.02:361][  1]LogModuleManager: Shutting down and abandoning module NiagaraEditor (349)
[2017.08.01-10.48.02:361][  1]LogModuleManager: Shutting down and abandoning module StreamingPauseRendering (346)
[2017.08.01-10.48.02:361][  1]LogModuleManager: Shutting down and abandoning module AnalyticsET (344)
[2017.08.01-10.48.02:361][  1]LogModuleManager: Shutting down and abandoning module PortalServices (342)
[2017.08.01-10.48.02:361][  1]LogModuleManager: Shutting down and abandoning module PortalRpc (340)
[2017.08.01-10.48.02:361][  1]LogModuleManager: Shutting down and abandoning module MessagingRpc (338)
[2017.08.01-10.48.02:361][  1]LogModuleManager: Shutting down and abandoning module AIModule (336)
[2017.08.01-10.48.02:361][  1]LogModuleManager: Shutting down and abandoning module GameplayDebugger (335)
[2017.08.01-10.48.02:362][  1]LogModuleManager: Shutting down and abandoning module AITestSuite (333)
[2017.08.01-10.48.02:362][  1]LogModuleManager: Shutting down and abandoning module ProfilerService (330)
[2017.08.01-10.48.02:527][  1]LogModuleManager: Shutting down and abandoning module TaskGraph (328)
[2017.08.01-10.48.02:527][  1]LogModuleManager: Shutting down and abandoning module SteamVRController (326)
[2017.08.01-10.48.02:527][  1]LogModuleManager: Shutting down and abandoning module SteamVR (324)
[2017.08.01-10.48.02:527][  1]LogModuleManager: Shutting down and abandoning module ProceduralMeshComponentEditor (322)
[2017.08.01-10.48.02:527][  1]LogModuleManager: Shutting down and abandoning module ProceduralMeshComponent (320)
[2017.08.01-10.48.02:527][  1]LogModuleManager: Shutting down and abandoning module OculusLibrary (318)
[2017.08.01-10.48.02:527][  1]LogModuleManager: Shutting down and abandoning module OculusInput (316)
[2017.08.01-10.48.02:527][  1]LogModuleManager: Shutting down and abandoning module Ansel (314)
[2017.08.01-10.48.02:527][  1]LogModuleManager: Shutting down and abandoning module MobilePatchingUtils (312)
[2017.08.01-10.48.02:527][  1]LogModuleManager: Shutting down and abandoning module CustomMeshComponent (310)
[2017.08.01-10.48.02:527][  1]LogModuleManager: Shutting down and abandoning module CableComponent (308)
[2017.08.01-10.48.02:527][  1]LogModuleManager: Shutting down and abandoning module ArchVisCharacter (306)
[2017.08.01-10.48.02:527][  1]LogModuleManager: Shutting down and abandoning module AndroidPermission (304)
[2017.08.01-10.48.02:527][  1]LogModuleManager: Shutting down and abandoning module MediaPlayerEditor (300)
[2017.08.01-10.48.02:527][  1]LogModuleManager: Shutting down and abandoning module HTML5Networking (298)
[2017.08.01-10.48.02:527][  1]LogModuleManager: Shutting down and abandoning module AlembicImporter (296)
[2017.08.01-10.48.02:527][  1]LogModuleManager: Shutting down and abandoning module AlembicLibrary (295)
[2017.08.01-10.48.02:527][  1]LogModuleManager: Shutting down and abandoning module GeometryCache (294)
[2017.08.01-10.48.02:527][  1]LogModuleManager: Shutting down and abandoning module GeometryCacheEd (293)
[2017.08.01-10.48.02:527][  1]LogModuleManager: Shutting down and abandoning module SuperSearchEditor (288)
[2017.08.01-10.48.02:527][  1]LogModuleManager: Shutting down and abandoning module SuperSearch (287)
[2017.08.01-10.48.02:527][  1]LogModuleManager: Shutting down and abandoning module SpeedTreeImporter (284)
[2017.08.01-10.48.02:527][  1]LogModuleManager: Shutting down and abandoning module PluginBrowser (282)
[2017.08.01-10.48.02:527][  1]LogModuleManager: Shutting down and abandoning module MobileLauncherProfileWizard (280)
[2017.08.01-10.48.02:527][  1]LogModuleManager: Shutting down and abandoning module VisualStudioSourceCodeAccess (278)
[2017.08.01-10.48.02:527][  1]LogModuleManager: Shutting down and abandoning module DesktopPlatform (277)
[2017.08.01-10.48.02:528][  1]LogModuleManager: Shutting down and abandoning module UObjectPlugin (274)
[2017.08.01-10.48.02:528][  1]LogModuleManager: Shutting down and abandoning module SubversionSourceControl (272)
[2017.08.01-10.48.02:528][  1]LogModuleManager: Shutting down and abandoning module PerforceSourceControl (270)
[2017.08.01-10.48.02:528][  1]LogModuleManager: Shutting down and abandoning module GitSourceControl (268)
[2017.08.01-10.48.02:528][  1]LogModuleManager: Shutting down and abandoning module SourceControl (267)
[2017.08.01-10.48.02:528][  1]LogModuleManager: Shutting down and abandoning module LightPropagationVolumeEditor (264)
[2017.08.01-10.48.02:528][  1]LogModuleManager: Shutting down and abandoning module PaperTiledImporter (262)
[2017.08.01-10.48.02:528][  1]LogModuleManager: Shutting down and abandoning module PaperSpriteSheetImporter (260)
[2017.08.01-10.48.02:528][  1]LogModuleManager: Shutting down and abandoning module Paper2DEditor (258)
[2017.08.01-10.48.02:528][  1]LogModuleManager: Shutting down and abandoning module MeshPaint (257)
[2017.08.01-10.48.02:528][  1]LogModuleManager: Shutting down and abandoning module LevelEditor (255)
[2017.08.01-10.48.02:529][  1]LogModuleManager: Shutting down and abandoning module PixelInspectorModule (254)
[2017.08.01-10.48.02:529][  1]LogModuleManager: Shutting down and abandoning module MainFrame (252)
[2017.08.01-10.48.02:529][  1]LogModuleManager: Shutting down and abandoning module HotReload (251)
[2017.08.01-10.48.02:530][  1]LogModuleManager: Shutting down and abandoning module PhysXVehiclesEditor (246)
[2017.08.01-10.48.02:530][  1]LogModuleManager: Shutting down and abandoning module PhysXVehicles (244)
[2017.08.01-10.48.02:530][  1]LogModuleManager: Shutting down and abandoning module LocationServicesBPLibrary (242)
[2017.08.01-10.48.02:530][  1]LogModuleManager: Shutting down and abandoning module ImmediatePhysicsEditor (240)
[2017.08.01-10.48.02:530][  1]LogModuleManager: Shutting down and abandoning module ImmediatePhysics (238)
[2017.08.01-10.48.02:530][  1]LogModuleManager: Shutting down and abandoning module UdpMessaging (236)
[2017.08.01-10.48.02:630][  1]LogModuleManager: Shutting down and abandoning module TcpMessaging (234)
[2017.08.01-10.48.02:730][  1]LogModuleManager: Shutting down and abandoning module GameplayTagsEditor (232)
[2017.08.01-10.48.02:730][  1]LogModuleManager: Shutting down and abandoning module FacialAnimationEditor (230)
[2017.08.01-10.48.02:730][  1]LogModuleManager: Shutting down and abandoning module FacialAnimation (228)
[2017.08.01-10.48.02:730][  1]LogModuleManager: Shutting down and abandoning module AssetManagerEditor (226)
[2017.08.01-10.48.02:730][  1]LogModuleManager: Shutting down and abandoning module GraphEditor (225)
[2017.08.01-10.48.02:730][  1]LogModuleManager: Shutting down and abandoning module ContentBrowser (223)
[2017.08.01-10.48.02:732][  1]LogModuleManager: Shutting down and abandoning module LightPropagationVolumeRuntime (220)
[2017.08.01-10.48.02:732][  1]LogModuleManager: Shutting down and abandoning module Paper2D (218)
[2017.08.01-10.48.02:732][  1]LogModuleManager: Shutting down and abandoning module WindowsMoviePlayer (216)
[2017.08.01-10.48.02:732][  1]LogModuleManager: Shutting down and abandoning module WmfMedia (214)
[2017.08.01-10.48.02:733][  1]LogModuleManager: Shutting down and abandoning module ClothingSystemEditor (212)
[2017.08.01-10.48.02:733][  1]LogModuleManager: Shutting down and abandoning module ClothingSystemRuntime (210)
[2017.08.01-10.48.02:733][  1]LogModuleManager: Shutting down and abandoning module MediaAssets (208)
[2017.08.01-10.48.02:733][  1]LogModuleManager: Shutting down and abandoning module GameLiveStreaming (206)
[2017.08.01-10.48.02:734][  1]LogModuleManager: Shutting down and abandoning module VREditor (204)
[2017.08.01-10.48.02:734][  1]LogModuleManager: Shutting down and abandoning module StringTableEditor (202)
[2017.08.01-10.48.02:734][  1]LogModuleManager: Shutting down and abandoning module GameplayTasksEditor (200)
[2017.08.01-10.48.02:734][  1]LogModuleManager: Shutting down and abandoning module BehaviorTreeEditor (198)
[2017.08.01-10.48.02:734][  1]LogModuleManager: Shutting down and abandoning module FunctionalTesting (196)
[2017.08.01-10.48.02:734][  1]LogModuleManager: Shutting down and abandoning module CollisionAnalyzer (194)
[2017.08.01-10.48.02:734][  1]LogModuleManager: Shutting down and abandoning module UMG (192)
[2017.08.01-10.48.02:734][  1]LogModuleManager: Shutting down and abandoning module UMGEditor (191)
[2017.08.01-10.48.02:734][  1]LogModuleManager: Shutting down and abandoning module Sequencer (190)
[2017.08.01-10.48.02:734][  1]LogModuleManager: Shutting down and abandoning module AssetTools (188)
[2017.08.01-10.48.02:734][  1]LogModuleManager: Shutting down and abandoning module MessageLog (187)
[2017.08.01-10.48.02:734][  1]LogModuleManager: Shutting down and abandoning module WorkspaceMenuStructure (186)
[2017.08.01-10.48.02:734][  1]LogModuleManager: Shutting down and abandoning module SlateReflector (180)
[2017.08.01-10.48.02:735][  1]LogModuleManager: Shutting down and abandoning module Slate (178)
[2017.08.01-10.48.02:735][  1]LogModuleManager: Shutting down and abandoning module EditorStyle (176)
[2017.08.01-10.48.02:740][  1]LogModuleManager: Shutting down and abandoning module SourceCodeAccess (174)
[2017.08.01-10.48.02:740][  1]LogModuleManager: Shutting down and abandoning module HeadMountedDisplay (172)
[2017.08.01-10.48.02:740][  1]LogModuleManager: Shutting down and abandoning module XAudio2 (170)
[2017.08.01-10.48.02:740][  1]LogModuleManager: Shutting down and abandoning module Networking (168)
[2017.08.01-10.48.02:740][  1]LogModuleManager: Shutting down and abandoning module Core (164)
[2017.08.01-10.48.02:740][  1]LogModuleManager: Shutting down and abandoning module AssetRegistry (162)
[2017.08.01-10.48.03:140][  1]LogDirectoryWatcher: A directory notification for '../../../Engine/Content/' was aborted.
[2017.08.01-10.48.03:140][  1]LogDirectoryWatcher: A directory notification for 'E:/UnrealProjects/PreSaleFrameWork/Content/' was aborted.
[2017.08.01-10.48.03:140][  1]LogDirectoryWatcher: A directory notification for '../../../Engine/Plugins/2D/Paper2D/Content/' was aborted.
[2017.08.01-10.48.03:140][  1]LogDirectoryWatcher: A directory notification for '../../../Engine/Plugins/Runtime/GearVR/Content/' was aborted.
[2017.08.01-10.48.03:144][  1]LogModuleManager: Shutting down and abandoning module DirectoryWatcher (161)
[2017.08.01-10.48.03:146][  1]LogModuleManager: Shutting down and abandoning module KismetCompiler (158)
[2017.08.01-10.48.03:146][  1]LogModuleManager: Shutting down and abandoning module PhysXFormats (156)
[2017.08.01-10.48.03:146][  1]LogModuleManager: Shutting down and abandoning module MeshUtilities (154)
[2017.08.01-10.48.03:146][  1]LogModuleManager: Shutting down and abandoning module SimplygonSwarm (153)
[2017.08.01-10.48.03:146][  1]LogModuleManager: Shutting down and abandoning module SimplygonMeshReduction (151)
[2017.08.01-10.48.03:146][  1]LogModuleManager: Shutting down and abandoning module QuadricMeshReduction (149)
[2017.08.01-10.48.03:146][  1]LogModuleManager: Shutting down and abandoning module LevelSequence (146)
[2017.08.01-10.48.03:146][  1]LogModuleManager: Shutting down and abandoning module DerivedDataCache (144)
[2017.08.01-10.48.03:224][  1]LogDerivedDataCache: Shutdown
[2017.08.01-10.48.03:224][  1]LogModuleManager: Shutting down and abandoning module TargetPlatform (142)
[2017.08.01-10.48.03:224][  1]LogModuleManager: Shutting down and abandoning module VulkanShaderFormat (141)
[2017.08.01-10.48.03:224][  1]LogModuleManager: Shutting down and abandoning module ShaderFormatVectorVM (139)
[2017.08.01-10.48.03:224][  1]LogModuleManager: Shutting down and abandoning module ShaderFormatOpenGL (137)
[2017.08.01-10.48.03:224][  1]LogModuleManager: Shutting down and abandoning module ShaderFormatD3D (135)
[2017.08.01-10.48.03:224][  1]LogModuleManager: Shutting down and abandoning module MetalShaderFormat (133)
[2017.08.01-10.48.03:224][  1]LogModuleManager: Shutting down and abandoning module TextureFormatUncompressed (131)
[2017.08.01-10.48.03:224][  1]LogModuleManager: Shutting down and abandoning module TextureFormatPVR (129)
[2017.08.01-10.48.03:224][  1]LogModuleManager: Shutting down and abandoning module TextureFormatDXT (127)
[2017.08.01-10.48.03:224][  1]LogModuleManager: Shutting down and abandoning module TextureFormatIntelISPCTexComp (125)
[2017.08.01-10.48.03:224][  1]LogModuleManager: Shutting down and abandoning module TextureFormatASTC (123)
[2017.08.01-10.48.03:224][  1]LogModuleManager: Shutting down and abandoning module ImageWrapper (122)
[2017.08.01-10.48.03:224][  1]LogModuleManager: Shutting down and abandoning module TextureFormatAndroid (119)
[2017.08.01-10.48.03:224][  1]LogModuleManager: Shutting down and abandoning module AudioFormatOpus (117)
[2017.08.01-10.48.03:224][  1]LogModuleManager: Shutting down and abandoning module AudioFormatOgg (115)
[2017.08.01-10.48.03:224][  1]LogModuleManager: Shutting down and abandoning module AudioFormatADPCM (113)
[2017.08.01-10.48.03:224][  1]LogModuleManager: Shutting down and abandoning module LinuxTargetPlatform (111)
[2017.08.01-10.48.03:224][  1]LogModuleManager: Shutting down and abandoning module LinuxServerTargetPlatform (109)
[2017.08.01-10.48.03:224][  1]LogModuleManager: Shutting down and abandoning module LinuxNoEditorTargetPlatform (107)
[2017.08.01-10.48.03:224][  1]LogModuleManager: Shutting down and abandoning module LinuxClientTargetPlatform (105)
[2017.08.01-10.48.03:224][  1]LogModuleManager: Shutting down and abandoning module TVOSTargetPlatform (103)
[2017.08.01-10.48.03:224][  1]LogModuleManager: Shutting down and abandoning module Messaging (101)
[2017.08.01-10.48.03:224][  1]LogModuleManager: Shutting down and abandoning module IOSTargetPlatform (99)
[2017.08.01-10.48.03:224][  1]LogModuleManager: Shutting down and abandoning module HTML5TargetPlatform (97)
[2017.08.01-10.48.03:224][  1]LogModuleManager: Shutting down and abandoning module Android_PVRTCTargetPlatform (95)
[2017.08.01-10.48.03:224][  1]LogModuleManager: Shutting down and abandoning module Android_MultiTargetPlatform (93)
[2017.08.01-10.48.03:224][  1]LogModuleManager: Shutting down and abandoning module Android_ETC2TargetPlatform (91)
[2017.08.01-10.48.03:224][  1]LogModuleManager: Shutting down and abandoning module Android_ETC1TargetPlatform (89)
[2017.08.01-10.48.03:224][  1]LogModuleManager: Shutting down and abandoning module Android_DXTTargetPlatform (87)
[2017.08.01-10.48.03:224][  1]LogModuleManager: Shutting down and abandoning module Android_ATCTargetPlatform (85)
[2017.08.01-10.48.03:225][  1]LogModuleManager: Shutting down and abandoning module Android_ASTCTargetPlatform (83)
[2017.08.01-10.48.03:225][  1]LogModuleManager: Shutting down and abandoning module AndroidTargetPlatform (81)
[2017.08.01-10.48.03:225][  1]LogModuleManager: Shutting down and abandoning module WindowsTargetPlatform (79)
[2017.08.01-10.48.03:225][  1]LogModuleManager: Shutting down and abandoning module WindowsServerTargetPlatform (77)
[2017.08.01-10.48.03:225][  1]LogModuleManager: Shutting down and abandoning module WindowsNoEditorTargetPlatform (75)
[2017.08.01-10.48.03:225][  1]LogModuleManager: Shutting down and abandoning module WindowsClientTargetPlatform (73)
[2017.08.01-10.48.03:225][  1]LogModuleManager: Shutting down and abandoning module MacTargetPlatform (71)
[2017.08.01-10.48.03:225][  1]LogModuleManager: Shutting down and abandoning module MacServerTargetPlatform (69)
[2017.08.01-10.48.03:225][  1]LogModuleManager: Shutting down and abandoning module MacNoEditorTargetPlatform (67)
[2017.08.01-10.48.03:225][  1]LogModuleManager: Shutting down and abandoning module MacClientTargetPlatform (65)
[2017.08.01-10.48.03:225][  1]LogModuleManager: Shutting down and abandoning module AllDesktopTargetPlatform (63)
[2017.08.01-10.48.03:225][  1]LogModuleManager: Shutting down and abandoning module InputCore (60)
[2017.08.01-10.48.03:225][  1]LogModuleManager: Shutting down and abandoning module Settings (58)
[2017.08.01-10.48.03:225][  1]LogModuleManager: Shutting down and abandoning module OculusRift (56)
[2017.08.01-10.48.03:225][  1]LogModuleManager: Shutting down and abandoning module GearVRController (54)
[2017.08.01-10.48.03:225][  1]LogModuleManager: Shutting down and abandoning module GearVR (52)
[2017.08.01-10.48.03:225][  1]LogModuleManager: Shutting down and abandoning module ExampleDeviceProfileSelector (50)
[2017.08.01-10.48.03:225][  1]LogModuleManager: Shutting down and abandoning module OnlineBlueprintSupport (48)
[2017.08.01-10.48.03:225][  1]LogModuleManager: Shutting down and abandoning module OnlineSubsystem (44)
[2017.08.01-10.48.03:225][  1]LogOnline:Display: Unloading online subsystem: NULL
[2017.08.01-10.48.03:225][  1]LogModuleManager: Shutting down and abandoning module XMPP (43)
[2017.08.01-10.48.03:225][  1]LogModuleManager: Shutting down and abandoning module HTTP (41)
[2017.08.01-10.48.03:225][  1]LogHttp:Display: Http module shutting down, but needs to wait on 1 outstanding Http requests:
[2017.08.01-10.48.03:225][  1]LogHttp:Display: 	verb=[POST] url=[https://datarouter.ol.epicgames.com/datarouter/api/v1/public/data?SessionID=%7B01622B67-4ED3-99CF-EB9C-73A3C8F2B38C%7D&AppID=UEEditor.Rocket.Release&AppVersion=4.16.3-3561208%2B%2B%2BUE4%2BRelease-4.16&UserID=32a42bfb41202e21c8350783fb94b89c%7C86b852545dec461b8af08b6d64091387%7C7963dc88-55e9-4c29-b569-a8162abaf90f&AppEnvironment=datacollector-binary&UploadType=eteventstream] status=Processing
[2017.08.01-10.48.03:239][  1]LogModuleManager: Shutting down and abandoning module SSL (40)
[2017.08.01-10.48.03:242][  1]LogModuleManager: Shutting down and abandoning module HTTPChunkInstaller (36)
[2017.08.01-10.48.03:242][  1]LogModuleManager: Shutting down and abandoning module AnimationModifiers (34)
[2017.08.01-10.48.03:242][  1]LogModuleManager: Shutting down and abandoning module PropertyEditor (33)
[2017.08.01-10.48.03:242][  1]LogModuleManager: Shutting down and abandoning module AudioEditor (30)
[2017.08.01-10.48.03:242][  1]LogModuleManager: Shutting down and abandoning module TextureCompressor (28)
[2017.08.01-10.48.03:242][  1]LogModuleManager: Shutting down and abandoning module ShaderCore (26)
[2017.08.01-10.48.03:242][  1]LogModuleManager: Shutting down and abandoning module Landscape (24)
[2017.08.01-10.48.03:242][  1]LogModuleManager: Shutting down and abandoning module SlateRHIRenderer (22)
[2017.08.01-10.48.03:244][  1]LogModuleManager: Shutting down and abandoning module OpenGLDrv (20)
[2017.08.01-10.48.03:244][  1]LogModuleManager: Shutting down and abandoning module D3D11RHI (18)
[2017.08.01-10.48.03:244][  1]LogModuleManager: Shutting down and abandoning module AnimGraphRuntime (16)
[2017.08.01-10.48.03:244][  1]LogModuleManager: Shutting down and abandoning module Renderer (14)
[2017.08.01-10.48.03:244][  1]LogModuleManager: Shutting down and abandoning module Engine (12)
[2017.08.01-10.48.03:244][  1]LogModuleManager: Shutting down and abandoning module CoreUObject (10)
[2017.08.01-10.48.03:244][  1]LogModuleManager: Shutting down and abandoning module NetworkFile (8)
[2017.08.01-10.48.03:244][  1]LogModuleManager: Shutting down and abandoning module StreamingFile (6)
[2017.08.01-10.48.03:244][  1]LogModuleManager: Shutting down and abandoning module SandboxFile (4)
[2017.08.01-10.48.03:244][  1]LogModuleManager: Shutting down and abandoning module PakFile (2)
[2017.08.01-10.48.03:250][  1]LogExit: Exiting.
[2017.08.01-10.48.03:269][  1]Log file closed, 08/01/17 16:18:03
