Log file open, 08/08/17 15:44:20
LogInit:Display: Running engine for game: PreSaleFrameWork
LogPlatformFile: Not using cached read wrapper
LogInit:Display: RandInit(-1379438878) SRandInit(-1379438878).
LogTaskGraph: Started task graph with 5 named threads and 16 total threads with 1 sets of task threads.
LogStats: Stats thread started at 0.186791
LogInit: Using libcurl 7.47.1
LogInit:  - built for x86_64-pc-win32
LogInit:  - supports SSL with OpenSSL/1.0.2g
LogInit:  - supports HTTP deflate (compression) using libz 1.2.8
LogInit:  - other features:
LogInit:      CURL_VERSION_SSL
LogInit:      CURL_VERSION_LIBZ
LogInit:      CURL_VERSION_IPV6
LogInit:      CURL_VERSION_ASYNCHDNS
LogInit:      CURL_VERSION_LARGEFILE
LogInit:      CURL_VERSION_IDN
LogInit:  CurlRequestOptions (configurable via config and command line):
LogInit:  - bVerifyPeer = false  - Libcurl will NOT verify peer certificate
LogInit:  - bUseHttpProxy = false  - Libcurl will NOT use HTTP proxy
LogInit:  - bDontReuseConnections = false  - Libcurl will reuse connections
LogInit:  - CertBundlePath = nullptr  - Libcurl will use whatever was configured at build time.
LogInit: Build: ++UE4+Release-4.16-CL-3561208
LogInit: Engine Version: 4.16.3-3561208+++UE4+Release-4.16
LogInit: Compatible Engine Version: 4.16.0-3452394+++UE4+Release-4.16
LogInit: Net CL: 3452394
LogDevObjectVersion: Number of dev versions registered: 16
LogDevObjectVersion:   Dev-Blueprints (B0D832E4-1F89-4F0D-ACCF-7EB736FD4AA2): 9
LogDevObjectVersion:   Dev-Build (E1C64328-A22C-4D53-A36C-8E866417BD8C): 0
LogDevObjectVersion:   Dev-Core (375EC13C-06E4-48FB-B500-84F0262A717E): 2
LogDevObjectVersion:   Dev-Editor (E4B068ED-F494-42E9-A231-DA0B2E46BB41): 17
LogDevObjectVersion:   Dev-Framework (CFFC743F-43B0-4480-9391-14DF171D2073): 23
LogDevObjectVersion:   Dev-Mobile (B02B49B5-BB20-44E9-A304-32B752E40360): 0
LogDevObjectVersion:   Dev-Networking (A4E4105C-59A1-49B5-A7C5-40C4547EDFEE): 0
LogDevObjectVersion:   Dev-Online (39C831C9-5AE6-47DC-9A44-9C173E1C8E7C): 0
LogDevObjectVersion:   Dev-Physics (78F01B33-EBEA-4F98-B9B4-84EACCB95AA2): 0
LogDevObjectVersion:   Dev-Platform (6631380F-2D4D-43E0-8009-CF276956A95A): 0
LogDevObjectVersion:   Dev-Rendering (12F88B9F-8875-4AFC-A67C-D90C383ABD29): 15
LogDevObjectVersion:   Dev-Sequencer (7B5AE74C-D270-4C10-A958-57980B212A5A): 4
LogDevObjectVersion:   Dev-VR (D7296918-1DD6-4BDD-9DE2-64A83CC13884): 0
LogDevObjectVersion:   Dev-LoadTimes (C2A15278-BFE7-4AFE-6C17-90FF531DF755): 1
LogDevObjectVersion:   Private-Geometry (6EACA3D4-40EC-4CC1-B786-8BED09428FC5): 1
LogDevObjectVersion:   Dev-AnimPhys (29E575DD-E0A3-4627-9D10-D276232CDCEA): 3
LogInit: Compiled (64-bit): Jul 28 2017 11:49:47
LogInit: Compiled with Visual C++: 19.00.24215.01
LogInit: Build Configuration: Development
LogInit: Branch Name: ++UE4+Release-4.16
LogInit: Command line:  
LogInit: Base directory: C:/Program Files/Epic Games/UE_4.16/Engine/Binaries/Win64/
LogInit: Installed Engine Build: 1
LogInit: Presizing for max 8388607 objects, including 0 objects not considered by GC, pre-allocating 0 bytes for permanent pool.
LogInit: Object subsystem initialized
[2017.08.08-10.14.21:450][  0]LogInit: Selected Device Profile: [Windows]
[2017.08.08-10.14.21:450][  0]LogInit: Applying CVar settings loaded from the selected device profile: [Windows]
[2017.08.08-10.14.21:464][  0]LogInit: Computer: INTEL-PC
[2017.08.08-10.14.21:464][  0]LogInit: User: Intel
[2017.08.08-10.14.21:464][  0]LogInit: CPU Page size=4096, Cores=12
[2017.08.08-10.14.21:464][  0]LogInit: High frequency timer resolution =2.864726 MHz
[2017.08.08-10.14.21:464][  0]LogMemory: Memory total: Physical=32.0GB (32GB approx)
[2017.08.08-10.14.21:464][  0]LogMemory: Platform Memory Stats for Windows
[2017.08.08-10.14.21:464][  0]LogMemory: Process Physical Memory: 281.49 MB used, 281.49 MB peak
[2017.08.08-10.14.21:464][  0]LogMemory: Process Virtual Memory: 274.73 MB used, 274.73 MB peak
[2017.08.08-10.14.21:464][  0]LogMemory: Physical Memory: 10639.39 MB used,  22126.84 MB free, 32766.23 MB total
[2017.08.08-10.14.21:464][  0]LogMemory: Virtual Memory: 637.51 MB used,  22126.84 MB free, 8388608.00 MB total
[2017.08.08-10.14.21:593][  0]LogInit: Using OS detected language (en-US).
[2017.08.08-10.14.21:593][  0]LogInit: Using OS detected locale (en-US).
[2017.08.08-10.14.21:600][  0]LogTextLocalizationManager: No specific localization for 'en-US' exists, so the 'en' localization will be used.
[2017.08.08-10.14.22:999][  0]LogD3D11RHI: D3D11 adapters:
[2017.08.08-10.14.24:012][  0]LogD3D11RHI:    0. 'NVIDIA GeForce GTX 960' (Feature Level 11_0)
[2017.08.08-10.14.24:012][  0]LogD3D11RHI:       4011/0/16127 MB DedicatedVideo/DedicatedSystem/SharedSystem, Outputs:1, VendorId:0x10de
[2017.08.08-10.14.24:012][  0]LogD3D11RHI: Chosen D3D11 Adapter: 0
[2017.08.08-10.14.24:032][  0]LogD3D11RHI: Creating new Direct3DDevice
[2017.08.08-10.14.24:033][  0]LogD3D11RHI:     GPU DeviceId: 0x1401 (for the marketing name, search the web for "GPU Device Id")
[2017.08.08-10.14.24:033][  0]LogWindows: EnumDisplayDevices:
[2017.08.08-10.14.24:033][  0]LogWindows:    0. 'NVIDIA GeForce GTX 960' (P:1 D:1)
[2017.08.08-10.14.24:033][  0]LogWindows:    1. 'NVIDIA GeForce GTX 960' (P:0 D:0)
[2017.08.08-10.14.24:033][  0]LogWindows:    2. 'NVIDIA GeForce GTX 960' (P:0 D:0)
[2017.08.08-10.14.24:033][  0]LogWindows:    3. 'NVIDIA GeForce GTX 960' (P:0 D:0)
[2017.08.08-10.14.24:033][  0]LogWindows:    4. 'RDPDD Chained DD' (P:0 D:0)
[2017.08.08-10.14.24:033][  0]LogWindows:    5. 'RDP Encoder Mirror Driver' (P:0 D:0)
[2017.08.08-10.14.24:033][  0]LogWindows:    6. 'RDP Reflector Display Driver' (P:0 D:0)
[2017.08.08-10.14.24:034][  0]LogWindows: DebugString: GetVideoDriverDetailsInvalid PrimaryIsNotTheChoosenAdapter GetVideoDriverDetailsInvalid PrimaryIsNotTheChoosenAdapter GetVideoDriverDetailsInvalid PrimaryIsNotTheChoosenAdapter FoundDriverCount:4 
[2017.08.08-10.14.24:034][  0]LogD3D11RHI:     Adapter Name: NVIDIA GeForce GTX 960
[2017.08.08-10.14.24:034][  0]LogD3D11RHI:   Driver Version: 384.94 (internal:22.21.13.8494, unified:384.94)
[2017.08.08-10.14.24:034][  0]LogD3D11RHI:      Driver Date: 7-18-2017
[2017.08.08-10.14.24:034][  0]LogRHI: Texture pool is 1361 MB (70% of 1945 MB)
[2017.08.08-10.14.24:225][  0]LogD3D11RHI: Async texture creation enabled
[2017.08.08-10.14.24:255][  0]LogD3D11RHI: GPU Timing Frequency: 1000.000000 (Debug: 2 2)
[2017.08.08-10.14.24:304][  0]LogShaderCompilers: Guid format shader working directory is -21 characters bigger than the processId version (../../../../../../Users/Intel/Documents/GitHub/TestGItSource/Unreal/Intermediate/Shaders/WorkingDirectory/9316/).
[2017.08.08-10.14.24:305][  0]LogShaderCompilers: Cleaned the shader compiler working directory 'C:/Users/Intel/AppData/Local/Temp/UnrealShaderWorkingDir/29ECF9DA4EC6A1C6694BAEB40C602C70/'.
[2017.08.08-10.14.24:305][  0]LogShaderCompilers:Display: Using Local Shader Compiler.
[2017.08.08-10.14.25:868][  0]LogTemp:Display: Loaded TP AllDesktopTargetPlatform
[2017.08.08-10.14.25:993][  0]LogTemp:Display: Loaded TP MacClientTargetPlatform
[2017.08.08-10.14.26:105][  0]LogTemp:Display: Loaded TP MacNoEditorTargetPlatform
[2017.08.08-10.14.26:222][  0]LogTemp:Display: Loaded TP MacServerTargetPlatform
[2017.08.08-10.14.26:339][  0]LogTemp:Display: Loaded TP MacTargetPlatform
[2017.08.08-10.14.26:459][  0]LogTemp:Display: Loaded TP WindowsClientTargetPlatform
[2017.08.08-10.14.26:575][  0]LogTemp:Display: Loaded TP WindowsNoEditorTargetPlatform
[2017.08.08-10.14.26:689][  0]LogTemp:Display: Loaded TP WindowsServerTargetPlatform
[2017.08.08-10.14.26:794][  0]LogTemp:Display: Loaded TP WindowsTargetPlatform
[2017.08.08-10.14.26:926][  0]LogTemp:Display: Loaded TP AndroidTargetPlatform
[2017.08.08-10.14.27:040][  0]LogTemp:Display: Loaded TP Android_ASTCTargetPlatform
[2017.08.08-10.14.27:154][  0]LogTemp:Display: Loaded TP Android_ATCTargetPlatform
[2017.08.08-10.14.27:282][  0]LogTemp:Display: Loaded TP Android_DXTTargetPlatform
[2017.08.08-10.14.27:394][  0]LogTemp:Display: Loaded TP Android_ETC1TargetPlatform
[2017.08.08-10.14.27:505][  0]LogTemp:Display: Loaded TP Android_ETC2TargetPlatform
[2017.08.08-10.14.27:728][  0]LogTemp:Display: Loaded TP Android_MultiTargetPlatform
[2017.08.08-10.14.27:728][  0]LogTemp:Display: Loaded TP Android_PVRTCTargetPlatform
[2017.08.08-10.14.27:823][  0]LogTemp:Display: Loaded TP HTML5TargetPlatform
[2017.08.08-10.14.27:993][  0]LogTemp:Display: Loaded TP IOSTargetPlatform
[2017.08.08-10.14.28:042][  0]LogTemp:Display: Loaded TP TVOSTargetPlatform
[2017.08.08-10.14.28:151][  0]LogTemp:Display: Loaded TP LinuxClientTargetPlatform
[2017.08.08-10.14.28:272][  0]LogTemp:Display: Loaded TP LinuxNoEditorTargetPlatform
[2017.08.08-10.14.28:384][  0]LogTemp:Display: Loaded TP LinuxServerTargetPlatform
[2017.08.08-10.14.28:497][  0]LogTemp:Display: Loaded TP LinuxTargetPlatform
[2017.08.08-10.14.28:497][  0]LogTargetPlatformManager:Display: Building Assets For Windows
[2017.08.08-10.14.29:455][  0]LogDerivedDataCache:Display: Max Cache Size: 512 MB
[2017.08.08-10.14.29:607][  0]LogDerivedDataCache: Loaded boot cache 0.15s 90MB C:/Users/Intel/AppData/Local/UnrealEngine/4.16/DerivedDataCache/Boot.ddc.
[2017.08.08-10.14.29:607][  0]LogDerivedDataCache:Display: Loaded Boot cache: C:/Users/Intel/AppData/Local/UnrealEngine/4.16/DerivedDataCache/Boot.ddc
[2017.08.08-10.14.29:608][  0]LogDerivedDataCache: FDerivedDataBackendGraph:  Pak pak cache file ../../../../../../Users/Intel/Documents/GitHub/TestGItSource/Unreal/DerivedDataCache/DDC.ddp not found, will not use a pak cache.
[2017.08.08-10.14.29:608][  0]LogDerivedDataCache: Unable to find inner node Pak for hierarchical cache Hierarchy.
[2017.08.08-10.14.29:608][  0]LogDerivedDataCache: FDerivedDataBackendGraph:  CompressedPak pak cache file ../../../../../../Users/Intel/Documents/GitHub/TestGItSource/Unreal/DerivedDataCache/Compressed.ddp not found, will not use a pak cache.
[2017.08.08-10.14.29:608][  0]LogDerivedDataCache: Unable to find inner node CompressedPak for hierarchical cache Hierarchy.
[2017.08.08-10.14.29:630][  0]LogDerivedDataCache:Display: Pak cache opened for reading ../../../Engine/DerivedDataCache/Compressed.ddp.
[2017.08.08-10.14.29:648][  0]LogDerivedDataCache: Using Local data cache path C:/Users/Intel/AppData/Local/UnrealEngine/Common/DerivedDataCache: Writable
[2017.08.08-10.14.29:662][  0]LogMaterial: Verifying Global Shaders for PCD3D_SM5
[2017.08.08-10.14.29:662][  0]LogSlate: Using Freetype 2.6.0
[2017.08.08-10.14.29:664][  0]LogSlate: SlateFontCache - WITH_FREETYPE: 1, WITH_HARFBUZZ: 1
[2017.08.08-10.14.29:664][  0]LogSlate: SlateFontCache - WITH_FREETYPE: 1, WITH_HARFBUZZ: 1
[2017.08.08-10.14.30:329][  0]LogInit: Selected Device Profile: [Windows]
[2017.08.08-10.14.30:336][  0]LogContentStreaming: Texture pool size is 0.00 MB
[2017.08.08-10.14.30:753][  0]LogMeshUtilities: Using QuadricMeshReduction for automatic static mesh reduction
[2017.08.08-10.14.30:860][  0]LogSimplygon: Simplygon DLL not present - disabling.
[2017.08.08-10.14.30:974][  0]LogMeshUtilities: Using SimplygonSwarm for distributed automatic mesh merging
[2017.08.08-10.14.30:974][  0]LogMeshUtilities: No automatic skeletal mesh reduction module available
[2017.08.08-10.14.30:974][  0]LogMeshUtilities: No automatic mesh merging module available
[2017.08.08-10.14.31:828][  0]LogNetVersion: PreSaleFrameWork , NetCL: 3452394, EngineNetVer: 2, GameNetVer: 0 (Checksum: 3825140976)
[2017.08.08-10.14.31:912][  0]LogAssetRegistry: FAssetRegistry took 0.0263 seconds to start up
[2017.08.08-10.14.32:038][  0]LogPackageLocalizationCache: Processed 4 localized package path(s) for 2 prioritized culture(s) in 0.087760 seconds
[2017.08.08-10.14.32:044][  0]LogUObjectArray: 34194 objects as part of root set at end of initial load.
[2017.08.08-10.14.32:044][  0]LogUObjectAllocator: 7260416 out of 0 bytes used by permanent object pool.
[2017.08.08-10.14.32:044][  0]LogUObjectArray: CloseDisregardForGC: 0/0 objects in disregard for GC pool
[2017.08.08-10.14.32:155][  0]LogInit: WinSock: version 1.1 (2.2), MaxSocks=32767, MaxUdp=65467
[2017.08.08-10.14.37:281][  0]LogTcpMessaging: Initializing TcpMessaging bridge
[2017.08.08-10.14.37:356][  0]LogUdpMessaging: Initializing bridge on interface 0.0.0.0:0 to multicast group 230.0.0.1:6666.
[2017.08.08-10.14.38:527][  0]LogMaterial: Uniform references updated for custom material expression Custom.
[2017.08.08-10.14.39:409][  0]SourceControl: Info Source control is disabled
[2017.08.08-10.14.39:466][  0]SourceControl: Info Source control is disabled
[2017.08.08-10.14.39:576][  0]SourceControl: Info Source control is disabled
[2017.08.08-10.14.39:698][  0]SourceControl: Info Source control is disabled
[2017.08.08-10.14.41:225][  0]LogAndroidPermission: UAndroidPermissionCallbackProxy::GetInstance
[2017.08.08-10.14.41:862][  0]LogAnsel: Tried to load ../../../Engine/Plugins/Runtime/Nvidia/Ansel/Binaries/ThirdParty/AnselSDK64.dll : success=1
[2017.08.08-10.14.42:790][  0]LogEngine: Initializing Engine...
[2017.08.08-10.14.42:791][  0]LogHMD: Failed to initialize OpenVR with code 110
[2017.08.08-10.14.43:116][  0]LogStats: UGameplayTagsManager::ConstructGameplayTagTree: Construct from data asset -  0.000 s
[2017.08.08-10.14.43:116][  0]LogStats: UGameplayTagsManager::ConstructGameplayTagTree: GameplayTagTreeChangedEvent.Broadcast -  0.000 s
[2017.08.08-10.14.43:448][  0]LogAIModule: Creating AISystem for world Untitled
[2017.08.08-10.14.43:461][  0]LogInit: XAudio2 using 'DELL S2415H-4 (NVIDIA High Definition Audio)' : 2 channels at 48 kHz using 16 bits per sample (channel mask 0x3)
[2017.08.08-10.14.43:471][  0]LogInit: FAudioDevice initialized.
[2017.08.08-10.14.43:529][  0]LogDerivedDataCache: Saved boot cache 0.06s 90MB C:/Users/Intel/AppData/Local/UnrealEngine/4.16/DerivedDataCache/Boot.ddc.
[2017.08.08-10.14.43:543][  0]LogInit: Texture streaming: Enabled
[2017.08.08-10.14.43:742][  0]LogEngineSessionManager: EngineSessionManager initialized
[2017.08.08-10.14.44:289][  0]LogInit: Transaction tracking system initialized
[2017.08.08-10.14.45:127][  0]BlueprintLog: New page: Editor Load
[2017.08.08-10.14.47:361][  0]LocalizationService: Info Localization service is disabled
[2017.08.08-10.14.49:263][  0]LogConsoleResponse:Display: 
[2017.08.08-10.14.49:473][  0]LogCook:Display: Max memory allowance for cook 16384mb min free memory 0mb
[2017.08.08-10.14.49:473][  0]LogCook:Display: Mobile HDR setting 1
[2017.08.08-10.14.50:021][  0]LogFileCache: Scanning file cache for directory 'C:/Users/Intel/Documents/GitHub/TestGItSource/Unreal/Content/' took 0.01s
[2017.08.08-10.14.51:871][  0]SourceControl: Info Source control is disabled
[2017.08.08-10.14.51:872][  0]Cmd: MAP LOAD FILE="../../../../../../Users/Intel/Documents/GitHub/TestGItSource/Unreal/Content/Walkthrough.umap" TEMPLATE=0 SHOWPROGRESS=1 FEATURELEVEL=3
[2017.08.08-10.14.51:872][  0]LightingResults: New page: Lighting Build
[2017.08.08-10.14.51:974][  0]MapCheck: New page: Map Check
[2017.08.08-10.14.51:974][  0]LightingResults: New page: Lighting Build
[2017.08.08-10.14.52:582][  0]LogAIModule: Creating AISystem for world Walkthrough
[2017.08.08-10.14.52:589][  0]LogEditorServer: Finished looking for orphan Actors (0.000 secs)
[2017.08.08-10.14.52:615][  0]Cmd: MAP CHECKDEP NOCLEARLOG
[2017.08.08-10.14.52:705][  0]MapCheck: Info Map check complete: 0 Error(s), 0 Warning(s), took 90.381ms to complete.
[2017.08.08-10.14.52:705][  0]LogFileHelpers: Loading map 'Walkthrough' took 0.834
[2017.08.08-10.14.52:893][  0]LogCollectionManager: Loaded 0 collections in 0.001455 seconds
[2017.08.08-10.14.53:064][  0]LogFileCache: Scanning file cache for directory 'C:/Users/Intel/Documents/GitHub/TestGItSource/Unreal/Saved/Collections/' took 0.01s
[2017.08.08-10.14.53:064][  0]LogFileCache: Scanning file cache for directory 'C:/Users/Intel/Documents/GitHub/TestGItSource/Unreal/Content/Developers/Intel/Collections/' took 0.01s
[2017.08.08-10.14.53:064][  0]LogFileCache: Scanning file cache for directory 'C:/Users/Intel/Documents/GitHub/TestGItSource/Unreal/Content/Collections/' took 0.01s
[2017.08.08-10.14.53:064][  0]LogCollectionManager: Rebuilt the GUID cache for 0 collections in 0.000002 seconds
[2017.08.08-10.14.53:079][  0]LogContentBrowser: Native class hierarchy populated in 0.0144 seconds. Added 2329 classes and 491 folders.
[2017.08.08-10.14.53:225][  0]LogContentBrowser: Native class hierarchy updated for 'WidgetCarousel' in 0.0008 seconds. Added 0 classes and 0 folders.
[2017.08.08-10.14.53:304][  0]LogContentBrowser: Native class hierarchy updated for 'AddContentDialog' in 0.0007 seconds. Added 0 classes and 0 folders.
[2017.08.08-10.14.53:411][  0]LogContentBrowser: Native class hierarchy updated for 'SceneOutliner' in 0.0010 seconds. Added 1 classes and 2 folders.
[2017.08.08-10.14.53:544][  0]LogCrashTracker: Crashtracker disabled due to settings.
[2017.08.08-10.14.55:026][  0]LogSlate: Only BGRA pngs, bmps or icos are supported in by External Image Picker
[2017.08.08-10.14.55:083][  0]LogTemp: Executing iPhonePackager certificates Engine -bundlename com.YourCompany.PreSaleFrameWork
[2017.08.08-10.14.55:083][  0]LogTemp: CWD: C:\Program Files\Epic Games\UE_4.16\Engine\Binaries\DotNET\IOS
[2017.08.08-10.14.55:083][  0]LogTemp: Initial Dir: C:\Program Files\Epic Games\UE_4.16
[2017.08.08-10.14.55:083][  0]LogTemp: Env CWD: C:\Program Files\Epic Games\UE_4.16\Engine\Binaries\DotNET\IOS
[2017.08.08-10.14.55:083][  0]LogTemp: BranchPath = INTEL-PC/C/Program Files/Epic Games/UE_4.16/Engine/Binaries --- GameBranchPath = INTEL-PC/C/Program Files/Epic Games/UE_4.16/Engine/Binaries
[2017.08.08-10.14.55:083][  0]LogTemp: IPP ERROR: Could not find provision directory 'C:\Users\Intel\AppData\Local/Apple Computer/MobileDevice/Provisioning Profiles/'.
[2017.08.08-10.14.55:083][  0]LogSlate: Took 0.000423 seconds to synchronously load lazily loaded font '../../../Engine/Content/Slate/Fonts/Roboto-Regular.ttf' (155K)
[2017.08.08-10.14.55:086][  0]LogSlate: Took 0.000352 seconds to synchronously load lazily loaded font '../../../Engine/Content/Slate/Fonts/Roboto-Bold.ttf' (160K)
[2017.08.08-10.14.55:095][  0]LogSlate: Took 0.000441 seconds to synchronously load lazily loaded font '../../../Engine/Content/Editor/Slate/Fonts/FontAwesome.ttf' (139K)
[2017.08.08-10.14.55:243][  0]LogRenderer: Reallocating scene render targets to support 1156x548 NumSamples 1 (Frame:1).
[2017.08.08-10.14.55:307][  0]LogSlate: Took 0.000446 seconds to synchronously load lazily loaded font '../../../Engine/Content/Slate/Fonts/Roboto-Light.ttf' (159K)
[2017.08.08-10.14.55:399][  0]LogUObjectGlobals:Warning: Failed to find object 'Class None.'
[2017.08.08-10.14.55:531][  0]LogContentBrowser: Native class hierarchy updated for 'HierarchicalLODOutliner' in 0.0008 seconds. Added 1 classes and 2 folders.
[2017.08.08-10.14.55:532][  0]LogLoad: (Engine Initialization) Total time: 36.92 seconds
[2017.08.08-10.14.55:532][  0]LogLoad: (Engine Initialization) Total Blueprint compile time: 0.25 seconds
[2017.08.08-10.14.55:532][  0]LogExternalProfiler: Found external profiler: VSPerf
[2017.08.08-10.14.55:532][  0]LogExternalProfiler: Using external profiler: VSPerf
[2017.08.08-10.14.55:544][  0]LogEditorViewport: Clicking on Actor (context menu): BP_Sky_Sphere_C (Sky Sphere)
[2017.08.08-10.14.55:633][  0]LogOcInput: OculusInput pre-init called
[2017.08.08-10.14.55:633][  0]LogHMD: Starting GearVRController plugin
[2017.08.08-10.14.55:665][  0]LogContentStreaming: Texture pool size now 1000 MB
[2017.08.08-10.14.55:781][  1]LogRenderer: Reallocating scene render targets to support 1156x564 NumSamples 1 (Frame:6).
[2017.08.08-10.14.55:782][  1]LogFileCache: Retrieving MD5 hashes for directory 'C:/Users/Intel/Documents/GitHub/TestGItSource/Unreal/Content/' took 0.14s
[2017.08.08-10.14.55:791][  1]LogAssetRegistry: Asset discovery search completed in 23.9007 seconds
[2017.08.08-10.14.55:793][  1]LogCollectionManager: Rebuilt the object cache for 0 collections in 0.000001 seconds (found 0 objects)
[2017.08.08-10.14.55:793][  1]LogCollectionManager: Fixed up redirectors for 0 collections in 0.000056 seconds (updated 0 objects)
